Log file open, 04/26/22 10:52:11
LogWindows: Failed to load 'aqProf.dll' (GetLastError=126)
LogWindows: File 'aqProf.dll' does not exist
LogWindows: Failed to load 'VtuneApi.dll' (GetLastError=126)
LogWindows: File 'VtuneApi.dll' does not exist
LogWindows: Failed to load 'VtuneApi32e.dll' (GetLastError=126)
LogWindows: File 'VtuneApi32e.dll' does not exist
LogConsoleResponse: Display: Failed to find resolution value strings in scalability ini. Falling back to default.
LogConsoleResponse: Display: Failed to find resolution value strings in scalability ini. Falling back to default.
LogInit: Display: Running engine for game: LD_EA_Assignment
LogPlatformFile: Not using cached read wrapper
LogTaskGraph: Started task graph with 5 named threads and 23 total threads with 3 sets of task threads.
LogStats: Stats thread started at 0.311515
LogICUInternationalization: ICU TimeZone Detection - Raw Offset: +1:00, Platform Override: ''
LogInit: Display: Loading text-based GConfig....
LogPluginManager: Mounting plugin MeshPainting
LogPluginManager: Mounting plugin Sketchfab
LogPluginManager: Mounting plugin XGEController
LogPluginManager: Mounting plugin Paper2D
LogPluginManager: Mounting plugin EnvironmentQueryEditor
LogPluginManager: Mounting plugin AISupport
LogPluginManager: Mounting plugin LightPropagationVolume
LogPluginManager: Mounting plugin LiveLink
LogPluginManager: Mounting plugin CameraShakePreviewer
LogPluginManager: Mounting plugin GameplayCameras
LogPluginManager: Mounting plugin OodleData
LogPluginManager: Mounting plugin OodleNetwork
LogPluginManager: Mounting plugin AssetManagerEditor
LogPluginManager: Mounting plugin CryptoKeys
LogPluginManager: Mounting plugin CurveEditorTools
LogPluginManager: Mounting plugin EditorScriptingUtilities
LogPluginManager: Mounting plugin DataValidation
LogPluginManager: Mounting plugin FacialAnimation
LogPluginManager: Mounting plugin GameplayTagsEditor
LogPluginManager: Mounting plugin GeometryMode
LogPluginManager: Mounting plugin MacGraphicsSwitching
LogPluginManager: Mounting plugin MaterialAnalyzer
LogPluginManager: Mounting plugin MobileLauncherProfileWizard
LogPluginManager: Mounting plugin PluginBrowser
LogPluginManager: Mounting plugin SpeedTreeImporter
LogPluginManager: Mounting plugin AnimationSharing
LogPluginManager: Mounting plugin CLionSourceCodeAccess
LogPluginManager: Mounting plugin CodeLiteSourceCodeAccess
LogPluginManager: Mounting plugin GitSourceControl
LogPluginManager: Mounting plugin KDevelopSourceCodeAccess
LogPluginManager: Mounting plugin NullSourceCodeAccess
LogPluginManager: Mounting plugin PixWinPlugin
LogPluginManager: Mounting plugin PerforceSourceControl
LogPluginManager: Mounting plugin PlasticSourceControl
LogPluginManager: Mounting plugin PluginUtils
LogPluginManager: Mounting plugin PropertyAccessNode
LogPluginManager: Mounting plugin RiderSourceCodeAccess
LogPluginManager: Mounting plugin SubversionSourceControl
LogPluginManager: Mounting plugin TextureFormatOodle
LogPluginManager: Mounting plugin UObjectPlugin
LogPluginManager: Mounting plugin VisualStudioCodeSourceCodeAccess
LogPluginManager: Mounting plugin VisualStudioSourceCodeAccess
LogPluginManager: Mounting plugin XCodeSourceCodeAccess
LogPluginManager: Mounting plugin DatasmithContent
LogPluginManager: Mounting plugin VariantManagerContent
LogPluginManager: Mounting plugin AlembicImporter
LogPluginManager: Mounting plugin AutomationUtils
LogPluginManager: Mounting plugin BackChannel
LogPluginManager: Mounting plugin ChaosCloth
LogPluginManager: Mounting plugin ChaosClothEditor
LogPluginManager: Mounting plugin ChaosEditor
LogPluginManager: Mounting plugin ChaosSolverPlugin
LogPluginManager: Mounting plugin ChaosNiagara
LogPluginManager: Mounting plugin CharacterAI
LogPluginManager: Mounting plugin GeometryCache
LogPluginManager: Mounting plugin GeometryCollectionPlugin
LogPluginManager: Mounting plugin GeometryProcessing
LogPluginManager: Mounting plugin MotoSynth
LogPluginManager: Mounting plugin PlanarCut
LogPluginManager: Mounting plugin ProxyLODPlugin
LogPluginManager: Mounting plugin OpenImageDenoise
LogPluginManager: Mounting plugin PythonScriptPlugin
LogPluginManager: Mounting plugin PlatformCrypto
LogPluginManager: Mounting plugin SkeletalReduction
LogPluginManager: Mounting plugin LuminPlatformFeatures
LogPluginManager: Mounting plugin Niagara
LogPluginManager: Mounting plugin MagicLeap
LogPluginManager: Mounting plugin MagicLeapLightEstimation
LogPluginManager: Mounting plugin MagicLeapMedia
LogPluginManager: Mounting plugin MagicLeapPassableWorld
LogPluginManager: Mounting plugin MLSDK
LogPluginManager: Mounting plugin AndroidMedia
LogPluginManager: Mounting plugin AvfMedia
LogPluginManager: Mounting plugin MediaCompositing
LogPluginManager: Mounting plugin ImgMedia
LogPluginManager: Mounting plugin MediaPlayerEditor
LogPluginManager: Mounting plugin WebMMedia
LogPluginManager: Mounting plugin WmfMedia
LogPluginManager: Mounting plugin ActorSequence
LogPluginManager: Mounting plugin UdpMessaging
LogPluginManager: Mounting plugin TcpMessaging
LogPluginManager: Mounting plugin LevelSequenceEditor
LogPluginManager: Mounting plugin MatineeToLevelSequence
LogPluginManager: Mounting plugin TemplateSequence
LogPluginManager: Mounting plugin OnlineSubsystem
LogPluginManager: Mounting plugin OnlineSubsystemNull
LogPluginManager: Mounting plugin OnlineSubsystemUtils
LogPluginManager: Mounting plugin LauncherChunkInstaller
LogPluginManager: Mounting plugin ActorLayerUtilities
LogPluginManager: Mounting plugin AndroidMoviePlayer
LogPluginManager: Mounting plugin AndroidDeviceProfileSelector
LogPluginManager: Mounting plugin AndroidPermission
LogPluginManager: Mounting plugin AppleImageUtils
LogPluginManager: Mounting plugin AppleMoviePlayer
LogPluginManager: Mounting plugin ArchVisCharacter
LogPluginManager: Mounting plugin AssetTags
LogPluginManager: Mounting plugin AudioCapture
LogPluginManager: Mounting plugin AudioSynesthesia
LogPluginManager: Mounting plugin CableComponent
LogPluginManager: Mounting plugin CustomMeshComponent
LogPluginManager: Mounting plugin ChunkDownloader
LogPluginManager: Mounting plugin ExampleDeviceProfileSelector
LogPluginManager: Mounting plugin EditableMesh
LogPluginManager: Mounting plugin GoogleCloudMessaging
LogPluginManager: Mounting plugin GooglePAD
LogPluginManager: Mounting plugin IOSDeviceProfileSelector
LogPluginManager: Mounting plugin LinuxDeviceProfileSelector
LogPluginManager: Mounting plugin LocationServicesBPLibrary
LogPluginManager: Mounting plugin MobilePatchingUtils
LogPluginManager: Mounting plugin OpenXR
LogPluginManager: Mounting plugin OpenXREyeTracker
LogPluginManager: Mounting plugin OpenXRHandTracking
LogPluginManager: Mounting plugin PhysXVehicles
LogPluginManager: Mounting plugin PostSplashScreen
LogPluginManager: Mounting plugin ProceduralMeshComponent
LogPluginManager: Mounting plugin PropertyAccessEditor
LogPluginManager: Mounting plugin RuntimePhysXCooking
LogPluginManager: Mounting plugin SignificanceManager
LogPluginManager: Mounting plugin SoundFields
LogPluginManager: Mounting plugin Synthesis
LogPluginManager: Mounting plugin WebMMoviePlayer
LogPluginManager: Mounting plugin WindowsMoviePlayer
LogPluginManager: Mounting plugin ScreenshotTools
LogPluginManager: Mounting plugin Takes
LogPluginManager: Mounting plugin ContentBrowserAssetDataSource
LogPluginManager: Mounting plugin ContentBrowserClassDataSource
LogPluginManager: Mounting plugin ContentBrowserFileDataSource
LogPluginManager: Mounting plugin OnlineSubsystemIOS
LogPluginManager: Mounting plugin OnlineSubsystemGooglePlay
LogPluginManager: Mounting plugin OculusVR
LogPluginManager: Mounting plugin SteamVR
PixWinPlugin: PIX capture plugin failed to initialize! Check that the process is launched from PIX.
LogLuminAPIImpl: Warning: MLSDK not found.  This likely means the MLSDK environment variable is not set.
LogInit: Using libcurl 7.55.1-DEV
LogInit:  - built for x86_64-pc-win32
LogInit:  - supports SSL with OpenSSL/1.1.1
LogInit:  - supports HTTP deflate (compression) using libz 1.2.8
LogInit:  - other features:
LogInit:      CURL_VERSION_SSL
LogInit:      CURL_VERSION_LIBZ
LogInit:      CURL_VERSION_IPV6
LogInit:      CURL_VERSION_ASYNCHDNS
LogInit:      CURL_VERSION_LARGEFILE
LogInit:      CURL_VERSION_IDN
LogInit:  CurlRequestOptions (configurable via config and command line):
LogInit:  - bVerifyPeer = true  - Libcurl will verify peer certificate
LogInit:  - bUseHttpProxy = false  - Libcurl will NOT use HTTP proxy
LogInit:  - bDontReuseConnections = false  - Libcurl will reuse connections
LogInit:  - MaxHostConnections = 16  - Libcurl will limit the number of connections to a host
LogInit:  - LocalHostAddr = Default
LogInit:  - BufferSize = 65536
LogOnline: OSS: Creating online subsystem instance for: NULL
LogInit: WinSock: version 1.1 (2.2), MaxSocks=32767, MaxUdp=65467
LogOnline: OSS: TryLoadSubsystemAndSetDefault: Loaded subsystem for module [NULL]
LogOculusPluginWrapper: OculusPlugin initialized successfully
LogHMD: Failed initializing OVRPlugin 1.59.0
LogInit: Build: ++UE4+Release-4.27-CL-18319896
LogInit: Engine Version: 4.27.2-18319896+++UE4+Release-4.27
LogInit: Compatible Engine Version: 4.27.0-17155196+++UE4+Release-4.27
LogInit: Net CL: 17155196
LogInit: OS: Windows 10 (Release 2009) (), CPU: Intel(R) Core(TM) i7-6820HK CPU @ 2.70GHz, GPU: NVIDIA GeForce GTX 1070
LogInit: Compiled (64-bit): Nov 30 2021 07:12:08
LogInit: Compiled with Visual C++: 19.24.28315.00
LogInit: Build Configuration: Development
LogInit: Branch Name: ++UE4+Release-4.27
LogInit: Command Line:  -EpicPortal -epicusername=XMagas -epicuserid=2b99501708e744bf8a474a19fc56635b -epiclocale=en -epicsandboxid=ue
LogInit: Base Directory: D:/Program/UE_4.27/Engine/Binaries/Win64/
LogInit: Allocator: TBB
LogInit: Installed Engine Build: 1
LogDevObjectVersion: Number of dev versions registered: 29
LogDevObjectVersion:   Dev-Blueprints (B0D832E4-1F89-4F0D-ACCF-7EB736FD4AA2): 10
LogDevObjectVersion:   Dev-Build (E1C64328-A22C-4D53-A36C-8E866417BD8C): 0
LogDevObjectVersion:   Dev-Core (375EC13C-06E4-48FB-B500-84F0262A717E): 4
LogDevObjectVersion:   Dev-Editor (E4B068ED-F494-42E9-A231-DA0B2E46BB41): 40
LogDevObjectVersion:   Dev-Framework (CFFC743F-43B0-4480-9391-14DF171D2073): 37
LogDevObjectVersion:   Dev-Mobile (B02B49B5-BB20-44E9-A304-32B752E40360): 3
LogDevObjectVersion:   Dev-Networking (A4E4105C-59A1-49B5-A7C5-40C4547EDFEE): 0
LogDevObjectVersion:   Dev-Online (39C831C9-5AE6-47DC-9A44-9C173E1C8E7C): 0
LogDevObjectVersion:   Dev-Physics (78F01B33-EBEA-4F98-B9B4-84EACCB95AA2): 14
LogDevObjectVersion:   Dev-Platform (6631380F-2D4D-43E0-8009-CF276956A95A): 0
LogDevObjectVersion:   Dev-Rendering (12F88B9F-8875-4AFC-A67C-D90C383ABD29): 45
LogDevObjectVersion:   Dev-Sequencer (7B5AE74C-D270-4C10-A958-57980B212A5A): 13
LogDevObjectVersion:   Dev-VR (D7296918-1DD6-4BDD-9DE2-64A83CC13884): 3
LogDevObjectVersion:   Dev-LoadTimes (C2A15278-BFE7-4AFE-6C17-90FF531DF755): 1
LogDevObjectVersion:   Private-Geometry (6EACA3D4-40EC-4CC1-B786-8BED09428FC5): 3
LogDevObjectVersion:   Dev-AnimPhys (29E575DD-E0A3-4627-9D10-D276232CDCEA): 17
LogDevObjectVersion:   Dev-Anim (AF43A65D-7FD3-4947-9873-3E8ED9C1BB05): 15
LogDevObjectVersion:   Dev-ReflectionCapture (6B266CEC-1EC7-4B8F-A30B-E4D90942FC07): 1
LogDevObjectVersion:   Dev-Automation (0DF73D61-A23F-47EA-B727-89E90C41499A): 1
LogDevObjectVersion:   FortniteMain (601D1886-AC64-4F84-AA16-D3DE0DEAC7D6): 47
LogDevObjectVersion:   FortniteRelease (E7086368-6B23-4C58-8439-1B7016265E91): 1
LogDevObjectVersion:   Dev-Enterprise (9DFFBCD6-494F-0158-E221-12823C92A888): 10
LogDevObjectVersion:   Dev-Niagara (F2AED0AC-9AFE-416F-8664-AA7FFA26D6FC): 1
LogDevObjectVersion:   Dev-Destruction (174F1F0B-B4C6-45A5-B13F-2EE8D0FB917D): 10
LogDevObjectVersion:   Dev-Physics-Ext (35F94A83-E258-406C-A318-09F59610247C): 41
LogDevObjectVersion:   Dev-PhysicsMaterial-Chaos (B68FC16E-8B1B-42E2-B453-215C058844FE): 1
LogDevObjectVersion:   Dev-CineCamera (B2E18506-4273-CFC2-A54E-F4BB758BBA07): 1
LogDevObjectVersion:   Dev-VirtualProduction (64F58936-FD1B-42BA-BA96-7289D5D0FA4E): 1
LogDevObjectVersion:   Dev-MediaFramework (6F0ED827-A609-4895-9C91-998D90180EA4): 2
LogInit: Presizing for max 25165824 objects, including 0 objects not considered by GC, pre-allocating 0 bytes for permanent pool.
LogConfig: Applying CVar settings from Section [/Script/Engine.StreamingSettings] File [C:/Users/andre/Documents/University Stuff/Future Games/LD-EA Course/LD-EA Game/LD-EA-Assigmment/LD_EA_Assignment/Saved/Config/Windows/Engine.ini]
LogConfig: Setting CVar [[s.MinBulkDataSizeForAsyncLoading:131072]]
LogConfig: Setting CVar [[s.AsyncLoadingThreadEnabled:0]]
LogConfig: Setting CVar [[s.EventDrivenLoaderEnabled:1]]
LogConfig: Setting CVar [[s.WarnIfTimeLimitExceeded:0]]
LogConfig: Setting CVar [[s.TimeLimitExceededMultiplier:1.5]]
LogConfig: Setting CVar [[s.TimeLimitExceededMinTime:0.005]]
LogConfig: Setting CVar [[s.UseBackgroundLevelStreaming:1]]
LogConfig: Setting CVar [[s.PriorityAsyncLoadingExtraTime:15.0]]
LogConfig: Setting CVar [[s.LevelStreamingActorsUpdateTimeLimit:5.0]]
LogConfig: Setting CVar [[s.PriorityLevelStreamingActorsUpdateExtraTime:5.0]]
LogConfig: Setting CVar [[s.LevelStreamingComponentsRegistrationGranularity:10]]
LogConfig: Setting CVar [[s.UnregisterComponentsTimeLimit:1.0]]
LogConfig: Setting CVar [[s.LevelStreamingComponentsUnregistrationGranularity:5]]
LogConfig: Setting CVar [[s.FlushStreamingOnExit:1]]
LogInit: Object subsystem initialized
LogConfig: Setting CVar [[con.DebugEarlyDefault:1]]
LogConfig: Setting CVar [[r.setres:1280x720]]
[2022.04.26-08.52.12:418][  0]LogConfig: Setting CVar [[r.VSync:0]]
[2022.04.26-08.52.12:418][  0]LogConfig: Setting CVar [[r.RHICmdBypass:0]]
[2022.04.26-08.52.12:419][  0]LogConfig: Applying CVar settings from Section [/Script/Engine.RendererSettings] File [C:/Users/andre/Documents/University Stuff/Future Games/LD-EA Course/LD-EA Game/LD-EA-Assigmment/LD_EA_Assignment/Saved/Config/Windows/Engine.ini]
[2022.04.26-08.52.12:419][  0]LogConfig: Setting CVar [[r.GPUCrashDebugging:0]]
[2022.04.26-08.52.12:419][  0]LogConfig: Applying CVar settings from Section [/Script/Engine.RendererOverrideSettings] File [C:/Users/andre/Documents/University Stuff/Future Games/LD-EA Course/LD-EA Game/LD-EA-Assigmment/LD_EA_Assignment/Saved/Config/Windows/Engine.ini]
[2022.04.26-08.52.12:419][  0]LogConfig: Applying CVar settings from Section [/Script/Engine.StreamingSettings] File [C:/Users/andre/Documents/University Stuff/Future Games/LD-EA Course/LD-EA Game/LD-EA-Assigmment/LD_EA_Assignment/Saved/Config/Windows/Engine.ini]
[2022.04.26-08.52.12:419][  0]LogConfig: Setting CVar [[s.MinBulkDataSizeForAsyncLoading:131072]]
[2022.04.26-08.52.12:419][  0]LogConfig: Setting CVar [[s.AsyncLoadingThreadEnabled:0]]
[2022.04.26-08.52.12:419][  0]LogConfig: Setting CVar [[s.EventDrivenLoaderEnabled:1]]
[2022.04.26-08.52.12:419][  0]LogConfig: Setting CVar [[s.WarnIfTimeLimitExceeded:0]]
[2022.04.26-08.52.12:419][  0]LogConfig: Setting CVar [[s.TimeLimitExceededMultiplier:1.5]]
[2022.04.26-08.52.12:419][  0]LogConfig: Setting CVar [[s.TimeLimitExceededMinTime:0.005]]
[2022.04.26-08.52.12:419][  0]LogConfig: Setting CVar [[s.UseBackgroundLevelStreaming:1]]
[2022.04.26-08.52.12:419][  0]LogConfig: Setting CVar [[s.PriorityAsyncLoadingExtraTime:15.0]]
[2022.04.26-08.52.12:419][  0]LogConfig: Setting CVar [[s.LevelStreamingActorsUpdateTimeLimit:5.0]]
[2022.04.26-08.52.12:419][  0]LogConfig: Setting CVar [[s.PriorityLevelStreamingActorsUpdateExtraTime:5.0]]
[2022.04.26-08.52.12:419][  0]LogConfig: Setting CVar [[s.LevelStreamingComponentsRegistrationGranularity:10]]
[2022.04.26-08.52.12:419][  0]LogConfig: Setting CVar [[s.UnregisterComponentsTimeLimit:1.0]]
[2022.04.26-08.52.12:419][  0]LogConfig: Setting CVar [[s.LevelStreamingComponentsUnregistrationGranularity:5]]
[2022.04.26-08.52.12:419][  0]LogConfig: Setting CVar [[s.FlushStreamingOnExit:1]]
[2022.04.26-08.52.12:419][  0]LogConfig: Applying CVar settings from Section [/Script/Engine.GarbageCollectionSettings] File [C:/Users/andre/Documents/University Stuff/Future Games/LD-EA Course/LD-EA Game/LD-EA-Assigmment/LD_EA_Assignment/Saved/Config/Windows/Engine.ini]
[2022.04.26-08.52.12:419][  0]LogConfig: Setting CVar [[gc.MaxObjectsNotConsideredByGC:1]]
[2022.04.26-08.52.12:419][  0]LogConfig: Setting CVar [[gc.SizeOfPermanentObjectPool:0]]
[2022.04.26-08.52.12:419][  0]LogConfig: Setting CVar [[gc.FlushStreamingOnGC:0]]
[2022.04.26-08.52.12:419][  0]LogConfig: Setting CVar [[gc.NumRetriesBeforeForcingGC:10]]
[2022.04.26-08.52.12:419][  0]LogConfig: Setting CVar [[gc.AllowParallelGC:1]]
[2022.04.26-08.52.12:419][  0]LogConfig: Setting CVar [[gc.TimeBetweenPurgingPendingKillObjects:61.1]]
[2022.04.26-08.52.12:419][  0]LogConfig: Setting CVar [[gc.MaxObjectsInEditor:25165824]]
[2022.04.26-08.52.12:419][  0]LogConfig: Setting CVar [[gc.IncrementalBeginDestroyEnabled:1]]
[2022.04.26-08.52.12:419][  0]LogConfig: Setting CVar [[gc.CreateGCClusters:1]]
[2022.04.26-08.52.12:419][  0]LogConfig: Setting CVar [[gc.MinGCClusterSize:5]]
[2022.04.26-08.52.12:419][  0]LogConfig: Setting CVar [[gc.ActorClusteringEnabled:0]]
[2022.04.26-08.52.12:419][  0]LogConfig: Setting CVar [[gc.BlueprintClusteringEnabled:0]]
[2022.04.26-08.52.12:419][  0]LogConfig: Setting CVar [[gc.UseDisregardForGCOnDedicatedServers:0]]
[2022.04.26-08.52.12:419][  0]LogConfig: Setting CVar [[gc.MultithreadedDestructionEnabled:1]]
[2022.04.26-08.52.12:419][  0]LogConfig: Applying CVar settings from Section [/Script/Engine.NetworkSettings] File [C:/Users/andre/Documents/University Stuff/Future Games/LD-EA Course/LD-EA Game/LD-EA-Assigmment/LD_EA_Assignment/Saved/Config/Windows/Engine.ini]
[2022.04.26-08.52.12:419][  0]LogConfig: Applying CVar settings from Section [/Script/UnrealEd.CookerSettings] File [C:/Users/andre/Documents/University Stuff/Future Games/LD-EA Course/LD-EA Game/LD-EA-Assigmment/LD_EA_Assignment/Saved/Config/Windows/Engine.ini]
[2022.04.26-08.52.12:465][  0]LogConfig: Applying CVar settings from Section [ViewDistanceQuality@3] File [C:/Users/andre/Documents/University Stuff/Future Games/LD-EA Course/LD-EA Game/LD-EA-Assigmment/LD_EA_Assignment/Saved/Config/Windows/Scalability.ini]
[2022.04.26-08.52.12:465][  0]LogConfig: Setting CVar [[r.SkeletalMeshLODBias:0]]
[2022.04.26-08.52.12:465][  0]LogConfig: Setting CVar [[r.ViewDistanceScale:1.0]]
[2022.04.26-08.52.12:465][  0]LogConfig: Applying CVar settings from Section [AntiAliasingQuality@3] File [C:/Users/andre/Documents/University Stuff/Future Games/LD-EA Course/LD-EA Game/LD-EA-Assigmment/LD_EA_Assignment/Saved/Config/Windows/Scalability.ini]
[2022.04.26-08.52.12:465][  0]LogConfig: Setting CVar [[r.PostProcessAAQuality:4]]
[2022.04.26-08.52.12:465][  0]LogConfig: Applying CVar settings from Section [ShadowQuality@3] File [C:/Users/andre/Documents/University Stuff/Future Games/LD-EA Course/LD-EA Game/LD-EA-Assigmment/LD_EA_Assignment/Saved/Config/Windows/Scalability.ini]
[2022.04.26-08.52.12:465][  0]LogConfig: Setting CVar [[r.LightFunctionQuality:1]]
[2022.04.26-08.52.12:465][  0]LogConfig: Setting CVar [[r.ShadowQuality:5]]
[2022.04.26-08.52.12:465][  0]LogConfig: Setting CVar [[r.Shadow.CSM.MaxCascades:10]]
[2022.04.26-08.52.12:465][  0]LogConfig: Setting CVar [[r.Shadow.MaxResolution:2048]]
[2022.04.26-08.52.12:465][  0]LogConfig: Setting CVar [[r.Shadow.MaxCSMResolution:2048]]
[2022.04.26-08.52.12:465][  0]LogConfig: Setting CVar [[r.Shadow.RadiusThreshold:0.01]]
[2022.04.26-08.52.12:465][  0]LogConfig: Setting CVar [[r.Shadow.DistanceScale:1.0]]
[2022.04.26-08.52.12:465][  0]LogConfig: Setting CVar [[r.Shadow.CSM.TransitionScale:1.0]]
[2022.04.26-08.52.12:465][  0]LogConfig: Setting CVar [[r.Shadow.PreShadowResolutionFactor:1.0]]
[2022.04.26-08.52.12:465][  0]LogConfig: Setting CVar [[r.DistanceFieldShadowing:1]]
[2022.04.26-08.52.12:465][  0]LogConfig: Setting CVar [[r.DistanceFieldAO:1]]
[2022.04.26-08.52.12:465][  0]LogConfig: Setting CVar [[r.AOQuality:2]]
[2022.04.26-08.52.12:465][  0]LogConfig: Setting CVar [[r.VolumetricFog:1]]
[2022.04.26-08.52.12:465][  0]LogConfig: Setting CVar [[r.VolumetricFog.GridPixelSize:8]]
[2022.04.26-08.52.12:465][  0]LogConfig: Setting CVar [[r.VolumetricFog.GridSizeZ:128]]
[2022.04.26-08.52.12:465][  0]LogConfig: Setting CVar [[r.VolumetricFog.HistoryMissSupersampleCount:4]]
[2022.04.26-08.52.12:465][  0]LogConfig: Setting CVar [[r.LightMaxDrawDistanceScale:1]]
[2022.04.26-08.52.12:465][  0]LogConfig: Setting CVar [[r.CapsuleShadows:1]]
[2022.04.26-08.52.12:465][  0]LogConfig: Applying CVar settings from Section [PostProcessQuality@3] File [C:/Users/andre/Documents/University Stuff/Future Games/LD-EA Course/LD-EA Game/LD-EA-Assigmment/LD_EA_Assignment/Saved/Config/Windows/Scalability.ini]
[2022.04.26-08.52.12:465][  0]LogConfig: Setting CVar [[r.MotionBlurQuality:4]]
[2022.04.26-08.52.12:465][  0]LogConfig: Setting CVar [[r.AmbientOcclusionMipLevelFactor:0.4]]
[2022.04.26-08.52.12:465][  0]LogConfig: Setting CVar [[r.AmbientOcclusionMaxQuality:100]]
[2022.04.26-08.52.12:465][  0]LogConfig: Setting CVar [[r.AmbientOcclusionLevels:-1]]
[2022.04.26-08.52.12:465][  0]LogConfig: Setting CVar [[r.AmbientOcclusionRadiusScale:1.0]]
[2022.04.26-08.52.12:465][  0]LogConfig: Setting CVar [[r.DepthOfFieldQuality:2]]
[2022.04.26-08.52.12:465][  0]LogConfig: Setting CVar [[r.RenderTargetPoolMin:400]]
[2022.04.26-08.52.12:465][  0]LogConfig: Setting CVar [[r.LensFlareQuality:2]]
[2022.04.26-08.52.12:465][  0]LogConfig: Setting CVar [[r.SceneColorFringeQuality:1]]
[2022.04.26-08.52.12:465][  0]LogConfig: Setting CVar [[r.EyeAdaptationQuality:2]]
[2022.04.26-08.52.12:465][  0]LogConfig: Setting CVar [[r.BloomQuality:5]]
[2022.04.26-08.52.12:465][  0]LogConfig: Setting CVar [[r.FastBlurThreshold:100]]
[2022.04.26-08.52.12:465][  0]LogConfig: Setting CVar [[r.Upscale.Quality:3]]
[2022.04.26-08.52.12:466][  0]LogConfig: Setting CVar [[r.Tonemapper.GrainQuantization:1]]
[2022.04.26-08.52.12:466][  0]LogConfig: Setting CVar [[r.LightShaftQuality:1]]
[2022.04.26-08.52.12:466][  0]LogConfig: Setting CVar [[r.Filter.SizeScale:1]]
[2022.04.26-08.52.12:466][  0]LogConfig: Setting CVar [[r.Tonemapper.Quality:5]]
[2022.04.26-08.52.12:466][  0]LogConfig: Setting CVar [[r.DOF.Gather.AccumulatorQuality:1        ; higher gathering accumulator quality]]
[2022.04.26-08.52.12:466][  0]LogConfig: Setting CVar [[r.DOF.Gather.PostfilterMethod:1          ; Median3x3 postfilering method]]
[2022.04.26-08.52.12:466][  0]LogConfig: Setting CVar [[r.DOF.Gather.EnableBokehSettings:0       ; no bokeh simulation when gathering]]
[2022.04.26-08.52.12:466][  0]LogConfig: Setting CVar [[r.DOF.Gather.RingCount:4                 ; medium number of samples when gathering]]
[2022.04.26-08.52.12:466][  0]LogConfig: Setting CVar [[r.DOF.Scatter.ForegroundCompositing:1    ; additive foreground scattering]]
[2022.04.26-08.52.12:466][  0]LogConfig: Setting CVar [[r.DOF.Scatter.BackgroundCompositing:2    ; additive background scattering]]
[2022.04.26-08.52.12:466][  0]LogConfig: Setting CVar [[r.DOF.Scatter.EnableBokehSettings:1      ; bokeh simulation when scattering]]
[2022.04.26-08.52.12:466][  0]LogConfig: Setting CVar [[r.DOF.Scatter.MaxSpriteRatio:0.1         ; only a maximum of 10% of scattered bokeh]]
[2022.04.26-08.52.12:466][  0]LogConfig: Setting CVar [[r.DOF.Recombine.Quality:1                ; cheap slight out of focus]]
[2022.04.26-08.52.12:466][  0]LogConfig: Setting CVar [[r.DOF.Recombine.EnableBokehSettings:0    ; no bokeh simulation on slight out of focus]]
[2022.04.26-08.52.12:466][  0]LogConfig: Setting CVar [[r.DOF.TemporalAAQuality:1                ; more stable temporal accumulation]]
[2022.04.26-08.52.12:466][  0]LogConfig: Setting CVar [[r.DOF.Kernel.MaxForegroundRadius:0.025]]
[2022.04.26-08.52.12:466][  0]LogConfig: Setting CVar [[r.DOF.Kernel.MaxBackgroundRadius:0.025]]
[2022.04.26-08.52.12:466][  0]LogConfig: Applying CVar settings from Section [TextureQuality@3] File [C:/Users/andre/Documents/University Stuff/Future Games/LD-EA Course/LD-EA Game/LD-EA-Assigmment/LD_EA_Assignment/Saved/Config/Windows/Scalability.ini]
[2022.04.26-08.52.12:466][  0]LogConfig: Setting CVar [[r.Streaming.MipBias:0]]
[2022.04.26-08.52.12:466][  0]LogConfig: Setting CVar [[r.Streaming.AmortizeCPUToGPUCopy:0]]
[2022.04.26-08.52.12:466][  0]LogConfig: Setting CVar [[r.Streaming.MaxNumTexturesToStreamPerFrame:0]]
[2022.04.26-08.52.12:466][  0]LogConfig: Setting CVar [[r.Streaming.Boost:1]]
[2022.04.26-08.52.12:466][  0]LogConfig: Setting CVar [[r.MaxAnisotropy:8]]
[2022.04.26-08.52.12:466][  0]LogConfig: Setting CVar [[r.VT.MaxAnisotropy:8]]
[2022.04.26-08.52.12:466][  0]LogConfig: Setting CVar [[r.Streaming.LimitPoolSizeToVRAM:0]]
[2022.04.26-08.52.12:466][  0]LogConfig: Setting CVar [[r.Streaming.PoolSize:1000]]
[2022.04.26-08.52.12:466][  0]LogConfig: Setting CVar [[r.Streaming.MaxEffectiveScreenSize:0]]
[2022.04.26-08.52.12:466][  0]LogConfig: Applying CVar settings from Section [EffectsQuality@3] File [C:/Users/andre/Documents/University Stuff/Future Games/LD-EA Course/LD-EA Game/LD-EA-Assigmment/LD_EA_Assignment/Saved/Config/Windows/Scalability.ini]
[2022.04.26-08.52.12:466][  0]LogConfig: Setting CVar [[r.TranslucencyLightingVolumeDim:64]]
[2022.04.26-08.52.12:466][  0]LogConfig: Setting CVar [[r.RefractionQuality:2]]
[2022.04.26-08.52.12:466][  0]LogConfig: Setting CVar [[r.SSR.Quality:3]]
[2022.04.26-08.52.12:466][  0]LogConfig: Setting CVar [[r.SSR.HalfResSceneColor:0]]
[2022.04.26-08.52.12:466][  0]LogConfig: Setting CVar [[r.SceneColorFormat:4]]
[2022.04.26-08.52.12:466][  0]LogConfig: Setting CVar [[r.DetailMode:2]]
[2022.04.26-08.52.12:466][  0]LogConfig: Setting CVar [[r.TranslucencyVolumeBlur:1]]
[2022.04.26-08.52.12:466][  0]LogConfig: Setting CVar [[r.MaterialQualityLevel:1 ; High quality]]
[2022.04.26-08.52.12:466][  0]LogConfig: Setting CVar [[r.AnisotropicMaterials:1]]
[2022.04.26-08.52.12:466][  0]LogConfig: Setting CVar [[r.SSS.Scale:1]]
[2022.04.26-08.52.12:466][  0]LogConfig: Setting CVar [[r.SSS.SampleSet:2]]
[2022.04.26-08.52.12:466][  0]LogConfig: Setting CVar [[r.SSS.Quality:1]]
[2022.04.26-08.52.12:466][  0]LogConfig: Setting CVar [[r.SSS.HalfRes:0]]
[2022.04.26-08.52.12:466][  0]LogConfig: Setting CVar [[r.SSGI.Quality:3]]
[2022.04.26-08.52.12:466][  0]LogConfig: Setting CVar [[r.EmitterSpawnRateScale:1.0]]
[2022.04.26-08.52.12:466][  0]LogConfig: Setting CVar [[r.ParticleLightQuality:2]]
[2022.04.26-08.52.12:466][  0]LogConfig: Setting CVar [[r.SkyAtmosphere.AerialPerspectiveLUT.FastApplyOnOpaque:1 ; Always have FastSkyLUT 1 in this case to avoid wrong sky]]
[2022.04.26-08.52.12:466][  0]LogConfig: Setting CVar [[r.SkyAtmosphere.AerialPerspectiveLUT.SampleCountMaxPerSlice:4]]
[2022.04.26-08.52.12:466][  0]LogConfig: Setting CVar [[r.SkyAtmosphere.AerialPerspectiveLUT.DepthResolution:16.0]]
[2022.04.26-08.52.12:466][  0]LogConfig: Setting CVar [[r.SkyAtmosphere.FastSkyLUT:1]]
[2022.04.26-08.52.12:466][  0]LogConfig: Setting CVar [[r.SkyAtmosphere.FastSkyLUT.SampleCountMin:4.0]]
[2022.04.26-08.52.12:466][  0]LogConfig: Setting CVar [[r.SkyAtmosphere.FastSkyLUT.SampleCountMax:128.0]]
[2022.04.26-08.52.12:466][  0]LogConfig: Setting CVar [[r.SkyAtmosphere.SampleCountMin:4.0]]
[2022.04.26-08.52.12:466][  0]LogConfig: Setting CVar [[r.SkyAtmosphere.SampleCountMax:128.0]]
[2022.04.26-08.52.12:466][  0]LogConfig: Setting CVar [[r.SkyAtmosphere.TransmittanceLUT.UseSmallFormat:0]]
[2022.04.26-08.52.12:466][  0]LogConfig: Setting CVar [[r.SkyAtmosphere.TransmittanceLUT.SampleCount:10.0]]
[2022.04.26-08.52.12:466][  0]LogConfig: Setting CVar [[r.SkyAtmosphere.MultiScatteringLUT.SampleCount:15.0]]
[2022.04.26-08.52.12:466][  0]LogConfig: Setting CVar [[r.SkyLight.RealTimeReflectionCapture:1]]
[2022.04.26-08.52.12:467][  0]LogConfig: Applying CVar settings from Section [FoliageQuality@3] File [C:/Users/andre/Documents/University Stuff/Future Games/LD-EA Course/LD-EA Game/LD-EA-Assigmment/LD_EA_Assignment/Saved/Config/Windows/Scalability.ini]
[2022.04.26-08.52.12:467][  0]LogConfig: Setting CVar [[foliage.DensityScale:1.0]]
[2022.04.26-08.52.12:467][  0]LogConfig: Setting CVar [[grass.DensityScale:1.0]]
[2022.04.26-08.52.12:467][  0]LogConfig: Applying CVar settings from Section [ShadingQuality@3] File [C:/Users/andre/Documents/University Stuff/Future Games/LD-EA Course/LD-EA Game/LD-EA-Assigmment/LD_EA_Assignment/Saved/Config/Windows/Scalability.ini]
[2022.04.26-08.52.12:467][  0]LogConfig: Setting CVar [[r.HairStrands.SkyLighting.IntegrationType:2]]
[2022.04.26-08.52.12:467][  0]LogConfig: Setting CVar [[r.HairStrands.SkyAO.SampleCount:4]]
[2022.04.26-08.52.12:467][  0]LogConfig: Setting CVar [[r.HairStrands.Visibility.MSAA.SamplePerPixel:4]]
[2022.04.26-08.52.12:467][  0]LogInit: Selected Device Profile: [Windows]
[2022.04.26-08.52.12:467][  0]LogInit: Applying CVar settings loaded from the selected device profile: [Windows]
[2022.04.26-08.52.12:467][  0]LogHAL: Display: Platform has ~ 16 GB [17112489984 / 17179869184 / 16], which maps to Larger [LargestMinGB=32, LargerMinGB=12, DefaultMinGB=8, SmallerMinGB=6, SmallestMinGB=0)
[2022.04.26-08.52.12:467][  0]LogInit: Going up to parent DeviceProfile []
[2022.04.26-08.52.12:467][  0]LogConfig: Applying CVar settings from Section [ViewDistanceQuality@3] File [C:/Users/andre/Documents/University Stuff/Future Games/LD-EA Course/LD-EA Game/LD-EA-Assigmment/LD_EA_Assignment/Saved/Config/Windows/Scalability.ini]
[2022.04.26-08.52.12:467][  0]LogConfig: Setting CVar [[r.SkeletalMeshLODBias:0]]
[2022.04.26-08.52.12:467][  0]LogConfig: Setting CVar [[r.ViewDistanceScale:1.0]]
[2022.04.26-08.52.12:467][  0]LogConfig: Applying CVar settings from Section [AntiAliasingQuality@3] File [C:/Users/andre/Documents/University Stuff/Future Games/LD-EA Course/LD-EA Game/LD-EA-Assigmment/LD_EA_Assignment/Saved/Config/Windows/Scalability.ini]
[2022.04.26-08.52.12:467][  0]LogConfig: Setting CVar [[r.PostProcessAAQuality:4]]
[2022.04.26-08.52.12:467][  0]LogConfig: Applying CVar settings from Section [ShadowQuality@3] File [C:/Users/andre/Documents/University Stuff/Future Games/LD-EA Course/LD-EA Game/LD-EA-Assigmment/LD_EA_Assignment/Saved/Config/Windows/Scalability.ini]
[2022.04.26-08.52.12:467][  0]LogConfig: Setting CVar [[r.LightFunctionQuality:1]]
[2022.04.26-08.52.12:467][  0]LogConfig: Setting CVar [[r.ShadowQuality:5]]
[2022.04.26-08.52.12:467][  0]LogConfig: Setting CVar [[r.Shadow.CSM.MaxCascades:10]]
[2022.04.26-08.52.12:467][  0]LogConfig: Setting CVar [[r.Shadow.MaxResolution:2048]]
[2022.04.26-08.52.12:467][  0]LogConfig: Setting CVar [[r.Shadow.MaxCSMResolution:2048]]
[2022.04.26-08.52.12:467][  0]LogConfig: Setting CVar [[r.Shadow.RadiusThreshold:0.01]]
[2022.04.26-08.52.12:467][  0]LogConfig: Setting CVar [[r.Shadow.DistanceScale:1.0]]
[2022.04.26-08.52.12:467][  0]LogConfig: Setting CVar [[r.Shadow.CSM.TransitionScale:1.0]]
[2022.04.26-08.52.12:467][  0]LogConfig: Setting CVar [[r.Shadow.PreShadowResolutionFactor:1.0]]
[2022.04.26-08.52.12:467][  0]LogConfig: Setting CVar [[r.DistanceFieldShadowing:1]]
[2022.04.26-08.52.12:467][  0]LogConfig: Setting CVar [[r.DistanceFieldAO:1]]
[2022.04.26-08.52.12:467][  0]LogConfig: Setting CVar [[r.AOQuality:2]]
[2022.04.26-08.52.12:467][  0]LogConfig: Setting CVar [[r.VolumetricFog:1]]
[2022.04.26-08.52.12:467][  0]LogConfig: Setting CVar [[r.VolumetricFog.GridPixelSize:8]]
[2022.04.26-08.52.12:467][  0]LogConfig: Setting CVar [[r.VolumetricFog.GridSizeZ:128]]
[2022.04.26-08.52.12:467][  0]LogConfig: Setting CVar [[r.VolumetricFog.HistoryMissSupersampleCount:4]]
[2022.04.26-08.52.12:467][  0]LogConfig: Setting CVar [[r.LightMaxDrawDistanceScale:1]]
[2022.04.26-08.52.12:467][  0]LogConfig: Setting CVar [[r.CapsuleShadows:1]]
[2022.04.26-08.52.12:467][  0]LogConfig: Applying CVar settings from Section [PostProcessQuality@3] File [C:/Users/andre/Documents/University Stuff/Future Games/LD-EA Course/LD-EA Game/LD-EA-Assigmment/LD_EA_Assignment/Saved/Config/Windows/Scalability.ini]
[2022.04.26-08.52.12:467][  0]LogConfig: Setting CVar [[r.MotionBlurQuality:4]]
[2022.04.26-08.52.12:467][  0]LogConfig: Setting CVar [[r.AmbientOcclusionMipLevelFactor:0.4]]
[2022.04.26-08.52.12:467][  0]LogConfig: Setting CVar [[r.AmbientOcclusionMaxQuality:100]]
[2022.04.26-08.52.12:467][  0]LogConfig: Setting CVar [[r.AmbientOcclusionLevels:-1]]
[2022.04.26-08.52.12:467][  0]LogConfig: Setting CVar [[r.AmbientOcclusionRadiusScale:1.0]]
[2022.04.26-08.52.12:467][  0]LogConfig: Setting CVar [[r.DepthOfFieldQuality:2]]
[2022.04.26-08.52.12:467][  0]LogConfig: Setting CVar [[r.RenderTargetPoolMin:400]]
[2022.04.26-08.52.12:467][  0]LogConfig: Setting CVar [[r.LensFlareQuality:2]]
[2022.04.26-08.52.12:467][  0]LogConfig: Setting CVar [[r.SceneColorFringeQuality:1]]
[2022.04.26-08.52.12:467][  0]LogConfig: Setting CVar [[r.EyeAdaptationQuality:2]]
[2022.04.26-08.52.12:467][  0]LogConfig: Setting CVar [[r.BloomQuality:5]]
[2022.04.26-08.52.12:467][  0]LogConfig: Setting CVar [[r.FastBlurThreshold:100]]
[2022.04.26-08.52.12:467][  0]LogConfig: Setting CVar [[r.Upscale.Quality:3]]
[2022.04.26-08.52.12:467][  0]LogConfig: Setting CVar [[r.Tonemapper.GrainQuantization:1]]
[2022.04.26-08.52.12:467][  0]LogConfig: Setting CVar [[r.LightShaftQuality:1]]
[2022.04.26-08.52.12:467][  0]LogConfig: Setting CVar [[r.Filter.SizeScale:1]]
[2022.04.26-08.52.12:467][  0]LogConfig: Setting CVar [[r.Tonemapper.Quality:5]]
[2022.04.26-08.52.12:467][  0]LogConfig: Setting CVar [[r.DOF.Gather.AccumulatorQuality:1        ; higher gathering accumulator quality]]
[2022.04.26-08.52.12:467][  0]LogConfig: Setting CVar [[r.DOF.Gather.PostfilterMethod:1          ; Median3x3 postfilering method]]
[2022.04.26-08.52.12:467][  0]LogConfig: Setting CVar [[r.DOF.Gather.EnableBokehSettings:0       ; no bokeh simulation when gathering]]
[2022.04.26-08.52.12:467][  0]LogConfig: Setting CVar [[r.DOF.Gather.RingCount:4                 ; medium number of samples when gathering]]
[2022.04.26-08.52.12:468][  0]LogConfig: Setting CVar [[r.DOF.Scatter.ForegroundCompositing:1    ; additive foreground scattering]]
[2022.04.26-08.52.12:468][  0]LogConfig: Setting CVar [[r.DOF.Scatter.BackgroundCompositing:2    ; additive background scattering]]
[2022.04.26-08.52.12:468][  0]LogConfig: Setting CVar [[r.DOF.Scatter.EnableBokehSettings:1      ; bokeh simulation when scattering]]
[2022.04.26-08.52.12:468][  0]LogConfig: Setting CVar [[r.DOF.Scatter.MaxSpriteRatio:0.1         ; only a maximum of 10% of scattered bokeh]]
[2022.04.26-08.52.12:468][  0]LogConfig: Setting CVar [[r.DOF.Recombine.Quality:1                ; cheap slight out of focus]]
[2022.04.26-08.52.12:468][  0]LogConfig: Setting CVar [[r.DOF.Recombine.EnableBokehSettings:0    ; no bokeh simulation on slight out of focus]]
[2022.04.26-08.52.12:468][  0]LogConfig: Setting CVar [[r.DOF.TemporalAAQuality:1                ; more stable temporal accumulation]]
[2022.04.26-08.52.12:468][  0]LogConfig: Setting CVar [[r.DOF.Kernel.MaxForegroundRadius:0.025]]
[2022.04.26-08.52.12:468][  0]LogConfig: Setting CVar [[r.DOF.Kernel.MaxBackgroundRadius:0.025]]
[2022.04.26-08.52.12:468][  0]LogConfig: Applying CVar settings from Section [TextureQuality@3] File [C:/Users/andre/Documents/University Stuff/Future Games/LD-EA Course/LD-EA Game/LD-EA-Assigmment/LD_EA_Assignment/Saved/Config/Windows/Scalability.ini]
[2022.04.26-08.52.12:468][  0]LogConfig: Setting CVar [[r.Streaming.MipBias:0]]
[2022.04.26-08.52.12:468][  0]LogConfig: Setting CVar [[r.Streaming.AmortizeCPUToGPUCopy:0]]
[2022.04.26-08.52.12:468][  0]LogConfig: Setting CVar [[r.Streaming.MaxNumTexturesToStreamPerFrame:0]]
[2022.04.26-08.52.12:468][  0]LogConfig: Setting CVar [[r.Streaming.Boost:1]]
[2022.04.26-08.52.12:468][  0]LogConfig: Setting CVar [[r.MaxAnisotropy:8]]
[2022.04.26-08.52.12:468][  0]LogConfig: Setting CVar [[r.VT.MaxAnisotropy:8]]
[2022.04.26-08.52.12:468][  0]LogConfig: Setting CVar [[r.Streaming.LimitPoolSizeToVRAM:0]]
[2022.04.26-08.52.12:468][  0]LogConfig: Setting CVar [[r.Streaming.PoolSize:1000]]
[2022.04.26-08.52.12:468][  0]LogConfig: Setting CVar [[r.Streaming.MaxEffectiveScreenSize:0]]
[2022.04.26-08.52.12:468][  0]LogConfig: Applying CVar settings from Section [EffectsQuality@3] File [C:/Users/andre/Documents/University Stuff/Future Games/LD-EA Course/LD-EA Game/LD-EA-Assigmment/LD_EA_Assignment/Saved/Config/Windows/Scalability.ini]
[2022.04.26-08.52.12:468][  0]LogConfig: Setting CVar [[r.TranslucencyLightingVolumeDim:64]]
[2022.04.26-08.52.12:468][  0]LogConfig: Setting CVar [[r.RefractionQuality:2]]
[2022.04.26-08.52.12:468][  0]LogConfig: Setting CVar [[r.SSR.Quality:3]]
[2022.04.26-08.52.12:468][  0]LogConfig: Setting CVar [[r.SSR.HalfResSceneColor:0]]
[2022.04.26-08.52.12:468][  0]LogConfig: Setting CVar [[r.SceneColorFormat:4]]
[2022.04.26-08.52.12:468][  0]LogConfig: Setting CVar [[r.DetailMode:2]]
[2022.04.26-08.52.12:468][  0]LogConfig: Setting CVar [[r.TranslucencyVolumeBlur:1]]
[2022.04.26-08.52.12:468][  0]LogConfig: Setting CVar [[r.MaterialQualityLevel:1 ; High quality]]
[2022.04.26-08.52.12:468][  0]LogConfig: Setting CVar [[r.AnisotropicMaterials:1]]
[2022.04.26-08.52.12:468][  0]LogConfig: Setting CVar [[r.SSS.Scale:1]]
[2022.04.26-08.52.12:468][  0]LogConfig: Setting CVar [[r.SSS.SampleSet:2]]
[2022.04.26-08.52.12:468][  0]LogConfig: Setting CVar [[r.SSS.Quality:1]]
[2022.04.26-08.52.12:468][  0]LogConfig: Setting CVar [[r.SSS.HalfRes:0]]
[2022.04.26-08.52.12:468][  0]LogConfig: Setting CVar [[r.SSGI.Quality:3]]
[2022.04.26-08.52.12:468][  0]LogConfig: Setting CVar [[r.EmitterSpawnRateScale:1.0]]
[2022.04.26-08.52.12:468][  0]LogConfig: Setting CVar [[r.ParticleLightQuality:2]]
[2022.04.26-08.52.12:468][  0]LogConfig: Setting CVar [[r.SkyAtmosphere.AerialPerspectiveLUT.FastApplyOnOpaque:1 ; Always have FastSkyLUT 1 in this case to avoid wrong sky]]
[2022.04.26-08.52.12:468][  0]LogConfig: Setting CVar [[r.SkyAtmosphere.AerialPerspectiveLUT.SampleCountMaxPerSlice:4]]
[2022.04.26-08.52.12:468][  0]LogConfig: Setting CVar [[r.SkyAtmosphere.AerialPerspectiveLUT.DepthResolution:16.0]]
[2022.04.26-08.52.12:468][  0]LogConfig: Setting CVar [[r.SkyAtmosphere.FastSkyLUT:1]]
[2022.04.26-08.52.12:468][  0]LogConfig: Setting CVar [[r.SkyAtmosphere.FastSkyLUT.SampleCountMin:4.0]]
[2022.04.26-08.52.12:468][  0]LogConfig: Setting CVar [[r.SkyAtmosphere.FastSkyLUT.SampleCountMax:128.0]]
[2022.04.26-08.52.12:468][  0]LogConfig: Setting CVar [[r.SkyAtmosphere.SampleCountMin:4.0]]
[2022.04.26-08.52.12:468][  0]LogConfig: Setting CVar [[r.SkyAtmosphere.SampleCountMax:128.0]]
[2022.04.26-08.52.12:468][  0]LogConfig: Setting CVar [[r.SkyAtmosphere.TransmittanceLUT.UseSmallFormat:0]]
[2022.04.26-08.52.12:468][  0]LogConfig: Setting CVar [[r.SkyAtmosphere.TransmittanceLUT.SampleCount:10.0]]
[2022.04.26-08.52.12:468][  0]LogConfig: Setting CVar [[r.SkyAtmosphere.MultiScatteringLUT.SampleCount:15.0]]
[2022.04.26-08.52.12:468][  0]LogConfig: Setting CVar [[r.SkyLight.RealTimeReflectionCapture:1]]
[2022.04.26-08.52.12:468][  0]LogConfig: Applying CVar settings from Section [FoliageQuality@3] File [C:/Users/andre/Documents/University Stuff/Future Games/LD-EA Course/LD-EA Game/LD-EA-Assigmment/LD_EA_Assignment/Saved/Config/Windows/Scalability.ini]
[2022.04.26-08.52.12:468][  0]LogConfig: Setting CVar [[foliage.DensityScale:1.0]]
[2022.04.26-08.52.12:468][  0]LogConfig: Setting CVar [[grass.DensityScale:1.0]]
[2022.04.26-08.52.12:468][  0]LogConfig: Applying CVar settings from Section [ShadingQuality@3] File [C:/Users/andre/Documents/University Stuff/Future Games/LD-EA Course/LD-EA Game/LD-EA-Assigmment/LD_EA_Assignment/Saved/Config/Windows/Scalability.ini]
[2022.04.26-08.52.12:468][  0]LogConfig: Setting CVar [[r.HairStrands.SkyLighting.IntegrationType:2]]
[2022.04.26-08.52.12:468][  0]LogConfig: Setting CVar [[r.HairStrands.SkyAO.SampleCount:4]]
[2022.04.26-08.52.12:468][  0]LogConfig: Setting CVar [[r.HairStrands.Visibility.MSAA.SamplePerPixel:4]]
[2022.04.26-08.52.12:468][  0]LogConfig: Applying CVar settings from Section [Startup] File [../../../Engine/Config/ConsoleVariables.ini]
[2022.04.26-08.52.12:469][  0]LogConfig: Setting CVar [[net.UseAdaptiveNetUpdateFrequency:0]]
[2022.04.26-08.52.12:469][  0]LogConfig: Setting CVar [[p.chaos.AllowCreatePhysxBodies:1]]
[2022.04.26-08.52.12:469][  0]LogConfig: Setting CVar [[fx.SkipVectorVMBackendOptimizations:1]]
[2022.04.26-08.52.12:469][  0]LogConfig: Applying CVar settings from Section [ConsoleVariables] File [C:/Users/andre/Documents/University Stuff/Future Games/LD-EA Course/LD-EA Game/LD-EA-Assigmment/LD_EA_Assignment/Saved/Config/Windows/Engine.ini]
[2022.04.26-08.52.12:469][  0]LogConfig: Applying CVar settings from Section [ConsoleVariables] File [C:/Users/andre/Documents/University Stuff/Future Games/LD-EA Course/LD-EA Game/LD-EA-Assigmment/LD_EA_Assignment/Saved/Config/Windows/Editor.ini]
[2022.04.26-08.52.12:469][  0]LogInit: Computer: DESKTOP-MD12UB2
[2022.04.26-08.52.12:469][  0]LogInit: User: andre
[2022.04.26-08.52.12:469][  0]LogInit: CPU Page size=4096, Cores=4
[2022.04.26-08.52.12:469][  0]LogInit: High frequency timer resolution =10.000000 MHz
[2022.04.26-08.52.12:469][  0]LogMemory: Memory total: Physical=15.9GB (16GB approx)
[2022.04.26-08.52.12:469][  0]LogMemory: Platform Memory Stats for Windows
[2022.04.26-08.52.12:469][  0]LogMemory: Process Physical Memory: 144.31 MB used, 144.32 MB peak
[2022.04.26-08.52.12:469][  0]LogMemory: Process Virtual Memory: 114.46 MB used, 114.46 MB peak
[2022.04.26-08.52.12:469][  0]LogMemory: Physical Memory: 8924.42 MB used,  7395.32 MB free, 16319.74 MB total
[2022.04.26-08.52.12:469][  0]LogMemory: Virtual Memory: 134204928.00 MB used,  12796.77 MB free, 134217728.00 MB total
[2022.04.26-08.52.13:898][  0]LogWindows: WindowsPlatformFeatures enabled
[2022.04.26-08.52.13:964][  0]LogInit: Physics initialised using underlying interface: PhysX
[2022.04.26-08.52.13:965][  0]LogInit: Using OS detected language (sv-SE).
[2022.04.26-08.52.13:965][  0]LogInit: Using OS detected locale (en-SE).
[2022.04.26-08.52.13:968][  0]LogTextLocalizationManager: No localization for 'sv-SE' exists, so 'en' will be used for the language.
[2022.04.26-08.52.14:287][  0]LogInit: Setting process to per monitor DPI aware
[2022.04.26-08.52.14:304][  0]LogWindowsTextInputMethodSystem: Display: IME system deactivated.
[2022.04.26-08.52.14:329][  0]LogSlate: New Slate User Created.  User Index 0, Is Virtual User: 0
[2022.04.26-08.52.14:329][  0]LogSlate: Slate User Registered.  User Index 0, Is Virtual User: 0
[2022.04.26-08.52.14:638][  0]LogD3D11RHI: Loaded GFSDK_Aftermath_Lib.x64.dll
[2022.04.26-08.52.14:640][  0]LogHMD: Failed to initialize OpenVR with code 110
[2022.04.26-08.52.14:641][  0]LogD3D11RHI: D3D11 min allowed feature level: 11_0
[2022.04.26-08.52.14:641][  0]LogD3D11RHI: D3D11 max allowed feature level: 11_0
[2022.04.26-08.52.14:641][  0]LogD3D11RHI: D3D11 adapters:
[2022.04.26-08.52.14:759][  0]LogD3D11RHI:    0. 'NVIDIA GeForce GTX 1070' (Feature Level 11_0)
[2022.04.26-08.52.14:759][  0]LogD3D11RHI:       8081/0/8159 MB DedicatedVideo/DedicatedSystem/SharedSystem, Outputs:2, VendorId:0x10de
[2022.04.26-08.52.14:762][  0]LogD3D11RHI:    1. 'Microsoft Basic Render Driver' (Feature Level 11_0)
[2022.04.26-08.52.14:762][  0]LogD3D11RHI:       0/0/8159 MB DedicatedVideo/DedicatedSystem/SharedSystem, Outputs:0, VendorId:0x1414
[2022.04.26-08.52.14:762][  0]LogD3D11RHI: Chosen D3D11 Adapter:
[2022.04.26-08.52.14:762][  0]LogD3D11RHI:     Description : NVIDIA GeForce GTX 1070
[2022.04.26-08.52.14:762][  0]LogD3D11RHI:     VendorId    : 10de
[2022.04.26-08.52.14:762][  0]LogD3D11RHI:     DeviceId    : 1be1
[2022.04.26-08.52.14:762][  0]LogD3D11RHI:     SubSysId    : 13f01043
[2022.04.26-08.52.14:762][  0]LogD3D11RHI:     Revision    : 00a1
[2022.04.26-08.52.14:762][  0]LogD3D11RHI:     DedicatedVideoMemory : 8473542656 bytes
[2022.04.26-08.52.14:762][  0]LogD3D11RHI:     DedicatedSystemMemory : 0 bytes
[2022.04.26-08.52.14:762][  0]LogD3D11RHI:     SharedSystemMemory : 8556244992 bytes
[2022.04.26-08.52.14:762][  0]LogD3D11RHI:     AdapterLuid : 0 71587
[2022.04.26-08.52.14:774][  0]LogD3D11RHI: Creating new Direct3DDevice
[2022.04.26-08.52.14:774][  0]LogD3D11RHI:     GPU DeviceId: 0x1be1 (for the marketing name, search the web for "GPU Device Id")
[2022.04.26-08.52.14:775][  0]LogWindows: EnumDisplayDevices:
[2022.04.26-08.52.14:775][  0]LogWindows:    0. 'NVIDIA GeForce GTX 1070' (P:0 D:1)
[2022.04.26-08.52.14:775][  0]LogWindows:    1. 'NVIDIA GeForce GTX 1070' (P:1 D:1)
[2022.04.26-08.52.14:776][  0]LogWindows:    2. 'NVIDIA GeForce GTX 1070' (P:0 D:0)
[2022.04.26-08.52.14:776][  0]LogWindows:    3. 'NVIDIA GeForce GTX 1070' (P:0 D:0)
[2022.04.26-08.52.14:777][  0]LogWindows: DebugString: FoundDriverCount:4 
[2022.04.26-08.52.14:777][  0]LogD3D11RHI:     Adapter Name: NVIDIA GeForce GTX 1070
[2022.04.26-08.52.14:777][  0]LogD3D11RHI:   Driver Version: 512.15 (internal:30.0.15.1215, unified:512.15)
[2022.04.26-08.52.14:777][  0]LogD3D11RHI:      Driver Date: 3-17-2022
[2022.04.26-08.52.14:777][  0]LogRHI: Texture pool is 5656 MB (70% of 8081 MB)
[2022.04.26-08.52.14:777][  0]LogD3D11RHI: Creating D3DDevice using adapter:
[2022.04.26-08.52.14:777][  0]LogD3D11RHI:     Description : NVIDIA GeForce GTX 1070
[2022.04.26-08.52.14:777][  0]LogD3D11RHI:     VendorId    : 10de
[2022.04.26-08.52.14:777][  0]LogD3D11RHI:     DeviceId    : 1be1
[2022.04.26-08.52.14:777][  0]LogD3D11RHI:     SubSysId    : 13f01043
[2022.04.26-08.52.14:777][  0]LogD3D11RHI:     Revision    : 00a1
[2022.04.26-08.52.14:777][  0]LogD3D11RHI:     DedicatedVideoMemory : 8473542656 bytes
[2022.04.26-08.52.14:777][  0]LogD3D11RHI:     DedicatedSystemMemory : 0 bytes
[2022.04.26-08.52.14:777][  0]LogD3D11RHI:     SharedSystemMemory : 8556244992 bytes
[2022.04.26-08.52.14:777][  0]LogD3D11RHI:     AdapterLuid : 0 71587
[2022.04.26-08.52.14:862][  0]LogD3D11RHI: RHI has support for 64 bit atomics
[2022.04.26-08.52.14:862][  0]LogD3D11RHI: Async texture creation enabled
[2022.04.26-08.52.14:862][  0]LogD3D11RHI: Array index from any shader is supported
[2022.04.26-08.52.14:865][  0]LogD3D11RHI: HDR output is supported on display 0 (NvId: 0x80061080).
[2022.04.26-08.52.14:897][  0]LogD3D11RHI: GPU Timing Frequency: 1000.000000 (Debug: 2 1)
[2022.04.26-08.52.14:957][  0]LogRHI: GeForceNow SDK initialized: 1
[2022.04.26-08.52.15:416][  0]LogTargetPlatformManager: Display: Loaded TargetPlatform 'AllDesktop'
[2022.04.26-08.52.15:442][  0]LogTargetPlatformManager: Display: Loaded TargetPlatform 'Android'
[2022.04.26-08.52.15:442][  0]LogTargetPlatformManager: Display: Loaded TargetPlatform 'Android_ASTC'
[2022.04.26-08.52.15:442][  0]LogTargetPlatformManager: Display: Loaded TargetPlatform 'Android_DXT'
[2022.04.26-08.52.15:442][  0]LogTargetPlatformManager: Display: Loaded TargetPlatform 'Android_ETC2'
[2022.04.26-08.52.15:442][  0]LogTargetPlatformManager: Display: Loaded TargetPlatform 'AndroidClient'
[2022.04.26-08.52.15:442][  0]LogTargetPlatformManager: Display: Loaded TargetPlatform 'Android_ASTCClient'
[2022.04.26-08.52.15:442][  0]LogTargetPlatformManager: Display: Loaded TargetPlatform 'Android_DXTClient'
[2022.04.26-08.52.15:442][  0]LogTargetPlatformManager: Display: Loaded TargetPlatform 'Android_ETC2Client'
[2022.04.26-08.52.15:442][  0]LogTargetPlatformManager: Display: Loaded TargetPlatform 'Android_Multi'
[2022.04.26-08.52.15:442][  0]LogTargetPlatformManager: Display: Loaded TargetPlatform 'Android_MultiClient'
[2022.04.26-08.52.15:463][  0]LogTargetPlatformManager: Display: Loaded TargetPlatform 'IOSClient'
[2022.04.26-08.52.15:463][  0]LogTargetPlatformManager: Display: Loaded TargetPlatform 'IOS'
[2022.04.26-08.52.15:476][  0]LogTargetPlatformManager: Display: Loaded TargetPlatform 'Linux'
[2022.04.26-08.52.15:483][  0]LogTargetPlatformManager: Display: Loaded TargetPlatform 'LinuxNoEditor'
[2022.04.26-08.52.15:489][  0]LogTargetPlatformManager: Display: Loaded TargetPlatform 'LinuxClient'
[2022.04.26-08.52.15:495][  0]LogTargetPlatformManager: Display: Loaded TargetPlatform 'LinuxServer'
[2022.04.26-08.52.15:509][  0]LogTargetPlatformManager: Display: Loaded TargetPlatform 'LinuxAArch64NoEditor'
[2022.04.26-08.52.15:516][  0]LogTargetPlatformManager: Display: Loaded TargetPlatform 'LinuxAArch64Client'
[2022.04.26-08.52.15:522][  0]LogTargetPlatformManager: Display: Loaded TargetPlatform 'LinuxAArch64Server'
[2022.04.26-08.52.15:552][  0]LogTargetPlatformManager: Display: Loaded TargetPlatform 'Lumin'
[2022.04.26-08.52.15:552][  0]LogTargetPlatformManager: Display: Loaded TargetPlatform 'LuminClient'
[2022.04.26-08.52.15:563][  0]LogTargetPlatformManager: Display: Loaded TargetPlatform 'MacNoEditor'
[2022.04.26-08.52.15:569][  0]LogTargetPlatformManager: Display: Loaded TargetPlatform 'Mac'
[2022.04.26-08.52.15:575][  0]LogTargetPlatformManager: Display: Loaded TargetPlatform 'MacClient'
[2022.04.26-08.52.15:580][  0]LogTargetPlatformManager: Display: Loaded TargetPlatform 'MacServer'
[2022.04.26-08.52.15:594][  0]LogTargetPlatformManager: Display: Loaded TargetPlatform 'TVOSClient'
[2022.04.26-08.52.15:594][  0]LogTargetPlatformManager: Display: Loaded TargetPlatform 'TVOS'
[2022.04.26-08.52.15:605][  0]LogTargetPlatformManager: Display: Loaded TargetPlatform 'WindowsNoEditor'
[2022.04.26-08.52.15:610][  0]LogTargetPlatformManager: Display: Loaded TargetPlatform 'Windows'
[2022.04.26-08.52.15:617][  0]LogTargetPlatformManager: Display: Loaded TargetPlatform 'WindowsClient'
[2022.04.26-08.52.15:623][  0]LogTargetPlatformManager: Display: Loaded TargetPlatform 'WindowsServer'
[2022.04.26-08.52.15:623][  0]LogTargetPlatformManager: Display: Building Assets For Windows
[2022.04.26-08.52.15:632][  0]LogAudioDebug: Display: Lib vorbis DLL was dynamically loaded.
[2022.04.26-08.52.15:671][  0]LogTextureFormatOodle: Display: Oodle Texture 2.9.0 init RDO Off
[2022.04.26-08.52.15:719][  0]LogRendererCore: Ray tracing is disabled. Reason: r.RayTracing=0.
[2022.04.26-08.52.15:719][  0]LogShaderCompilers: Guid format shader working directory is -67 characters bigger than the processId version (C:/Users/andre/Documents/University Stuff/Future Games/LD-EA Course/LD-EA Game/LD-EA-Assigmment/LD_EA_Assignment/Intermediate/Shaders/WorkingDirectory/21536/).
[2022.04.26-08.52.15:719][  0]LogShaderCompilers: Cleaned the shader compiler working directory 'C:/Users/andre/AppData/Local/Temp/UnrealShaderWorkingDir/8E1CEF074DA768D6251A7EBA0FDC7147/'.
[2022.04.26-08.52.15:720][  0]LogXGEController: Cannot use XGE Controller as Incredibuild is not installed on this machine.
[2022.04.26-08.52.15:720][  0]LogShaderCompilers: Cannot use XGE Shader Compiler as Incredibuild is not installed on this machine.
[2022.04.26-08.52.15:720][  0]LogShaderCompilers: Display: Using Local Shader Compiler.
[2022.04.26-08.52.16:682][  0]LogDerivedDataCache: Display: Max Cache Size: 512 MB
[2022.04.26-08.52.16:770][  0]LogDerivedDataCache: Loaded boot cache 0.09s 94MB C:/Users/andre/AppData/Local/UnrealEngine/4.27/DerivedDataCache/Boot.ddc.
[2022.04.26-08.52.16:770][  0]LogDerivedDataCache: Display: Loaded Boot cache: C:/Users/andre/AppData/Local/UnrealEngine/4.27/DerivedDataCache/Boot.ddc
[2022.04.26-08.52.16:770][  0]LogDerivedDataCache: FDerivedDataBackendGraph:  Pak pak cache file C:/Users/andre/Documents/University Stuff/Future Games/LD-EA Course/LD-EA Game/LD-EA-Assigmment/LD_EA_Assignment/DerivedDataCache/DDC.ddp not found, will not use a pak cache.
[2022.04.26-08.52.16:770][  0]LogDerivedDataCache: Unable to find inner node Pak for hierarchical cache Hierarchy.
[2022.04.26-08.52.16:770][  0]LogDerivedDataCache: FDerivedDataBackendGraph:  CompressedPak pak cache file C:/Users/andre/Documents/University Stuff/Future Games/LD-EA Course/LD-EA Game/LD-EA-Assigmment/LD_EA_Assignment/DerivedDataCache/Compressed.ddp not found, will not use a pak cache.
[2022.04.26-08.52.16:770][  0]LogDerivedDataCache: Unable to find inner node CompressedPak for hierarchical cache Hierarchy.
[2022.04.26-08.52.16:791][  0]LogDerivedDataCache: Display: Pak cache opened for reading ../../../Engine/DerivedDataCache/Compressed.ddp.
[2022.04.26-08.52.16:791][  0]LogDerivedDataCache: FDerivedDataBackendGraph:  EnterprisePak pak cache file ../../../Enterprise/DerivedDataCache/Compressed.ddp not found, will not use a pak cache.
[2022.04.26-08.52.16:791][  0]LogDerivedDataCache: Unable to find inner node EnterprisePak for hierarchical cache Hierarchy.
[2022.04.26-08.52.16:797][  0]LogDerivedDataCache: Speed tests for C:/Users/andre/AppData/Local/UnrealEngine/Common/DerivedDataCache took 0.01 seconds
[2022.04.26-08.52.16:797][  0]LogDerivedDataCache: Display: Performance to C:/Users/andre/AppData/Local/UnrealEngine/Common/DerivedDataCache: Latency=0.04ms. RandomReadSpeed=1110.21MBs, RandomWriteSpeed=209.20MBs. Assigned SpeedClass 'Local'
[2022.04.26-08.52.16:798][  0]LogDerivedDataCache: Using Local data cache path C:/Users/andre/AppData/Local/UnrealEngine/Common/DerivedDataCache: Writable
[2022.04.26-08.52.16:798][  0]LogDerivedDataCache: Shared data cache path not found in *engine.ini, will not use an Shared cache.
[2022.04.26-08.52.16:798][  0]LogDerivedDataCache: Unable to find inner node Shared for hierarchical cache Hierarchy.
[2022.04.26-08.52.16:855][  0]LogSlate: Using FreeType 2.10.0
[2022.04.26-08.52.16:855][  0]LogSlate: SlateFontServices - WITH_FREETYPE: 1, WITH_HARFBUZZ: 1
[2022.04.26-08.52.16:888][  0]LogAssetRegistry: FAssetRegistry took 0.0028 seconds to start up
[2022.04.26-08.52.17:155][  0]LogInit: Selected Device Profile: [Windows]
[2022.04.26-08.52.17:155][  0]LogInit: Active device profile: [00000237127A2D00][00000237074D46C0 49] Windows
[2022.04.26-08.52.17:155][  0]LogInit: Profiles: [00000237127A2D00][00000237074D46C0 49] Windows, [0000023712765400][0000023711470980 49] WindowsNoEditor, [00000237127A1400][0000023711474C40 49] WindowsServer, [0000023712766800][0000023711478F00 49] WindowsClient, [00000237127A2700][000002371146D180 49] IOS, [0000023712765A00][000002371147D400 49] iPadAir, [00000237127A1900][00000237114856C0 49] iPadAir2, [000002371271B800][0000023711499C00 49] IPadPro, [000002371271B900][00000237114880C0 49] iPadAir3, [00000237127A0B00][0000023711490380 49] iPadAir4, [0000023712719900][000002371148C640 49] iPadMini2, [00000237127A1A00][0000023711494900 49] iPadMini3, [000002371271A400][000002371149CBC0 49] iPadMini4, [00000237127A2200][00000237114A0E80 49] iPadMini5, [000002371274F100][00000237114B1380 49] iPhone6, [000002371274F200][00000237114A53C0 49] iPodTouch6, [0000023712718700][00000237114BD8C0 49] iPhone7, [0000023712718600][0000023711481900 49] iPodTouch7, [000002371274D900][00000237114B5BC0 49] iPhone5S, [000002371271AF00][00000237114A8300 49] iPhone6Plus, [000002371274F500][00000237114B85C0 49] iPhone6S, [0000023712719700][00000237114C0880 49] iPhone6SPlus, [000002371274DC00][00000237114C4B40 49] iPhone7Plus, [000002371271AB00][00000237114C8E00 49] iPhoneSE, [000002371274E300][00000237114CD0C0 49] iPhone8, [0000023712719400][00000237114D1380 49] iPhone8Plus, [000002371274DF00][00000237114AD600 49] iPhoneX, [0000023712719100][00000237114D5880 49] iPhoneXS, [000002371274E000][00000237114DDB40 49] iPhoneXSMax, [000002371271A600][00000237134F0280 49] iPhoneXR, [000002371274E400][00000237134F4540 49] iPhone11, [000002371271AA00][00000237134F8800 49] iPhone11Pro, [000002371274F400][00000237134FCAC0 49] iPhone11ProMax, [000002371271AD00][0000023713500D80 49] iPhoneSE2, [000002371274E900][0000023713505040 49] iPhone12Mini, [0000023712719D00][0000023713509300 49] iPhone12, [000002371274C600][000002371350D5C0 49] iPhone12Pro, [0000023712719C00][00000237114D9840 49] iPhone12ProMax, [000002371274FB00][0000023713511AC0 49] iPadPro105, [000002371271B200][0000023713518200 49] iPadPro129, [000002371274CA00][000002371351C4C0 49] iPadPro97, [0000023712719300][0000023713520780 49] iPadPro2_129, [000002371274DA00][0000023713524A40 49] iPad5, [0000023712719B00][0000023713528D00 49] iPad6, [000002371274FD00][000002371352CFC0 49] iPad7, [0000023712718B00][0000023713531280 49] iPad8, [000002371274DD00][0000023713535540 49] iPadPro11, [000002371271B300][0000023713539800 49] iPadPro2_11, [000002371274D300][0000023713515A80 49] iPadPro3_129, [0000023712718500][000002371353C180 49] iPadPro4_129, [000002371274F600][0000023713544440 49] AppleTV, [00000237127F0900][0000023713548700 49] AppleTV4K, [0000023712766A00][000002371354C9C0 49] TVOS, [00000237127F1900][0000023713550C80 49] Mac, [0000023712764B00][0000023713554F40 49] MacClient, [00000237127F0C00][0000023713559200 49] MacNoEditor, [0000023712766000][000002371355D4C0 49] MacServer, [00000237127F1200][0000023713561780 49] Linux, [0000023712767A00][0000023713565A40 49] LinuxAArch64, [00000237127F1700][0000023713540140 49] LinuxNoEditor, [0000023712766500][00000237135683C0 49] LinuxAArch64NoEditor, [00000237127F0500][0000023713570680 49] LinuxClient, [0000023712764800][0000023713574940 49] LinuxAArch64Client, [00000237127F0F00][0000023713578C00 49] LinuxServer, [0000023712765C00][000002371357CEC0 49] LinuxAArch64Server, [00000237127F0200][0000023713581180 49] Android, [0000023712765300][0000023713585440 49] Android_Low, [00000237127F1C00][0000023713589700 49] Android_Mid, [0000023712764A00][000002371358D9C0 49] Android_High, [00000237127F1000][0000023713590100 49] Android_Default, [0000023712766C00][000002371356C380 49] Android_Adreno4xx, [0000023712719600][0000023713594600 49] Android_Adreno5xx_Low, [0000023712766F00][000002371359C8C0 49] Android_Adreno5xx, [0000023712718100][00000237135A0B80 49] Android_Adreno6xx, [0000023712764E00][00000237135A4E40 49] Android_Adreno6xx_Vulkan, [0000023712719500][00000237135A9100 49] Android_Mali_T6xx, [0000023712765800][00000237135F93C0 49] Android_Mali_T7xx, [0000023712719A00][0000023713601680 49] Android_Mali_T8xx, [0000023712765700][0000023713605940 49] Android_Mali_G71, [0000023712719E00][0000023713609C00 49] Android_Mali_G72, [0000023712765100][000002371360C340 49] Android_Mali_G72_Vulkan, [0000023712718300][00000237135985C0 49] Android_Mali_G76, [0000023712765500][0000023713610840 49] Android_Mali_G76_Vulkan, [000002371271A500][0000023713618B00 49] Android_Mali_G77, [0000023712765D00][000002371361CDC0 49] Android_Mali_G77_Vulkan, [000002371271B500][0000023713621080 49] Android_Mali_G78, [0000023712767D00][0000023713625340 49] Android_Mali_G78_Vulkan, [0000023712718800][0000023713629600 49] Android_Mali_G710, [0000023712764300][000002371362D8C0 49] Android_Mali_G710_Vulkan, [000002371271B000][0000023713631B80 49] Android_Vulkan_SM5, [0000023712765F00][00000237136342C0 49] Android_PowerVR_G6xxx, [000002371271A200][0000023713638580 49] Android_PowerVR_GT7xxx, [0000023712767700][0000023713614800 49] Android_PowerVR_GE8xxx, [0000023712718400][0000023713640AC0 49] Android_PowerVR_GM9xxx, [0000023712764D00][0000023713644D80 49] Android_PowerVR_GM9xxx_Vulkan, [000002371271B400][0000023713649040 49] Android_TegraK1, [0000023712765900][000002371364D300 49] Android_Unknown_Vulkan, [000002371271BD00][00000237136515C0 49] Lumin, [0000023712766900][0000023713655880 49] Lumin_Desktop, [0000023712718F00][0000023713659B40 49] HoloLens, 
[2022.04.26-08.52.17:310][  0]LogMeshReduction: Using QuadricMeshReduction for automatic static mesh reduction
[2022.04.26-08.52.17:310][  0]LogMeshReduction: Using SimplygonMeshReduction for automatic skeletal mesh reduction
[2022.04.26-08.52.17:310][  0]LogMeshReduction: Using ProxyLODMeshReduction for automatic mesh merging
[2022.04.26-08.52.17:310][  0]LogMeshReduction: No distributed automatic mesh merging module available
[2022.04.26-08.52.17:310][  0]LogMeshMerging: No distributed automatic mesh merging module available
[2022.04.26-08.52.17:333][  0]LogNetVersion: LD_EA_Assignment 1.0.0, NetCL: 17155196, EngineNetVer: 17, GameNetVer: 0 (Checksum: 1785981833)
[2022.04.26-08.52.17:847][  0]LogTexture: Default maximum texture size for cubemaps generated from long-lat sources has been changed from 512 to unlimited. In order to preserve old behaiour for '/Engine/MapTemplates/Sky/DaylightAmbientCubemap.DaylightAmbientCubemap', its maximum texture size has been explicitly set to 512.
[2022.04.26-08.52.17:924][  0]LogHMD: PokeAHoleMaterial loaded successfully
[2022.04.26-08.52.17:930][  0]LogUObjectArray: 17178 objects as part of root set at end of initial load.
[2022.04.26-08.52.17:931][  0]LogUObjectAllocator: 4302048 out of 0 bytes used by permanent object pool.
[2022.04.26-08.52.17:931][  0]LogUObjectArray: CloseDisregardForGC: 0/0 objects in disregard for GC pool
[2022.04.26-08.52.18:226][  0]LogPython: Using Python 3.7.7
[2022.04.26-08.52.18:914][  0]LogNiagaraDebuggerClient: Niagara Debugger Client Initialized | Session: DD7EC1C74C6085ECEBE04FBD1F06BF34 | Instance: 126887244B722FAB85F379A829A31351 (DESKTOP-MD12UB2-21536).
[2022.04.26-08.52.19:131][  0]LogUdpMessaging: Initializing bridge on interface 0.0.0.0:0 to multicast group 230.0.0.1:6666.
[2022.04.26-08.52.19:138][  0]LogTcpMessaging: Initializing TcpMessaging bridge
[2022.04.26-08.52.19:191][  0]LogConsoleManager: Warning: Console object named 'MaterialBaking.UseMaterialProxyCaching' already exists but is being registered again, but we weren't expected it to be! (FConsoleManager::AddConsoleObject)
[2022.04.26-08.52.19:191][  0]LogConsoleManager: Warning: Console object named 'MaterialBaking.SaveIntermediateTextures' already exists but is being registered again, but we weren't expected it to be! (FConsoleManager::AddConsoleObject)
[2022.04.26-08.52.19:412][  0]SourceControl: Source control is disabled
[2022.04.26-08.52.19:412][  0]SourceControl: Source control is disabled
[2022.04.26-08.52.19:417][  0]SourceControl: Source control is disabled
[2022.04.26-08.52.19:420][  0]SourceControl: Source control is disabled
[2022.04.26-08.52.19:431][  0]SourceControl: Source control is disabled
[2022.04.26-08.52.19:439][  0]LogUProjectInfo: Found projects:
[2022.04.26-08.52.19:628][  0]LogOpenImageDenoise: OIDN starting up
[2022.04.26-08.52.19:693][  0]LogAndroidPermission: UAndroidPermissionCallbackProxy::GetInstance
[2022.04.26-08.52.19:726][  0]LogAudioCaptureCore: Display: No Audio Capture implementations found. Audio input will be silent.
[2022.04.26-08.52.19:726][  0]LogAudioCaptureCore: Display: No Audio Capture implementations found. Audio input will be silent.
[2022.04.26-08.52.19:887][  0]LogCollectionManager: Loaded 0 collections in 0.000866 seconds
[2022.04.26-08.52.19:917][  0]LogFileCache: Scanning file cache for directory 'C:/Users/andre/Documents/University Stuff/Future Games/LD-EA Course/LD-EA Game/LD-EA-Assigmment/LD_EA_Assignment/Saved/Collections/' took 0.00s
[2022.04.26-08.52.19:917][  0]LogFileCache: Scanning file cache for directory 'C:/Users/andre/Documents/University Stuff/Future Games/LD-EA Course/LD-EA Game/LD-EA-Assigmment/LD_EA_Assignment/Content/Developers/andre/Collections/' took 0.00s
[2022.04.26-08.52.19:917][  0]LogFileCache: Scanning file cache for directory 'C:/Users/andre/Documents/University Stuff/Future Games/LD-EA Course/LD-EA Game/LD-EA-Assigmment/LD_EA_Assignment/Content/Collections/' took 0.00s
[2022.04.26-08.52.19:917][  0]LogOcInput: OculusInput pre-init called
[2022.04.26-08.52.20:212][  0]LogClass: Warning: ObjectProperty FGLTFImportContext::Parent is not initialized properly. Module:SketchfabGLTF File:Private/SKGLTFImporter.h
[2022.04.26-08.52.20:212][  0]LogClass: Warning: ObjectProperty FGLTFImportContext::ImportOptions is not initialized properly. Module:SketchfabGLTF File:Private/SKGLTFImporter.h
[2022.04.26-08.52.20:212][  0]LogClass: Warning: ObjectProperty FGLTFImportContext::PrimResolver is not initialized properly. Module:SketchfabGLTF File:Private/SKGLTFImporter.h
[2022.04.26-08.52.20:213][  0]LogClass: Display: 3 Uninitialized script struct members found including 3 object properties
[2022.04.26-08.52.20:213][  0]LogAutomationTest: Warning: ObjectProperty FGLTFImportContext::Parent is not initialized properly. Module:SketchfabGLTF File:Private/SKGLTFImporter.h
[2022.04.26-08.52.20:213][  0]LogAutomationTest: Warning: ObjectProperty FGLTFImportContext::ImportOptions is not initialized properly. Module:SketchfabGLTF File:Private/SKGLTFImporter.h
[2022.04.26-08.52.20:213][  0]LogAutomationTest: Warning: ObjectProperty FGLTFImportContext::PrimResolver is not initialized properly. Module:SketchfabGLTF File:Private/SKGLTFImporter.h
[2022.04.26-08.52.20:214][  0]LogEngine: Initializing Engine...
[2022.04.26-08.52.20:490][  0]LogHMD: Failed to enumerate extensions. Please check that you have a valid OpenXR runtime installed.
[2022.04.26-08.52.20:490][  0]LogHMD: Failed to initialize OpenVR with code 110
[2022.04.26-08.52.20:490][  0]LogMagicLeap: Warning: VR disabled because ZI is not enabled.  To enable, in the editor, Edit -> Project Settings -> Plugins -> Magic Leap Plugin -> Enable Zero Iteration
[2022.04.26-08.52.20:491][  0]LogStats: UGameplayTagsManager::InitializeManager -  0.000 s
[2022.04.26-08.52.20:707][  0]LogInit: Initializing FReadOnlyCVARCache
[2022.04.26-08.52.20:719][  0]LogAIModule: Creating AISystem for world Untitled
[2022.04.26-08.52.20:730][  0]LogAudio: Display: Initializing Audio Device Manager...
[2022.04.26-08.52.20:734][  0]LogAudio: Display: Loading Default Audio Settings Objects...
[2022.04.26-08.52.20:735][  0]LogAudio: Display: No default SoundConcurrencyObject specified (or failed to load).
[2022.04.26-08.52.20:736][  0]LogAudio: Display: Audio Device Manager Initialized
[2022.04.26-08.52.20:736][  0]LogAudio: Display: Creating Audio Device:                 Id: 1, Scope: Shared, Realtime: True
[2022.04.26-08.52.20:736][  0]LogAudioMixer: Display: Audio Mixer Platform Settings:
[2022.04.26-08.52.20:736][  0]LogAudioMixer: Display: 	Sample Rate:						  48000
[2022.04.26-08.52.20:736][  0]LogAudioMixer: Display: 	Callback Buffer Frame Size Requested: 1024
[2022.04.26-08.52.20:736][  0]LogAudioMixer: Display: 	Callback Buffer Frame Size To Use:	  1024
[2022.04.26-08.52.20:736][  0]LogAudioMixer: Display: 	Number of buffers to queue:			  2
[2022.04.26-08.52.20:736][  0]LogAudioMixer: Display: 	Max Channels (voices):				  32
[2022.04.26-08.52.20:736][  0]LogAudioMixer: Display: 	Number of Async Source Workers:		  0
[2022.04.26-08.52.20:736][  0]LogAudio: Display: AudioDevice MaxSources: 32
[2022.04.26-08.52.20:736][  0]LogAudio: Display: Audio Spatialization Plugin: None (built-in).
[2022.04.26-08.52.20:736][  0]LogAudio: Display: Audio Reverb Plugin: None (built-in).
[2022.04.26-08.52.20:736][  0]LogAudio: Display: Audio Occlusion Plugin: None (built-in).
[2022.04.26-08.52.20:736][  0]LogAudioMixer: Display: Initializing audio mixer.
[2022.04.26-08.52.20:757][  0]LogAudioMixer: Display: 0: FrontLeft
[2022.04.26-08.52.20:757][  0]LogAudioMixer: Display: 1: FrontRight
[2022.04.26-08.52.20:785][  0]LogAudioMixer: Display: Using Audio Device Högtalare (HyperX Cloud Flight Wireless)
[2022.04.26-08.52.20:789][  0]LogAudioMixer: Display: Initializing Sound Submixes...
[2022.04.26-08.52.20:793][  0]LogAudioMixer: Display: Creating Master Submix 'MasterSubmixDefault'
[2022.04.26-08.52.20:793][  0]LogAudioMixer: Display: Creating Master Submix 'MasterReverbSubmixDefault'
[2022.04.26-08.52.20:794][  0]LogAudioMixer: Display: Creating Master Submix 'MasterEQSubmixDefault'
[2022.04.26-08.52.20:794][  0]LogAudioMixer: FMixerPlatformXAudio2::StartAudioStream() called
[2022.04.26-08.52.20:795][  0]LogAudioMixer: Display: Output buffers initialized: Frames=1024, Channels=2, Samples=2048
[2022.04.26-08.52.20:796][  0]LogAudioMixer: Display: Starting AudioMixerPlatformInterface::RunInternal()
[2022.04.26-08.52.20:796][  0]LogAudioMixer: Display: FMixerPlatformXAudio2::SubmitBuffer() called for the first time
[2022.04.26-08.52.20:796][  0]LogInit: FAudioDevice initialized.
[2022.04.26-08.52.20:812][  0]LogAudio: Display: Audio Device (ID: 1) registered with world 'Untitled'.
[2022.04.26-08.52.20:813][  0]LogNetVersion: Set ProjectVersion to 1.0.0.0. Version Checksum will be recalculated on next use.
[2022.04.26-08.52.20:882][  0]LogDerivedDataCache: Saved boot cache 0.07s 94MB C:/Users/andre/AppData/Local/UnrealEngine/4.27/DerivedDataCache/Boot.ddc.
[2022.04.26-08.52.20:883][  0]LogInit: Texture streaming: Enabled
[2022.04.26-08.52.20:900][  0]LogAnalytics: Display: [UEEditor.Rocket.Release] APIServer = https://datarouter.ol.epicgames.com/. AppVersion = 4.27.2-18319896+++UE4+Release-4.27
[2022.04.26-08.52.20:905][  0]LogEngineSessionManager: EngineSessionManager initialized
[2022.04.26-08.52.20:905][  0]LogEditorSessionSummary: Verbose: Initializing EditorSessionSummaryWriter for editor session tracking
[2022.04.26-08.52.20:907][  0]LogEditorSessionSummary: EditorSessionSummaryWriter initialized
[2022.04.26-08.52.20:937][  0]LogInit: Transaction tracking system initialized
[2022.04.26-08.52.20:968][  0]BlueprintLog: New page: Editor Load
[2022.04.26-08.52.21:113][  0]LocalizationService: Localization service is disabled
[2022.04.26-08.52.21:142][  0]TimingProfiler: Initialize
[2022.04.26-08.52.21:142][  0]TimingProfiler: OnSessionChanged
[2022.04.26-08.52.21:142][  0]LoadingProfiler: Initialize
[2022.04.26-08.52.21:142][  0]LoadingProfiler: OnSessionChanged
[2022.04.26-08.52.21:142][  0]NetworkingProfiler: Initialize
[2022.04.26-08.52.21:142][  0]NetworkingProfiler: OnSessionChanged
[2022.04.26-08.52.21:142][  0]MemoryProfiler: Initialize
[2022.04.26-08.52.21:142][  0]MemoryProfiler: OnSessionChanged
[2022.04.26-08.52.21:608][  0]LogCook: Display: CookSettings for Memory: MemoryMaxUsedVirtual 0MiB, MemoryMaxUsedPhysical 16384MiB, MemoryMinFreeVirtual 0MiB, MemoryMinFreePhysical 1024MiB
[2022.04.26-08.52.21:608][  0]LogCook: Display: Mobile HDR setting 1
[2022.04.26-08.52.21:614][  0]LogFileCache: Scanning file cache for directory 'C:/Users/andre/Documents/University Stuff/Future Games/LD-EA Course/LD-EA Game/LD-EA-Assigmment/LD_EA_Assignment/Content/' took 0.00s
[2022.04.26-08.52.22:094][  0]LogInit: Display: Engine is initialized. Leaving FEngineLoop::Init()
[2022.04.26-08.52.22:099][  0]SourceControl: Source control is disabled
[2022.04.26-08.52.22:099][  0]LogUnrealEdMisc: Loading editor; pre map load, took 11.705
[2022.04.26-08.52.22:101][  0]LightingResults: New page: Lighting Build
[2022.04.26-08.52.22:102][  0]LogWorld: UWorld::CleanupWorld for Untitled, bSessionEnded=true, bCleanupResources=true
[2022.04.26-08.52.22:103][  0]LogSlate: InvalidateAllWidgets triggered.  All widgets were invalidated
[2022.04.26-08.52.22:103][  0]MapCheck: New page: Map Check
[2022.04.26-08.52.22:103][  0]LightingResults: New page: Lighting Build
[2022.04.26-08.52.22:440][  0]LogAudio: Display: Audio Device unregistered from world 'None'.
[2022.04.26-08.52.22:444][  0]LogUObjectHash: Compacting FUObjectHashTables data took   0.98ms
[2022.04.26-08.52.29:336][  0]LogAudio: Display: Audio Device (ID: 1) registered with world 'ThirdPersonExampleMap'.
[2022.04.26-08.52.29:338][  0]LogAIModule: Creating AISystem for world ThirdPersonExampleMap
[2022.04.26-08.52.31:436][  0]LogEditorServer: Finished looking for orphan Actors (0.000 secs)
[2022.04.26-08.52.31:445][  0]LogUObjectHash: Compacting FUObjectHashTables data took   0.80ms
[2022.04.26-08.52.31:446][  0]Cmd: MAP CHECKDEP NOCLEARLOG
[2022.04.26-08.52.31:446][  0]MapCheck: Map check complete: 0 Error(s), 0 Warning(s), took 0,264ms to complete.
[2022.04.26-08.52.31:446][  0]LogFileHelpers: Loading map 'ThirdPersonExampleMap' took 9.348
[2022.04.26-08.52.31:448][  0]LogUnrealEdMisc: Total Editor Startup Time, took 21.055
[2022.04.26-08.52.32:185][  0]LogSlate: Updating window title bar state: overlay mode, drag disabled, window buttons hidden, title bar hidden
[2022.04.26-08.52.32:210][  0]LogSlate: Updating window title bar state: overlay mode, drag disabled, window buttons hidden, title bar hidden
[2022.04.26-08.52.32:218][  0]LogSlate: Updating window title bar state: overlay mode, drag disabled, window buttons hidden, title bar hidden
[2022.04.26-08.52.32:225][  0]LogSlate: Updating window title bar state: overlay mode, drag disabled, window buttons hidden, title bar hidden
[2022.04.26-08.52.32:362][  0]LogNativeClassHierarchy: Verbose: Native class hierarchy populated in 0.0131 seconds. Added 3851 classes and 947 folders.
[2022.04.26-08.52.32:401][  0]LogNativeClassHierarchy: Verbose: Native class hierarchy updated for 'WidgetCarousel' in 0.0003 seconds. Added 0 classes and 0 folders.
[2022.04.26-08.52.32:404][  0]LogPakFile: PakFile PrimaryIndexSize=187
[2022.04.26-08.52.32:404][  0]LogPakFile: PakFile PathHashIndexSize=101
[2022.04.26-08.52.32:404][  0]LogPakFile: PakFile FullDirectoryIndexSize=148
[2022.04.26-08.52.32:404][  0]LogShaderLibrary: Display: ShaderCodeLibraryPakFileMountedCallback: PakFile 'D:/Program/UE_4.27/FeaturePacks/FP_FirstPerson.upack' (chunk index -1, root 'root:/') mounted
[2022.04.26-08.52.32:404][  0]LogShaderLibrary: Display: ShaderCodeLibraryPakFileMountedCallback: pending pak file info (ChunkID:-1 Root:root:/ File:D:/Program/UE_4.27/FeaturePacks/FP_FirstPerson.upack)
[2022.04.26-08.52.32:404][  0]LogPakFile: OnPakFileMounted2Time == 0.000074
[2022.04.26-08.52.32:405][  0]LogPakFile: PakFile PrimaryIndexSize=189
[2022.04.26-08.52.32:405][  0]LogPakFile: PakFile PathHashIndexSize=101
[2022.04.26-08.52.32:405][  0]LogPakFile: PakFile FullDirectoryIndexSize=152
[2022.04.26-08.52.32:405][  0]LogShaderLibrary: Display: ShaderCodeLibraryPakFileMountedCallback: PakFile 'D:/Program/UE_4.27/FeaturePacks/FP_FirstPersonBP.upack' (chunk index -1, root 'root:/') mounted
[2022.04.26-08.52.32:405][  0]LogShaderLibrary: Display: ShaderCodeLibraryPakFileMountedCallback: pending pak file info (ChunkID:-1 Root:root:/ File:D:/Program/UE_4.27/FeaturePacks/FP_FirstPersonBP.upack)
[2022.04.26-08.52.32:405][  0]LogPakFile: OnPakFileMounted2Time == 0.000044
[2022.04.26-08.52.32:406][  0]LogPakFile: PakFile PrimaryIndexSize=191
[2022.04.26-08.52.32:406][  0]LogPakFile: PakFile PathHashIndexSize=101
[2022.04.26-08.52.32:406][  0]LogPakFile: PakFile FullDirectoryIndexSize=160
[2022.04.26-08.52.32:406][  0]LogShaderLibrary: Display: ShaderCodeLibraryPakFileMountedCallback: PakFile 'D:/Program/UE_4.27/FeaturePacks/MobileStarterContent.upack' (chunk index -1, root 'root:/') mounted
[2022.04.26-08.52.32:406][  0]LogShaderLibrary: Display: ShaderCodeLibraryPakFileMountedCallback: pending pak file info (ChunkID:-1 Root:root:/ File:D:/Program/UE_4.27/FeaturePacks/MobileStarterContent.upack)
[2022.04.26-08.52.32:406][  0]LogPakFile: OnPakFileMounted2Time == 0.000039
[2022.04.26-08.52.32:407][  0]LogPakFile: PakFile PrimaryIndexSize=185
[2022.04.26-08.52.32:407][  0]LogPakFile: PakFile PathHashIndexSize=101
[2022.04.26-08.52.32:407][  0]LogPakFile: PakFile FullDirectoryIndexSize=148
[2022.04.26-08.52.32:407][  0]LogShaderLibrary: Display: ShaderCodeLibraryPakFileMountedCallback: PakFile 'D:/Program/UE_4.27/FeaturePacks/StarterContent.upack' (chunk index -1, root 'root:/') mounted
[2022.04.26-08.52.32:407][  0]LogShaderLibrary: Display: ShaderCodeLibraryPakFileMountedCallback: pending pak file info (ChunkID:-1 Root:root:/ File:D:/Program/UE_4.27/FeaturePacks/StarterContent.upack)
[2022.04.26-08.52.32:407][  0]LogPakFile: OnPakFileMounted2Time == 0.000042
[2022.04.26-08.52.32:408][  0]LogPakFile: PakFile PrimaryIndexSize=190
[2022.04.26-08.52.32:408][  0]LogPakFile: PakFile PathHashIndexSize=101
[2022.04.26-08.52.32:408][  0]LogPakFile: PakFile FullDirectoryIndexSize=154
[2022.04.26-08.52.32:408][  0]LogShaderLibrary: Display: ShaderCodeLibraryPakFileMountedCallback: PakFile 'D:/Program/UE_4.27/FeaturePacks/TP_2DSideScroller.upack' (chunk index -1, root 'root:/') mounted
[2022.04.26-08.52.32:408][  0]LogShaderLibrary: Display: ShaderCodeLibraryPakFileMountedCallback: pending pak file info (ChunkID:-1 Root:root:/ File:D:/Program/UE_4.27/FeaturePacks/TP_2DSideScroller.upack)
[2022.04.26-08.52.32:408][  0]LogPakFile: OnPakFileMounted2Time == 0.000040
[2022.04.26-08.52.32:410][  0]LogPakFile: PakFile PrimaryIndexSize=192
[2022.04.26-08.52.32:410][  0]LogPakFile: PakFile PathHashIndexSize=101
[2022.04.26-08.52.32:410][  0]LogPakFile: PakFile FullDirectoryIndexSize=158
[2022.04.26-08.52.32:410][  0]LogShaderLibrary: Display: ShaderCodeLibraryPakFileMountedCallback: PakFile 'D:/Program/UE_4.27/FeaturePacks/TP_2DSideScrollerBP.upack' (chunk index -1, root 'root:/') mounted
[2022.04.26-08.52.32:410][  0]LogShaderLibrary: Display: ShaderCodeLibraryPakFileMountedCallback: pending pak file info (ChunkID:-1 Root:root:/ File:D:/Program/UE_4.27/FeaturePacks/TP_2DSideScrollerBP.upack)
[2022.04.26-08.52.32:410][  0]LogPakFile: OnPakFileMounted2Time == 0.000058
[2022.04.26-08.52.32:411][  0]LogPakFile: PakFile PrimaryIndexSize=182
[2022.04.26-08.52.32:411][  0]LogPakFile: PakFile PathHashIndexSize=101
[2022.04.26-08.52.32:411][  0]LogPakFile: PakFile FullDirectoryIndexSize=138
[2022.04.26-08.52.32:411][  0]LogShaderLibrary: Display: ShaderCodeLibraryPakFileMountedCallback: PakFile 'D:/Program/UE_4.27/FeaturePacks/TP_Flying.upack' (chunk index -1, root 'root:/') mounted
[2022.04.26-08.52.32:411][  0]LogShaderLibrary: Display: ShaderCodeLibraryPakFileMountedCallback: pending pak file info (ChunkID:-1 Root:root:/ File:D:/Program/UE_4.27/FeaturePacks/TP_Flying.upack)
[2022.04.26-08.52.32:411][  0]LogPakFile: OnPakFileMounted2Time == 0.000072
[2022.04.26-08.52.32:412][  0]LogPakFile: PakFile PrimaryIndexSize=184
[2022.04.26-08.52.32:412][  0]LogPakFile: PakFile PathHashIndexSize=101
[2022.04.26-08.52.32:412][  0]LogPakFile: PakFile FullDirectoryIndexSize=142
[2022.04.26-08.52.32:412][  0]LogShaderLibrary: Display: ShaderCodeLibraryPakFileMountedCallback: PakFile 'D:/Program/UE_4.27/FeaturePacks/TP_FlyingBP.upack' (chunk index -1, root 'root:/') mounted
[2022.04.26-08.52.32:412][  0]LogShaderLibrary: Display: ShaderCodeLibraryPakFileMountedCallback: pending pak file info (ChunkID:-1 Root:root:/ File:D:/Program/UE_4.27/FeaturePacks/TP_FlyingBP.upack)
[2022.04.26-08.52.32:412][  0]LogPakFile: OnPakFileMounted2Time == 0.000065
[2022.04.26-08.52.32:414][  0]LogPakFile: PakFile PrimaryIndexSize=188
[2022.04.26-08.52.32:414][  0]LogPakFile: PakFile PathHashIndexSize=101
[2022.04.26-08.52.32:414][  0]LogPakFile: PakFile FullDirectoryIndexSize=150
[2022.04.26-08.52.32:414][  0]LogShaderLibrary: Display: ShaderCodeLibraryPakFileMountedCallback: PakFile 'D:/Program/UE_4.27/FeaturePacks/TP_HandheldARBP.upack' (chunk index -1, root 'root:/') mounted
[2022.04.26-08.52.32:414][  0]LogShaderLibrary: Display: ShaderCodeLibraryPakFileMountedCallback: pending pak file info (ChunkID:-1 Root:root:/ File:D:/Program/UE_4.27/FeaturePacks/TP_HandheldARBP.upack)
[2022.04.26-08.52.32:414][  0]LogPakFile: OnPakFileMounted2Time == 0.000059
[2022.04.26-08.52.32:416][  0]LogPakFile: PakFile PrimaryIndexSize=182
[2022.04.26-08.52.32:416][  0]LogPakFile: PakFile PathHashIndexSize=101
[2022.04.26-08.52.32:416][  0]LogPakFile: PakFile FullDirectoryIndexSize=138
[2022.04.26-08.52.32:416][  0]LogShaderLibrary: Display: ShaderCodeLibraryPakFileMountedCallback: PakFile 'D:/Program/UE_4.27/FeaturePacks/TP_Puzzle.upack' (chunk index -1, root 'root:/') mounted
[2022.04.26-08.52.32:416][  0]LogShaderLibrary: Display: ShaderCodeLibraryPakFileMountedCallback: pending pak file info (ChunkID:-1 Root:root:/ File:D:/Program/UE_4.27/FeaturePacks/TP_Puzzle.upack)
[2022.04.26-08.52.32:416][  0]LogPakFile: OnPakFileMounted2Time == 0.000049
[2022.04.26-08.52.32:418][  0]LogPakFile: PakFile PrimaryIndexSize=184
[2022.04.26-08.52.32:418][  0]LogPakFile: PakFile PathHashIndexSize=101
[2022.04.26-08.52.32:418][  0]LogPakFile: PakFile FullDirectoryIndexSize=142
[2022.04.26-08.52.32:418][  0]LogShaderLibrary: Display: ShaderCodeLibraryPakFileMountedCallback: PakFile 'D:/Program/UE_4.27/FeaturePacks/TP_PuzzleBP.upack' (chunk index -1, root 'root:/') mounted
[2022.04.26-08.52.32:418][  0]LogShaderLibrary: Display: ShaderCodeLibraryPakFileMountedCallback: pending pak file info (ChunkID:-1 Root:root:/ File:D:/Program/UE_4.27/FeaturePacks/TP_PuzzleBP.upack)
[2022.04.26-08.52.32:418][  0]LogPakFile: OnPakFileMounted2Time == 0.000099
[2022.04.26-08.52.32:420][  0]LogPakFile: PakFile PrimaryIndexSize=183
[2022.04.26-08.52.32:420][  0]LogPakFile: PakFile PathHashIndexSize=101
[2022.04.26-08.52.32:420][  0]LogPakFile: PakFile FullDirectoryIndexSize=140
[2022.04.26-08.52.32:420][  0]LogShaderLibrary: Display: ShaderCodeLibraryPakFileMountedCallback: PakFile 'D:/Program/UE_4.27/FeaturePacks/TP_Rolling.upack' (chunk index -1, root 'root:/') mounted
[2022.04.26-08.52.32:420][  0]LogShaderLibrary: Display: ShaderCodeLibraryPakFileMountedCallback: pending pak file info (ChunkID:-1 Root:root:/ File:D:/Program/UE_4.27/FeaturePacks/TP_Rolling.upack)
[2022.04.26-08.52.32:420][  0]LogPakFile: OnPakFileMounted2Time == 0.000096
[2022.04.26-08.52.32:421][  0]LogPakFile: PakFile PrimaryIndexSize=185
[2022.04.26-08.52.32:421][  0]LogPakFile: PakFile PathHashIndexSize=101
[2022.04.26-08.52.32:421][  0]LogPakFile: PakFile FullDirectoryIndexSize=144
[2022.04.26-08.52.32:422][  0]LogShaderLibrary: Display: ShaderCodeLibraryPakFileMountedCallback: PakFile 'D:/Program/UE_4.27/FeaturePacks/TP_RollingBP.upack' (chunk index -1, root 'root:/') mounted
[2022.04.26-08.52.32:422][  0]LogShaderLibrary: Display: ShaderCodeLibraryPakFileMountedCallback: pending pak file info (ChunkID:-1 Root:root:/ File:D:/Program/UE_4.27/FeaturePacks/TP_RollingBP.upack)
[2022.04.26-08.52.32:422][  0]LogPakFile: OnPakFileMounted2Time == 0.000080
[2022.04.26-08.52.32:423][  0]LogPakFile: PakFile PrimaryIndexSize=188
[2022.04.26-08.52.32:423][  0]LogPakFile: PakFile PathHashIndexSize=101
[2022.04.26-08.52.32:423][  0]LogPakFile: PakFile FullDirectoryIndexSize=150
[2022.04.26-08.52.32:423][  0]LogShaderLibrary: Display: ShaderCodeLibraryPakFileMountedCallback: PakFile 'D:/Program/UE_4.27/FeaturePacks/TP_SideScroller.upack' (chunk index -1, root 'root:/') mounted
[2022.04.26-08.52.32:423][  0]LogShaderLibrary: Display: ShaderCodeLibraryPakFileMountedCallback: pending pak file info (ChunkID:-1 Root:root:/ File:D:/Program/UE_4.27/FeaturePacks/TP_SideScroller.upack)
[2022.04.26-08.52.32:423][  0]LogPakFile: OnPakFileMounted2Time == 0.000041
[2022.04.26-08.52.32:424][  0]LogPakFile: PakFile PrimaryIndexSize=190
[2022.04.26-08.52.32:424][  0]LogPakFile: PakFile PathHashIndexSize=101
[2022.04.26-08.52.32:424][  0]LogPakFile: PakFile FullDirectoryIndexSize=154
[2022.04.26-08.52.32:424][  0]LogShaderLibrary: Display: ShaderCodeLibraryPakFileMountedCallback: PakFile 'D:/Program/UE_4.27/FeaturePacks/TP_SideScrollerBP.upack' (chunk index -1, root 'root:/') mounted
[2022.04.26-08.52.32:424][  0]LogShaderLibrary: Display: ShaderCodeLibraryPakFileMountedCallback: pending pak file info (ChunkID:-1 Root:root:/ File:D:/Program/UE_4.27/FeaturePacks/TP_SideScrollerBP.upack)
[2022.04.26-08.52.32:425][  0]LogPakFile: OnPakFileMounted2Time == 0.000090
[2022.04.26-08.52.32:426][  0]LogPakFile: PakFile PrimaryIndexSize=187
[2022.04.26-08.52.32:426][  0]LogPakFile: PakFile PathHashIndexSize=101
[2022.04.26-08.52.32:427][  0]LogPakFile: PakFile FullDirectoryIndexSize=148
[2022.04.26-08.52.32:427][  0]LogShaderLibrary: Display: ShaderCodeLibraryPakFileMountedCallback: PakFile 'D:/Program/UE_4.27/FeaturePacks/TP_ThirdPerson.upack' (chunk index -1, root 'root:/') mounted
[2022.04.26-08.52.32:427][  0]LogShaderLibrary: Display: ShaderCodeLibraryPakFileMountedCallback: pending pak file info (ChunkID:-1 Root:root:/ File:D:/Program/UE_4.27/FeaturePacks/TP_ThirdPerson.upack)
[2022.04.26-08.52.32:427][  0]LogPakFile: OnPakFileMounted2Time == 0.000048
[2022.04.26-08.52.32:428][  0]LogPakFile: PakFile PrimaryIndexSize=189
[2022.04.26-08.52.32:428][  0]LogPakFile: PakFile PathHashIndexSize=101
[2022.04.26-08.52.32:428][  0]LogPakFile: PakFile FullDirectoryIndexSize=152
[2022.04.26-08.52.32:428][  0]LogShaderLibrary: Display: ShaderCodeLibraryPakFileMountedCallback: PakFile 'D:/Program/UE_4.27/FeaturePacks/TP_ThirdPersonBP.upack' (chunk index -1, root 'root:/') mounted
[2022.04.26-08.52.32:428][  0]LogShaderLibrary: Display: ShaderCodeLibraryPakFileMountedCallback: pending pak file info (ChunkID:-1 Root:root:/ File:D:/Program/UE_4.27/FeaturePacks/TP_ThirdPersonBP.upack)
[2022.04.26-08.52.32:428][  0]LogPakFile: OnPakFileMounted2Time == 0.000087
[2022.04.26-08.52.32:429][  0]LogPakFile: PakFile PrimaryIndexSize=183
[2022.04.26-08.52.32:429][  0]LogPakFile: PakFile PathHashIndexSize=101
[2022.04.26-08.52.32:429][  0]LogPakFile: PakFile FullDirectoryIndexSize=140
[2022.04.26-08.52.32:429][  0]LogShaderLibrary: Display: ShaderCodeLibraryPakFileMountedCallback: PakFile 'D:/Program/UE_4.27/FeaturePacks/TP_TopDown.upack' (chunk index -1, root 'root:/') mounted
[2022.04.26-08.52.32:429][  0]LogShaderLibrary: Display: ShaderCodeLibraryPakFileMountedCallback: pending pak file info (ChunkID:-1 Root:root:/ File:D:/Program/UE_4.27/FeaturePacks/TP_TopDown.upack)
[2022.04.26-08.52.32:429][  0]LogPakFile: OnPakFileMounted2Time == 0.000047
[2022.04.26-08.52.32:430][  0]LogPakFile: PakFile PrimaryIndexSize=185
[2022.04.26-08.52.32:431][  0]LogPakFile: PakFile PathHashIndexSize=101
[2022.04.26-08.52.32:431][  0]LogPakFile: PakFile FullDirectoryIndexSize=144
[2022.04.26-08.52.32:431][  0]LogShaderLibrary: Display: ShaderCodeLibraryPakFileMountedCallback: PakFile 'D:/Program/UE_4.27/FeaturePacks/TP_TopDownBP.upack' (chunk index -1, root 'root:/') mounted
[2022.04.26-08.52.32:431][  0]LogShaderLibrary: Display: ShaderCodeLibraryPakFileMountedCallback: pending pak file info (ChunkID:-1 Root:root:/ File:D:/Program/UE_4.27/FeaturePacks/TP_TopDownBP.upack)
[2022.04.26-08.52.32:431][  0]LogPakFile: OnPakFileMounted2Time == 0.000082
[2022.04.26-08.52.32:432][  0]LogPakFile: PakFile PrimaryIndexSize=185
[2022.04.26-08.52.32:432][  0]LogPakFile: PakFile PathHashIndexSize=101
[2022.04.26-08.52.32:432][  0]LogPakFile: PakFile FullDirectoryIndexSize=144
[2022.04.26-08.52.32:432][  0]LogShaderLibrary: Display: ShaderCodeLibraryPakFileMountedCallback: PakFile 'D:/Program/UE_4.27/FeaturePacks/TP_TwinStick.upack' (chunk index -1, root 'root:/') mounted
[2022.04.26-08.52.32:432][  0]LogShaderLibrary: Display: ShaderCodeLibraryPakFileMountedCallback: pending pak file info (ChunkID:-1 Root:root:/ File:D:/Program/UE_4.27/FeaturePacks/TP_TwinStick.upack)
[2022.04.26-08.52.32:432][  0]LogPakFile: OnPakFileMounted2Time == 0.000066
[2022.04.26-08.52.32:434][  0]LogPakFile: PakFile PrimaryIndexSize=187
[2022.04.26-08.52.32:434][  0]LogPakFile: PakFile PathHashIndexSize=101
[2022.04.26-08.52.32:434][  0]LogPakFile: PakFile FullDirectoryIndexSize=148
[2022.04.26-08.52.32:434][  0]LogShaderLibrary: Display: ShaderCodeLibraryPakFileMountedCallback: PakFile 'D:/Program/UE_4.27/FeaturePacks/TP_TwinStickBP.upack' (chunk index -1, root 'root:/') mounted
[2022.04.26-08.52.32:434][  0]LogShaderLibrary: Display: ShaderCodeLibraryPakFileMountedCallback: pending pak file info (ChunkID:-1 Root:root:/ File:D:/Program/UE_4.27/FeaturePacks/TP_TwinStickBP.upack)
[2022.04.26-08.52.32:434][  0]LogPakFile: OnPakFileMounted2Time == 0.000078
[2022.04.26-08.52.32:436][  0]LogPakFile: PakFile PrimaryIndexSize=183
[2022.04.26-08.52.32:436][  0]LogPakFile: PakFile PathHashIndexSize=101
[2022.04.26-08.52.32:436][  0]LogPakFile: PakFile FullDirectoryIndexSize=140
[2022.04.26-08.52.32:436][  0]LogShaderLibrary: Display: ShaderCodeLibraryPakFileMountedCallback: PakFile 'D:/Program/UE_4.27/FeaturePacks/TP_Vehicle.upack' (chunk index -1, root 'root:/') mounted
[2022.04.26-08.52.32:436][  0]LogShaderLibrary: Display: ShaderCodeLibraryPakFileMountedCallback: pending pak file info (ChunkID:-1 Root:root:/ File:D:/Program/UE_4.27/FeaturePacks/TP_Vehicle.upack)
[2022.04.26-08.52.32:436][  0]LogPakFile: OnPakFileMounted2Time == 0.000099
[2022.04.26-08.52.32:437][  0]LogPakFile: PakFile PrimaryIndexSize=186
[2022.04.26-08.52.32:437][  0]LogPakFile: PakFile PathHashIndexSize=101
[2022.04.26-08.52.32:437][  0]LogPakFile: PakFile FullDirectoryIndexSize=146
[2022.04.26-08.52.32:437][  0]LogShaderLibrary: Display: ShaderCodeLibraryPakFileMountedCallback: PakFile 'D:/Program/UE_4.27/FeaturePacks/TP_VehicleAdv.upack' (chunk index -1, root 'root:/') mounted
[2022.04.26-08.52.32:437][  0]LogShaderLibrary: Display: ShaderCodeLibraryPakFileMountedCallback: pending pak file info (ChunkID:-1 Root:root:/ File:D:/Program/UE_4.27/FeaturePacks/TP_VehicleAdv.upack)
[2022.04.26-08.52.32:437][  0]LogPakFile: OnPakFileMounted2Time == 0.000047
[2022.04.26-08.52.32:439][  0]LogPakFile: PakFile PrimaryIndexSize=188
[2022.04.26-08.52.32:439][  0]LogPakFile: PakFile PathHashIndexSize=101
[2022.04.26-08.52.32:439][  0]LogPakFile: PakFile FullDirectoryIndexSize=150
[2022.04.26-08.52.32:439][  0]LogShaderLibrary: Display: ShaderCodeLibraryPakFileMountedCallback: PakFile 'D:/Program/UE_4.27/FeaturePacks/TP_VehicleAdvBP.upack' (chunk index -1, root 'root:/') mounted
[2022.04.26-08.52.32:439][  0]LogShaderLibrary: Display: ShaderCodeLibraryPakFileMountedCallback: pending pak file info (ChunkID:-1 Root:root:/ File:D:/Program/UE_4.27/FeaturePacks/TP_VehicleAdvBP.upack)
[2022.04.26-08.52.32:439][  0]LogPakFile: OnPakFileMounted2Time == 0.000106
[2022.04.26-08.52.32:441][  0]LogPakFile: PakFile PrimaryIndexSize=185
[2022.04.26-08.52.32:441][  0]LogPakFile: PakFile PathHashIndexSize=101
[2022.04.26-08.52.32:441][  0]LogPakFile: PakFile FullDirectoryIndexSize=144
[2022.04.26-08.52.32:441][  0]LogShaderLibrary: Display: ShaderCodeLibraryPakFileMountedCallback: PakFile 'D:/Program/UE_4.27/FeaturePacks/TP_VehicleBP.upack' (chunk index -1, root 'root:/') mounted
[2022.04.26-08.52.32:441][  0]LogShaderLibrary: Display: ShaderCodeLibraryPakFileMountedCallback: pending pak file info (ChunkID:-1 Root:root:/ File:D:/Program/UE_4.27/FeaturePacks/TP_VehicleBP.upack)
[2022.04.26-08.52.32:441][  0]LogPakFile: OnPakFileMounted2Time == 0.000085
[2022.04.26-08.52.32:442][  0]LogPakFile: PakFile PrimaryIndexSize=192
[2022.04.26-08.52.32:442][  0]LogPakFile: PakFile PathHashIndexSize=101
[2022.04.26-08.52.32:442][  0]LogPakFile: PakFile FullDirectoryIndexSize=158
[2022.04.26-08.52.32:442][  0]LogShaderLibrary: Display: ShaderCodeLibraryPakFileMountedCallback: PakFile 'D:/Program/UE_4.27/FeaturePacks/TP_VirtualRealityBP.upack' (chunk index -1, root 'root:/') mounted
[2022.04.26-08.52.32:442][  0]LogShaderLibrary: Display: ShaderCodeLibraryPakFileMountedCallback: pending pak file info (ChunkID:-1 Root:root:/ File:D:/Program/UE_4.27/FeaturePacks/TP_VirtualRealityBP.upack)
[2022.04.26-08.52.32:442][  0]LogPakFile: OnPakFileMounted2Time == 0.000054
[2022.04.26-08.52.32:537][  0]LogNativeClassHierarchy: Verbose: Native class hierarchy updated for 'AddContentDialog' in 0.0004 seconds. Added 0 classes and 0 folders.
[2022.04.26-08.52.32:560][  0]LogNativeClassHierarchy: Verbose: Native class hierarchy updated for 'SceneOutliner' in 0.0003 seconds. Added 2 classes and 0 folders.
[2022.04.26-08.52.33:577][  0]LogSlate: Took 0.000450 seconds to synchronously load lazily loaded font '../../../Engine/Content/Slate/Fonts/Roboto-Regular.ttf' (155K)
[2022.04.26-08.52.33:602][  0]LogSlate: Took 0.017355 seconds to synchronously load lazily loaded font '../../../Engine/Content/Editor/Slate/Fonts/FontAwesome.ttf' (139K)
[2022.04.26-08.52.33:618][  0]LogSlate: Took 0.000401 seconds to synchronously load lazily loaded font '../../../Engine/Content/Slate/Fonts/Roboto-Bold.ttf' (160K)
[2022.04.26-08.52.34:176][  0]LogRenderer: Reallocating scene render targets to support 1616x836 Format 10 NumSamples 1 (Frame:1).
[2022.04.26-08.52.36:655][  0]LogNativeClassHierarchy: Verbose: Native class hierarchy updated for 'HierarchicalLODOutliner' in 0.0002 seconds. Added 0 classes and 0 folders.
[2022.04.26-08.52.36:655][  0]LogInput: Warning: Action Jump uses invalid key OculusGo_Left_Trigger_Click.
[2022.04.26-08.52.36:655][  0]LogInput: Warning: Action ResetVR uses invalid key OculusGo_Left_Trackpad_Click.
[2022.04.26-08.52.36:655][  0]LogInput: Warning: Use -RemoveInvalidKeys to remove instances of these keys from the action mapping.
[2022.04.26-08.52.36:655][  0]LogLoad: (Engine Initialization) Total time: 26.26 seconds
[2022.04.26-08.52.36:655][  0]LogLoad: (Engine Initialization) Total Blueprint compile time: 0.00 seconds
[2022.04.26-08.52.36:886][  0]LogAssetRegistry: Asset discovery search completed in 19.9993 seconds
[2022.04.26-08.52.36:896][  0]LogCollectionManager: Fixed up redirectors for 0 collections in 0.000004 seconds (updated 0 objects)
[2022.04.26-08.52.36:899][  0]LogContentStreaming: Texture pool size now 1000 MB
