"C:/Users/andre/Documents/University Stuff/Future Games/LD-EA Course/LD-EA Game/LD-EA-Assigmment/LD_EA_Assignment/Content/ArchPass_Assets/pasted__pasted__pasted__lambert4.uasset" 0
"C:/Users/andre/Documents/University Stuff/Future Games/LD-EA Course/LD-EA Game/LD-EA-Assigmment/LD_EA_Assignment/Content/ArchPass_Assets/pasted__pasted__pasted__lambert4.uexp" 1
"C:/Users/andre/Documents/University Stuff/Future Games/LD-EA Course/LD-EA Game/LD-EA-Assigmment/LD_EA_Assignment/Content/ArchPass_Assets/SM_Pass1_floor_1x1.uasset" 2
"C:/Users/andre/Documents/University Stuff/Future Games/LD-EA Course/LD-EA Game/LD-EA-Assigmment/LD_EA_Assignment/Content/ArchPass_Assets/SM_Pass1_floor_1x1.uexp" 3
"C:/Users/andre/Documents/University Stuff/Future Games/LD-EA Course/LD-EA Game/LD-EA-Assigmment/LD_EA_Assignment/Content/ArchPass_Assets/pasted__lambert3.uasset" 4
"C:/Users/andre/Documents/University Stuff/Future Games/LD-EA Course/LD-EA Game/LD-EA-Assigmment/LD_EA_Assignment/Content/ArchPass_Assets/pasted__lambert3.uexp" 5
"C:/Users/andre/Documents/University Stuff/Future Games/LD-EA Course/LD-EA Game/LD-EA-Assigmment/LD_EA_Assignment/Content/ArchPass_Assets/SM_Pass1_floor_3x3.uasset" 6
"C:/Users/andre/Documents/University Stuff/Future Games/LD-EA Course/LD-EA Game/LD-EA-Assigmment/LD_EA_Assignment/Content/ArchPass_Assets/SM_Pass1_floor_3x3.uexp" 7
"C:/Users/andre/Documents/University Stuff/Future Games/LD-EA Course/LD-EA Game/LD-EA-Assigmment/LD_EA_Assignment/Content/ArchPass_Assets/lambert1.uasset" 8
"C:/Users/andre/Documents/University Stuff/Future Games/LD-EA Course/LD-EA Game/LD-EA-Assigmment/LD_EA_Assignment/Content/ArchPass_Assets/lambert1.uexp" 9
"C:/Users/andre/Documents/University Stuff/Future Games/LD-EA Course/LD-EA Game/LD-EA-Assigmment/LD_EA_Assignment/Content/ArchPass_Assets/SM_Pass1_pillar_stackable.uasset" 10
"C:/Users/andre/Documents/University Stuff/Future Games/LD-EA Course/LD-EA Game/LD-EA-Assigmment/LD_EA_Assignment/Content/ArchPass_Assets/SM_Pass1_pillar_stackable.uexp" 11
"C:/Users/andre/Documents/University Stuff/Future Games/LD-EA Course/LD-EA Game/LD-EA-Assigmment/LD_EA_Assignment/Content/ArchPass_Assets/lambert3.uasset" 12
"C:/Users/andre/Documents/University Stuff/Future Games/LD-EA Course/LD-EA Game/LD-EA-Assigmment/LD_EA_Assignment/Content/ArchPass_Assets/lambert3.uexp" 13
"C:/Users/andre/Documents/University Stuff/Future Games/LD-EA Course/LD-EA Game/LD-EA-Assigmment/LD_EA_Assignment/Content/ArchPass_Assets/SM_Pass1_wall_door_bottom.uasset" 14
"C:/Users/andre/Documents/University Stuff/Future Games/LD-EA Course/LD-EA Game/LD-EA-Assigmment/LD_EA_Assignment/Content/ArchPass_Assets/SM_Pass1_wall_door_bottom.uexp" 15
"C:/Users/andre/Documents/University Stuff/Future Games/LD-EA Course/LD-EA Game/LD-EA-Assigmment/LD_EA_Assignment/Content/LDK_Assets/lambert3.uasset" 16
"C:/Users/andre/Documents/University Stuff/Future Games/LD-EA Course/LD-EA Game/LD-EA-Assigmment/LD_EA_Assignment/Content/LDK_Assets/lambert3.uexp" 17
"C:/Users/andre/Documents/University Stuff/Future Games/LD-EA Course/LD-EA Game/LD-EA-Assigmment/LD_EA_Assignment/Content/LDK_Assets/SM_LDK2_floor_1x1.uasset" 18
"C:/Users/andre/Documents/University Stuff/Future Games/LD-EA Course/LD-EA Game/LD-EA-Assigmment/LD_EA_Assignment/Content/LDK_Assets/SM_LDK2_floor_1x1.uexp" 19
"C:/Users/andre/Documents/University Stuff/Future Games/LD-EA Course/LD-EA Game/LD-EA-Assigmment/LD_EA_Assignment/Content/LDK_Assets/SM_LDK2_wall_200.uasset" 20
"C:/Users/andre/Documents/University Stuff/Future Games/LD-EA Course/LD-EA Game/LD-EA-Assigmment/LD_EA_Assignment/Content/LDK_Assets/SM_LDK2_wall_200.uexp" 21
"C:/Users/andre/Documents/University Stuff/Future Games/LD-EA Course/LD-EA Game/LD-EA-Assigmment/LD_EA_Assignment/Content/LDK_Assets/SM_LDK2_wall_25.uasset" 22
"C:/Users/andre/Documents/University Stuff/Future Games/LD-EA Course/LD-EA Game/LD-EA-Assigmment/LD_EA_Assignment/Content/LDK_Assets/SM_LDK2_wall_25.uexp" 23
"C:/Users/andre/Documents/University Stuff/Future Games/LD-EA Course/LD-EA Game/LD-EA-Assigmment/LD_EA_Assignment/Content/LDK_Assets/SM_LDK2_wall_50.uasset" 24
"C:/Users/andre/Documents/University Stuff/Future Games/LD-EA Course/LD-EA Game/LD-EA-Assigmment/LD_EA_Assignment/Content/LDK_Assets/SM_LDK2_wall_50.uexp" 25
"C:/Users/andre/Documents/University Stuff/Future Games/LD-EA Course/LD-EA Game/LD-EA-Assigmment/LD_EA_Assignment/Content/LDK_Assets/SM_LDK2_wall_door.uasset" 26
"C:/Users/andre/Documents/University Stuff/Future Games/LD-EA Course/LD-EA Game/LD-EA-Assigmment/LD_EA_Assignment/Content/LDK_Assets/SM_LDK2_wall_door.uexp" 27
"C:/Users/andre/Documents/University Stuff/Future Games/LD-EA Course/LD-EA Game/LD-EA-Assigmment/LD_EA_Assignment/Content/Mannequin/Character/Mesh/UE4_Mannequin_Skeleton.uasset" 28
"C:/Users/andre/Documents/University Stuff/Future Games/LD-EA Course/LD-EA Game/LD-EA-Assigmment/LD_EA_Assignment/Content/Mannequin/Character/Mesh/UE4_Mannequin_Skeleton.uexp" 29
"C:/Users/andre/Documents/University Stuff/Future Games/LD-EA Course/LD-EA Game/LD-EA-Assigmment/LD_EA_Assignment/Content/Mannequin/Animations/ThirdPersonJump_End.uasset" 30
"C:/Users/andre/Documents/University Stuff/Future Games/LD-EA Course/LD-EA Game/LD-EA-Assigmment/LD_EA_Assignment/Content/Mannequin/Animations/ThirdPersonJump_End.uexp" 31
"C:/Users/andre/Documents/University Stuff/Future Games/LD-EA Course/LD-EA Game/LD-EA-Assigmment/LD_EA_Assignment/Content/Mannequin/Character/Mesh/SK_Mannequin_Female_PhysicsAsset.uasset" 32
"C:/Users/andre/Documents/University Stuff/Future Games/LD-EA Course/LD-EA Game/LD-EA-Assigmment/LD_EA_Assignment/Content/Mannequin/Character/Mesh/SK_Mannequin_Female_PhysicsAsset.uexp" 33
"C:/Users/andre/Documents/University Stuff/Future Games/LD-EA Course/LD-EA Game/LD-EA-Assigmment/LD_EA_Assignment/Content/Mannequin/Character/Textures/T_UE4Logo_N.uasset" 34
"C:/Users/andre/Documents/University Stuff/Future Games/LD-EA Course/LD-EA Game/LD-EA-Assigmment/LD_EA_Assignment/Content/Mannequin/Character/Textures/T_UE4Logo_N.uexp" 35
"C:/Users/andre/Documents/University Stuff/Future Games/LD-EA Course/LD-EA Game/LD-EA-Assigmment/LD_EA_Assignment/Content/Mannequin/Character/Textures/T_UE4Logo_N.ubulk" 36
"C:/Users/andre/Documents/University Stuff/Future Games/LD-EA Course/LD-EA Game/LD-EA-Assigmment/LD_EA_Assignment/Content/Mannequin/Character/Textures/T_UE4Logo_Mask.uasset" 37
"C:/Users/andre/Documents/University Stuff/Future Games/LD-EA Course/LD-EA Game/LD-EA-Assigmment/LD_EA_Assignment/Content/Mannequin/Character/Textures/T_UE4Logo_Mask.uexp" 38
"C:/Users/andre/Documents/University Stuff/Future Games/LD-EA Course/LD-EA Game/LD-EA-Assigmment/LD_EA_Assignment/Content/Mannequin/Character/Textures/T_UE4Logo_Mask.ubulk" 39
"C:/Users/andre/Documents/University Stuff/Future Games/LD-EA Course/LD-EA Game/LD-EA-Assigmment/LD_EA_Assignment/Content/Mannequin/Character/Textures/T_Male_N.uasset" 40
"C:/Users/andre/Documents/University Stuff/Future Games/LD-EA Course/LD-EA Game/LD-EA-Assigmment/LD_EA_Assignment/Content/Mannequin/Character/Textures/T_Male_N.uexp" 41
"C:/Users/andre/Documents/University Stuff/Future Games/LD-EA Course/LD-EA Game/LD-EA-Assigmment/LD_EA_Assignment/Content/Mannequin/Character/Textures/T_Male_N.ubulk" 42
"C:/Users/andre/Documents/University Stuff/Future Games/LD-EA Course/LD-EA Game/LD-EA-Assigmment/LD_EA_Assignment/Content/Mannequin/Character/Textures/T_Male_Mask.uasset" 43
"C:/Users/andre/Documents/University Stuff/Future Games/LD-EA Course/LD-EA Game/LD-EA-Assigmment/LD_EA_Assignment/Content/Mannequin/Character/Textures/T_Male_Mask.uexp" 44
"C:/Users/andre/Documents/University Stuff/Future Games/LD-EA Course/LD-EA Game/LD-EA-Assigmment/LD_EA_Assignment/Content/Mannequin/Character/Textures/T_Male_Mask.ubulk" 45
"C:/Users/andre/Documents/University Stuff/Future Games/LD-EA Course/LD-EA Game/LD-EA-Assigmment/LD_EA_Assignment/Content/Mannequin/Character/Materials/MaterialLayers/T_ML_Rubber_Blue_01_N.uasset" 46
"C:/Users/andre/Documents/University Stuff/Future Games/LD-EA Course/LD-EA Game/LD-EA-Assigmment/LD_EA_Assignment/Content/Mannequin/Character/Materials/MaterialLayers/T_ML_Rubber_Blue_01_N.uexp" 47
"C:/Users/andre/Documents/University Stuff/Future Games/LD-EA Course/LD-EA Game/LD-EA-Assigmment/LD_EA_Assignment/Content/Mannequin/Character/Materials/MaterialLayers/T_ML_Rubber_Blue_01_N.ubulk" 48
"C:/Users/andre/Documents/University Stuff/Future Games/LD-EA Course/LD-EA Game/LD-EA-Assigmment/LD_EA_Assignment/Content/Mannequin/Character/Materials/MaterialLayers/T_ML_Rubber_Blue_01_D.uasset" 49
"C:/Users/andre/Documents/University Stuff/Future Games/LD-EA Course/LD-EA Game/LD-EA-Assigmment/LD_EA_Assignment/Content/Mannequin/Character/Materials/MaterialLayers/T_ML_Rubber_Blue_01_D.uexp" 50
"C:/Users/andre/Documents/University Stuff/Future Games/LD-EA Course/LD-EA Game/LD-EA-Assigmment/LD_EA_Assignment/Content/Mannequin/Character/Materials/MaterialLayers/T_ML_Rubber_Blue_01_D.ubulk" 51
"C:/Users/andre/Documents/University Stuff/Future Games/LD-EA Course/LD-EA Game/LD-EA-Assigmment/LD_EA_Assignment/Content/Mannequin/Character/Materials/MaterialLayers/T_ML_Aluminum01_N.uasset" 52
"C:/Users/andre/Documents/University Stuff/Future Games/LD-EA Course/LD-EA Game/LD-EA-Assigmment/LD_EA_Assignment/Content/Mannequin/Character/Materials/MaterialLayers/T_ML_Aluminum01_N.uexp" 53
"C:/Users/andre/Documents/University Stuff/Future Games/LD-EA Course/LD-EA Game/LD-EA-Assigmment/LD_EA_Assignment/Content/Mannequin/Character/Materials/MaterialLayers/T_ML_Aluminum01_N.ubulk" 54
"C:/Users/andre/Documents/University Stuff/Future Games/LD-EA Course/LD-EA Game/LD-EA-Assigmment/LD_EA_Assignment/Content/Mannequin/Character/Materials/MaterialLayers/T_ML_Aluminum01.uasset" 55
"C:/Users/andre/Documents/University Stuff/Future Games/LD-EA Course/LD-EA Game/LD-EA-Assigmment/LD_EA_Assignment/Content/Mannequin/Character/Materials/MaterialLayers/T_ML_Aluminum01.uexp" 56
"C:/Users/andre/Documents/University Stuff/Future Games/LD-EA Course/LD-EA Game/LD-EA-Assigmment/LD_EA_Assignment/Content/Mannequin/Character/Materials/MaterialLayers/T_ML_Aluminum01.ubulk" 57
"C:/Users/andre/Documents/University Stuff/Future Games/LD-EA Course/LD-EA Game/LD-EA-Assigmment/LD_EA_Assignment/Content/Mannequin/Character/Materials/MaterialLayers/ML_SoftMetal_UE4.uasset" 58
"C:/Users/andre/Documents/University Stuff/Future Games/LD-EA Course/LD-EA Game/LD-EA-Assigmment/LD_EA_Assignment/Content/Mannequin/Character/Materials/MaterialLayers/ML_SoftMetal_UE4.uexp" 59
"C:/Users/andre/Documents/University Stuff/Future Games/LD-EA Course/LD-EA Game/LD-EA-Assigmment/LD_EA_Assignment/Content/Mannequin/Character/Materials/MaterialLayers/ML_Plastic_Shiny_Beige_LOGO.uasset" 60
"C:/Users/andre/Documents/University Stuff/Future Games/LD-EA Course/LD-EA Game/LD-EA-Assigmment/LD_EA_Assignment/Content/Mannequin/Character/Materials/MaterialLayers/ML_Plastic_Shiny_Beige_LOGO.uexp" 61
"C:/Users/andre/Documents/University Stuff/Future Games/LD-EA Course/LD-EA Game/LD-EA-Assigmment/LD_EA_Assignment/Content/Mannequin/Character/Materials/MaterialLayers/ML_Plastic_Shiny_Beige.uasset" 62
"C:/Users/andre/Documents/University Stuff/Future Games/LD-EA Course/LD-EA Game/LD-EA-Assigmment/LD_EA_Assignment/Content/Mannequin/Character/Materials/MaterialLayers/ML_Plastic_Shiny_Beige.uexp" 63
"C:/Users/andre/Documents/University Stuff/Future Games/LD-EA Course/LD-EA Game/LD-EA-Assigmment/LD_EA_Assignment/Content/Mannequin/Character/Materials/MaterialLayers/ML_GlossyBlack_Latex_UE4.uasset" 64
"C:/Users/andre/Documents/University Stuff/Future Games/LD-EA Course/LD-EA Game/LD-EA-Assigmment/LD_EA_Assignment/Content/Mannequin/Character/Materials/MaterialLayers/ML_GlossyBlack_Latex_UE4.uexp" 65
"../../../Engine/Content/Functions/MaterialLayerFunctions/MatLayerBlend_Simple.uasset" 66
"../../../Engine/Content/Functions/MaterialLayerFunctions/MatLayerBlend_Simple.uexp" 67
"../../../Engine/Content/Functions/Engine_MaterialFunctions02/Utility/BlendAngleCorrectedNormals.uasset" 68
"../../../Engine/Content/Functions/Engine_MaterialFunctions02/Utility/BlendAngleCorrectedNormals.uexp" 69
"../../../Engine/Content/Functions/MaterialLayerFunctions/MatLayerBlend_NormalBlend.uasset" 70
"../../../Engine/Content/Functions/MaterialLayerFunctions/MatLayerBlend_NormalBlend.uexp" 71
"C:/Users/andre/Documents/University Stuff/Future Games/LD-EA Course/LD-EA Game/LD-EA-Assigmment/LD_EA_Assignment/Content/Mannequin/Character/Materials/M_Male_Body.uasset" 72
"C:/Users/andre/Documents/University Stuff/Future Games/LD-EA Course/LD-EA Game/LD-EA-Assigmment/LD_EA_Assignment/Content/Mannequin/Character/Materials/M_Male_Body.uexp" 73
"C:/Users/andre/Documents/University Stuff/Future Games/LD-EA Course/LD-EA Game/LD-EA-Assigmment/LD_EA_Assignment/Content/Mannequin/Character/Materials/M_UE4Man_ChestLogo.uasset" 74
"C:/Users/andre/Documents/University Stuff/Future Games/LD-EA Course/LD-EA Game/LD-EA-Assigmment/LD_EA_Assignment/Content/Mannequin/Character/Materials/M_UE4Man_ChestLogo.uexp" 75
"C:/Users/andre/Documents/University Stuff/Future Games/LD-EA Course/LD-EA Game/LD-EA-Assigmment/LD_EA_Assignment/Content/Mannequin/Character/Textures/T_Female_N.uasset" 76
"C:/Users/andre/Documents/University Stuff/Future Games/LD-EA Course/LD-EA Game/LD-EA-Assigmment/LD_EA_Assignment/Content/Mannequin/Character/Textures/T_Female_N.uexp" 77
"C:/Users/andre/Documents/University Stuff/Future Games/LD-EA Course/LD-EA Game/LD-EA-Assigmment/LD_EA_Assignment/Content/Mannequin/Character/Textures/T_Female_N.ubulk" 78
"C:/Users/andre/Documents/University Stuff/Future Games/LD-EA Course/LD-EA Game/LD-EA-Assigmment/LD_EA_Assignment/Content/Mannequin/Character/Textures/T_Female_Mask.uasset" 79
"C:/Users/andre/Documents/University Stuff/Future Games/LD-EA Course/LD-EA Game/LD-EA-Assigmment/LD_EA_Assignment/Content/Mannequin/Character/Textures/T_Female_Mask.uexp" 80
"C:/Users/andre/Documents/University Stuff/Future Games/LD-EA Course/LD-EA Game/LD-EA-Assigmment/LD_EA_Assignment/Content/Mannequin/Character/Textures/T_Female_Mask.ubulk" 81
"C:/Users/andre/Documents/University Stuff/Future Games/LD-EA Course/LD-EA Game/LD-EA-Assigmment/LD_EA_Assignment/Content/Mannequin/Character/Materials/MI_Female_Body.uasset" 82
"C:/Users/andre/Documents/University Stuff/Future Games/LD-EA Course/LD-EA Game/LD-EA-Assigmment/LD_EA_Assignment/Content/Mannequin/Character/Materials/MI_Female_Body.uexp" 83
"C:/Users/andre/Documents/University Stuff/Future Games/LD-EA Course/LD-EA Game/LD-EA-Assigmment/LD_EA_Assignment/Content/Mannequin/Character/Mesh/SK_Mannequin_Female.uasset" 84
"C:/Users/andre/Documents/University Stuff/Future Games/LD-EA Course/LD-EA Game/LD-EA-Assigmment/LD_EA_Assignment/Content/Mannequin/Character/Mesh/SK_Mannequin_Female.uexp" 85
"C:/Users/andre/Documents/University Stuff/Future Games/LD-EA Course/LD-EA Game/LD-EA-Assigmment/LD_EA_Assignment/Content/Mannequin/Character/Mesh/SK_Mannequin_PhysicsAsset.uasset" 86
"C:/Users/andre/Documents/University Stuff/Future Games/LD-EA Course/LD-EA Game/LD-EA-Assigmment/LD_EA_Assignment/Content/Mannequin/Character/Mesh/SK_Mannequin_PhysicsAsset.uexp" 87
"C:/Users/andre/Documents/University Stuff/Future Games/LD-EA Course/LD-EA Game/LD-EA-Assigmment/LD_EA_Assignment/Content/Mannequin/Character/Mesh/SK_Mannequin.uasset" 88
"C:/Users/andre/Documents/University Stuff/Future Games/LD-EA Course/LD-EA Game/LD-EA-Assigmment/LD_EA_Assignment/Content/Mannequin/Character/Mesh/SK_Mannequin.uexp" 89
"../../../Engine/Content/EditorBlueprintResources/StandardMacros.uasset" 90
"../../../Engine/Content/EditorBlueprintResources/StandardMacros.uexp" 91
"C:/Users/andre/Documents/University Stuff/Future Games/LD-EA Course/LD-EA Game/LD-EA-Assigmment/LD_EA_Assignment/Content/Mannequin/Animations/ThirdPersonWalk.uasset" 92
"C:/Users/andre/Documents/University Stuff/Future Games/LD-EA Course/LD-EA Game/LD-EA-Assigmment/LD_EA_Assignment/Content/Mannequin/Animations/ThirdPersonWalk.uexp" 93
"C:/Users/andre/Documents/University Stuff/Future Games/LD-EA Course/LD-EA Game/LD-EA-Assigmment/LD_EA_Assignment/Content/Mannequin/Animations/ThirdPersonRun.uasset" 94
"C:/Users/andre/Documents/University Stuff/Future Games/LD-EA Course/LD-EA Game/LD-EA-Assigmment/LD_EA_Assignment/Content/Mannequin/Animations/ThirdPersonRun.uexp" 95
"C:/Users/andre/Documents/University Stuff/Future Games/LD-EA Course/LD-EA Game/LD-EA-Assigmment/LD_EA_Assignment/Content/Mannequin/Animations/ThirdPersonIdle.uasset" 96
"C:/Users/andre/Documents/University Stuff/Future Games/LD-EA Course/LD-EA Game/LD-EA-Assigmment/LD_EA_Assignment/Content/Mannequin/Animations/ThirdPersonIdle.uexp" 97
"C:/Users/andre/Documents/University Stuff/Future Games/LD-EA Course/LD-EA Game/LD-EA-Assigmment/LD_EA_Assignment/Content/Mannequin/Animations/ThirdPerson_IdleRun_2D.uasset" 98
"C:/Users/andre/Documents/University Stuff/Future Games/LD-EA Course/LD-EA Game/LD-EA-Assigmment/LD_EA_Assignment/Content/Mannequin/Animations/ThirdPerson_IdleRun_2D.uexp" 99
"C:/Users/andre/Documents/University Stuff/Future Games/LD-EA Course/LD-EA Game/LD-EA-Assigmment/LD_EA_Assignment/Content/Mannequin/Animations/ThirdPerson_Jump.uasset" 100
"C:/Users/andre/Documents/University Stuff/Future Games/LD-EA Course/LD-EA Game/LD-EA-Assigmment/LD_EA_Assignment/Content/Mannequin/Animations/ThirdPerson_Jump.uexp" 101
"C:/Users/andre/Documents/University Stuff/Future Games/LD-EA Course/LD-EA Game/LD-EA-Assigmment/LD_EA_Assignment/Content/Mannequin/Animations/ThirdPersonJump_Start.uasset" 102
"C:/Users/andre/Documents/University Stuff/Future Games/LD-EA Course/LD-EA Game/LD-EA-Assigmment/LD_EA_Assignment/Content/Mannequin/Animations/ThirdPersonJump_Start.uexp" 103
"C:/Users/andre/Documents/University Stuff/Future Games/LD-EA Course/LD-EA Game/LD-EA-Assigmment/LD_EA_Assignment/Content/Mannequin/Animations/ThirdPersonJump_Loop.uasset" 104
"C:/Users/andre/Documents/University Stuff/Future Games/LD-EA Course/LD-EA Game/LD-EA-Assigmment/LD_EA_Assignment/Content/Mannequin/Animations/ThirdPersonJump_Loop.uexp" 105
"C:/Users/andre/Documents/University Stuff/Future Games/LD-EA Course/LD-EA Game/LD-EA-Assigmment/LD_EA_Assignment/Content/Mannequin/Animations/ThirdPerson_AnimBP.uasset" 106
"C:/Users/andre/Documents/University Stuff/Future Games/LD-EA Course/LD-EA Game/LD-EA-Assigmment/LD_EA_Assignment/Content/Mannequin/Animations/ThirdPerson_AnimBP.uexp" 107
"C:/Users/andre/Documents/University Stuff/Future Games/LD-EA Course/LD-EA Game/LD-EA-Assigmment/LD_EA_Assignment/Content/ThirdPersonBP/Blueprints/ThirdPersonCharacter.uasset" 108
"C:/Users/andre/Documents/University Stuff/Future Games/LD-EA Course/LD-EA Game/LD-EA-Assigmment/LD_EA_Assignment/Content/ThirdPersonBP/Blueprints/ThirdPersonCharacter.uexp" 109
"C:/Users/andre/Documents/University Stuff/Future Games/LD-EA Course/LD-EA Game/LD-EA-Assigmment/LD_EA_Assignment/Content/ThirdPersonBP/Blueprints/ThirdPersonGameMode.uasset" 110
"C:/Users/andre/Documents/University Stuff/Future Games/LD-EA Course/LD-EA Game/LD-EA-Assigmment/LD_EA_Assignment/Content/ThirdPersonBP/Blueprints/ThirdPersonGameMode.uexp" 111
"C:/Users/andre/Documents/University Stuff/Future Games/LD-EA Course/LD-EA Game/LD-EA-Assigmment/LD_EA_Assignment/Content/ThirdPersonBP/Maps/ThirdPersonExampleMap_BuiltData.uasset" 112
"C:/Users/andre/Documents/University Stuff/Future Games/LD-EA Course/LD-EA Game/LD-EA-Assigmment/LD_EA_Assignment/Content/ThirdPersonBP/Maps/ThirdPersonExampleMap_BuiltData.uexp" 113
"C:/Users/andre/Documents/University Stuff/Future Games/LD-EA Course/LD-EA Game/LD-EA-Assigmment/LD_EA_Assignment/Content/ThirdPersonBP/Maps/ThirdPersonExampleMap_BuiltData.ubulk" 114
"../../../Engine/Content/Animation/DefaultAnimBoneCompressionSettings.uasset" 115
"../../../Engine/Content/Animation/DefaultAnimBoneCompressionSettings.uexp" 116
"../../../Engine/Content/Animation/DefaultAnimCurveCompressionSettings.uasset" 117
"../../../Engine/Content/Animation/DefaultAnimCurveCompressionSettings.uexp" 118
"../../../Engine/Content/EngineMaterials/T_Default_Material_Grid_N.uasset" 119
"../../../Engine/Content/EngineMaterials/T_Default_Material_Grid_N.uexp" 120
"../../../Engine/Content/EngineMaterials/T_Default_Material_Grid_N.ubulk" 121
"../../../Engine/Content/EngineMaterials/T_Default_Material_Grid_M.uasset" 122
"../../../Engine/Content/EngineMaterials/T_Default_Material_Grid_M.uexp" 123
"../../../Engine/Content/EngineMaterials/T_Default_Material_Grid_M.ubulk" 124
"../../../Engine/Content/Functions/Engine_MaterialFunctions01/Opacity/CameraDepthFade.uasset" 125
"../../../Engine/Content/Functions/Engine_MaterialFunctions01/Opacity/CameraDepthFade.uexp" 126
"../../../Engine/Content/EngineMaterials/WorldGridMaterial.uasset" 127
"../../../Engine/Content/EngineMaterials/WorldGridMaterial.uexp" 128
"../../../Engine/Content/ArtTools/RenderToTexture/Meshes/S_1_Unit_Plane.uasset" 129
"../../../Engine/Content/ArtTools/RenderToTexture/Meshes/S_1_Unit_Plane.uexp" 130
"../../../Engine/Content/EngineMaterials/DefaultMaterial.uasset" 131
"../../../Engine/Content/EngineMaterials/DefaultMaterial.uexp" 132
"../../../Engine/Content/BasicShapes/Cone.uasset" 133
"../../../Engine/Content/BasicShapes/Cone.uexp" 134
"../../../Engine/Content/BasicShapes/Cube.uasset" 135
"../../../Engine/Content/BasicShapes/Cube.uexp" 136
"../../../Engine/Content/BasicShapes/Plane.uasset" 137
"../../../Engine/Content/BasicShapes/Plane.uexp" 138
"../../../Engine/Content/BasicShapes/Sphere.uasset" 139
"../../../Engine/Content/BasicShapes/Sphere.uexp" 140
"../../../Engine/Content/EditorLandscapeResources/DataLayer.uasset" 141
"../../../Engine/Content/EditorLandscapeResources/DataLayer.uexp" 142
"../../../Engine/Content/EditorLandscapeResources/DefaultAlphaTexture.uasset" 143
"../../../Engine/Content/EditorLandscapeResources/DefaultAlphaTexture.uexp" 144
"../../../Engine/Content/EditorMaterials/MAT_Groups_Toggle.uasset" 145
"../../../Engine/Content/EditorMaterials/MAT_Groups_Toggle.uexp" 146
"../../../Engine/Content/EditorMaterials/MAT_Groups_Visibility.uasset" 147
"../../../Engine/Content/EditorMaterials/MAT_Groups_Visibility.uexp" 148
"../../../Engine/Content/EditorMaterials/PreviewShadowIndicator.uasset" 149
"../../../Engine/Content/EditorMaterials/PreviewShadowIndicator.uexp" 150
"../../../Engine/Content/EditorMaterials/PreviewShadowIndicator.ubulk" 151
"../../../Engine/Content/EditorMaterials/PreviewShadowIndicatorMaterial.uasset" 152
"../../../Engine/Content/EditorMaterials/PreviewShadowIndicatorMaterial.uexp" 153
"../../../Engine/Content/EditorMaterials/MatineeGroups/MAT_ColorTrack.uasset" 154
"../../../Engine/Content/EditorMaterials/MatineeGroups/MAT_ColorTrack.uexp" 155
"../../../Engine/Content/EditorMaterials/MatineeGroups/MAT_Groups_Anim.uasset" 156
"../../../Engine/Content/EditorMaterials/MatineeGroups/MAT_Groups_Anim.uexp" 157
"../../../Engine/Content/EditorMaterials/MatineeGroups/MAT_Groups_AudioMaster.uasset" 158
"../../../Engine/Content/EditorMaterials/MatineeGroups/MAT_Groups_AudioMaster.uexp" 159
"../../../Engine/Content/EditorMaterials/MatineeGroups/MAT_Groups_Director.uasset" 160
"../../../Engine/Content/EditorMaterials/MatineeGroups/MAT_Groups_Director.uexp" 161
"../../../Engine/Content/EditorMaterials/MatineeGroups/MAT_Groups_Event.uasset" 162
"../../../Engine/Content/EditorMaterials/MatineeGroups/MAT_Groups_Event.uexp" 163
"../../../Engine/Content/EditorMaterials/MatineeGroups/MAT_Groups_Fade.uasset" 164
"../../../Engine/Content/EditorMaterials/MatineeGroups/MAT_Groups_Fade.uexp" 165
"../../../Engine/Content/EditorMaterials/MatineeGroups/MAT_Groups_Float.uasset" 166
"../../../Engine/Content/EditorMaterials/MatineeGroups/MAT_Groups_Float.uexp" 167
"../../../Engine/Content/EditorMaterials/MatineeGroups/MAT_Groups_Move.uasset" 168
"../../../Engine/Content/EditorMaterials/MatineeGroups/MAT_Groups_Move.uexp" 169
"../../../Engine/Content/EditorMaterials/MatineeGroups/MAT_Groups_Slomo.uasset" 170
"../../../Engine/Content/EditorMaterials/MatineeGroups/MAT_Groups_Slomo.uexp" 171
"../../../Engine/Content/EditorMaterials/MatineeGroups/MAT_Groups_Sound.uasset" 172
"../../../Engine/Content/EditorMaterials/MatineeGroups/MAT_Groups_Sound.uexp" 173
"../../../Engine/Content/EditorMaterials/MatineeGroups/MAT_Groups_Vector.uasset" 174
"../../../Engine/Content/EditorMaterials/MatineeGroups/MAT_Groups_Vector.uexp" 175
"../../../Engine/Content/EditorMaterials/ParticleSystems/PSysThumbnail_NoImage.uasset" 176
"../../../Engine/Content/EditorMaterials/ParticleSystems/PSysThumbnail_NoImage.uexp" 177
"../../../Engine/Content/EditorMaterials/ParticleSystems/PSysThumbnail_NoImage.ubulk" 178
"../../../Engine/Content/EditorMaterials/ParticleSystems/PSysThumbnail_OOD.uasset" 179
"../../../Engine/Content/EditorMaterials/ParticleSystems/PSysThumbnail_OOD.uexp" 180
"../../../Engine/Content/EditorMaterials/ParticleSystems/PSysThumbnail_OOD.ubulk" 181
"../../../Engine/Content/EditorMaterials/Camera/CineMat.uasset" 182
"../../../Engine/Content/EditorMaterials/Camera/CineMat.uexp" 183
"../../../Engine/Content/EditorMaterials/Camera/MI_CineMat_Rig.uasset" 184
"../../../Engine/Content/EditorMaterials/Camera/MI_CineMat_Rig.uexp" 185
"../../../Engine/Content/EditorMeshes/Camera/SM_CraneRig_Arm.uasset" 186
"../../../Engine/Content/EditorMeshes/Camera/SM_CraneRig_Arm.uexp" 187
"../../../Engine/Content/EditorMeshes/Camera/SM_CraneRig_Base.uasset" 188
"../../../Engine/Content/EditorMeshes/Camera/SM_CraneRig_Base.uexp" 189
"../../../Engine/Content/EditorMeshes/Camera/SM_CraneRig_Body.uasset" 190
"../../../Engine/Content/EditorMeshes/Camera/SM_CraneRig_Body.uexp" 191
"../../../Engine/Content/EditorMeshes/Camera/SM_CraneRig_Mount.uasset" 192
"../../../Engine/Content/EditorMeshes/Camera/SM_CraneRig_Mount.uexp" 193
"../../../Engine/Content/EditorMeshes/Camera/SM_RailRig_Mount.uasset" 194
"../../../Engine/Content/EditorMeshes/Camera/SM_RailRig_Mount.uexp" 195
"../../../Engine/Content/EditorMeshes/Camera/SM_RailRig_Track.uasset" 196
"../../../Engine/Content/EditorMeshes/Camera/SM_RailRig_Track.uexp" 197
"../../../Engine/Content/EditorResources/BSPVertex.uasset" 198
"../../../Engine/Content/EditorResources/BSPVertex.uexp" 199
"../../../Engine/Content/EditorResources/EmptyActor.uasset" 200
"../../../Engine/Content/EditorResources/EmptyActor.uexp" 201
"../../../Engine/Content/EditorResources/S_Actor.uasset" 202
"../../../Engine/Content/EditorResources/S_Actor.uexp" 203
"../../../Engine/Content/EditorResources/S_Actor.ubulk" 204
"../../../Engine/Content/EditorResources/S_Note.uasset" 205
"../../../Engine/Content/EditorResources/S_Note.uexp" 206
"../../../Engine/Content/EditorResources/S_Note.ubulk" 207
"../../../Engine/Content/EditorResources/S_Solver.uasset" 208
"../../../Engine/Content/EditorResources/S_Solver.uexp" 209
"../../../Engine/Content/EditorResources/S_Solver.ubulk" 210
"../../../Engine/Content/EditorResources/S_Terrain.uasset" 211
"../../../Engine/Content/EditorResources/S_Terrain.uexp" 212
"../../../Engine/Content/EditorResources/S_Terrain.ubulk" 213
"../../../Engine/Content/EditorResources/S_Trigger.uasset" 214
"../../../Engine/Content/EditorResources/S_Trigger.uexp" 215
"../../../Engine/Content/EditorResources/S_Trigger.ubulk" 216
"../../../Engine/Content/EditorResources/LightIcons/S_LightError.uasset" 217
"../../../Engine/Content/EditorResources/LightIcons/S_LightError.uexp" 218
"../../../Engine/Content/EditorResources/SequenceRecorder/Countdown.uasset" 219
"../../../Engine/Content/EditorResources/SequenceRecorder/Countdown.uexp" 220
"../../../Engine/Content/EditorResources/SequenceRecorder/RecordingIndicator.uasset" 221
"../../../Engine/Content/EditorResources/SequenceRecorder/RecordingIndicator.uexp" 222
"../../../Engine/Content/EngineDamageTypes/DmgTypeBP_Environmental.uasset" 223
"../../../Engine/Content/EngineDamageTypes/DmgTypeBP_Environmental.uexp" 224
"../../../Engine/Content/EngineDebugMaterials/DebugEditorMaterial.uasset" 225
"../../../Engine/Content/EngineDebugMaterials/DebugEditorMaterial.uexp" 226
"../../../Engine/Content/EngineDebugMaterials/DebugMeshMaterial.uasset" 227
"../../../Engine/Content/EngineDebugMaterials/DebugMeshMaterial.uexp" 228
"../../../Engine/Content/EngineDebugMaterials/M_SimpleUnlitTranslucent.uasset" 229
"../../../Engine/Content/EngineDebugMaterials/M_SimpleUnlitTranslucent.uexp" 230
"../../../Engine/Content/EngineDebugMaterials/VolumeToRender.uasset" 231
"../../../Engine/Content/EngineDebugMaterials/VolumeToRender.uexp" 232
"../../../Engine/Content/Functions/Engine_MaterialFunctions02/Utility/CameraDirectionVector.uasset" 233
"../../../Engine/Content/Functions/Engine_MaterialFunctions02/Utility/CameraDirectionVector.uexp" 234
"../../../Engine/Content/EngineDebugMaterials/M_VolumeRenderSphereTracePP.uasset" 235
"../../../Engine/Content/EngineDebugMaterials/M_VolumeRenderSphereTracePP.uexp" 236
"../../../Engine/Content/Functions/Engine_MaterialFunctions01/Shading/ConvertFromDiffSpec.uasset" 237
"../../../Engine/Content/Functions/Engine_MaterialFunctions01/Shading/ConvertFromDiffSpec.uexp" 238
"../../../Engine/Content/EngineDebugMaterials/VertexColorMaterial.uasset" 239
"../../../Engine/Content/EngineDebugMaterials/VertexColorMaterial.uexp" 240
"../../../Engine/Content/EngineDebugMaterials/WireframeMaterial.uasset" 241
"../../../Engine/Content/EngineDebugMaterials/WireframeMaterial.uexp" 242
"../../../Engine/Content/EngineFonts/Faces/RobotoRegular.uasset" 243
"../../../Engine/Content/EngineFonts/Faces/RobotoRegular.uexp" 244
"../../../Engine/Content/EngineFonts/Faces/RobotoRegular.ufont" 245
"../../../Engine/Content/EngineFonts/Faces/RobotoLight.uasset" 246
"../../../Engine/Content/EngineFonts/Faces/RobotoLight.uexp" 247
"../../../Engine/Content/EngineFonts/Faces/RobotoLight.ufont" 248
"../../../Engine/Content/EngineFonts/Faces/RobotoItalic.uasset" 249
"../../../Engine/Content/EngineFonts/Faces/RobotoItalic.uexp" 250
"../../../Engine/Content/EngineFonts/Faces/RobotoItalic.ufont" 251
"../../../Engine/Content/EngineFonts/Faces/RobotoBoldItalic.uasset" 252
"../../../Engine/Content/EngineFonts/Faces/RobotoBoldItalic.uexp" 253
"../../../Engine/Content/EngineFonts/Faces/RobotoBoldItalic.ufont" 254
"../../../Engine/Content/EngineFonts/Faces/RobotoBold.uasset" 255
"../../../Engine/Content/EngineFonts/Faces/RobotoBold.uexp" 256
"../../../Engine/Content/EngineFonts/Faces/RobotoBold.ufont" 257
"../../../Engine/Content/EngineFonts/Faces/DroidSansFallback.uasset" 258
"../../../Engine/Content/EngineFonts/Faces/DroidSansFallback.uexp" 259
"../../../Engine/Content/EngineFonts/Faces/DroidSansFallback.ufont" 260
"../../../Engine/Content/EngineFonts/Roboto.uasset" 261
"../../../Engine/Content/EngineFonts/Roboto.uexp" 262
"../../../Engine/Content/EngineMaterials/BaseFlattenNormalMap.uasset" 263
"../../../Engine/Content/EngineMaterials/BaseFlattenNormalMap.uexp" 264
"../../../Engine/Content/EngineMaterials/BaseFlattenGrayscaleMap.uasset" 265
"../../../Engine/Content/EngineMaterials/BaseFlattenGrayscaleMap.uexp" 266
"../../../Engine/Content/EngineMaterials/BaseFlattenEmissiveMap.uasset" 267
"../../../Engine/Content/EngineMaterials/BaseFlattenEmissiveMap.uexp" 268
"../../../Engine/Content/EngineMaterials/BaseFlattenDiffuseMap.uasset" 269
"../../../Engine/Content/EngineMaterials/BaseFlattenDiffuseMap.uexp" 270
"../../../Engine/Content/EngineMaterials/BaseFlattenMaterial.uasset" 271
"../../../Engine/Content/EngineMaterials/BaseFlattenMaterial.uexp" 272
"../../../Engine/Content/EngineMaterials/BlueNoise.uasset" 273
"../../../Engine/Content/EngineMaterials/BlueNoise.uexp" 274
"../../../Engine/Content/EngineMaterials/DefaultBloomKernel.uasset" 275
"../../../Engine/Content/EngineMaterials/DefaultBloomKernel.uexp" 276
"../../../Engine/Content/EngineMaterials/DefaultBokeh.uasset" 277
"../../../Engine/Content/EngineMaterials/DefaultBokeh.uexp" 278
"../../../Engine/Content/EngineMaterials/DefaultDiffuse.uasset" 279
"../../../Engine/Content/EngineMaterials/DefaultDiffuse.uexp" 280
"../../../Engine/Content/EngineMaterials/DefaultDiffuse.ubulk" 281
"../../../Engine/Content/EngineMaterials/DefaultDeferredDecalMaterial.uasset" 282
"../../../Engine/Content/EngineMaterials/DefaultDeferredDecalMaterial.uexp" 283
"../../../Engine/Content/EngineMaterials/DefaultLightFunctionMaterial.uasset" 284
"../../../Engine/Content/EngineMaterials/DefaultLightFunctionMaterial.uexp" 285
"../../../Engine/Content/EngineMaterials/DefaultPhysicalMaterial.uasset" 286
"../../../Engine/Content/EngineMaterials/DefaultPhysicalMaterial.uexp" 287
"../../../Engine/Content/Functions/Engine_MaterialFunctions02/Utility/BreakOutFloat2Components.uasset" 288
"../../../Engine/Content/Functions/Engine_MaterialFunctions02/Utility/BreakOutFloat2Components.uexp" 289
"../../../Engine/Content/EngineMaterials/DefaultPostProcessMaterial.uasset" 290
"../../../Engine/Content/EngineMaterials/DefaultPostProcessMaterial.uexp" 291
"../../../Engine/Content/EngineFonts/RobotoDistanceField.uasset" 292
"../../../Engine/Content/EngineFonts/RobotoDistanceField.uexp" 293
"../../../Engine/Content/EngineMaterials/DefaultTextMaterialOpaque.uasset" 294
"../../../Engine/Content/EngineMaterials/DefaultTextMaterialOpaque.uexp" 295
"../../../Engine/Content/EngineMaterials/DefaultWhiteGrid.uasset" 296
"../../../Engine/Content/EngineMaterials/DefaultWhiteGrid.uexp" 297
"../../../Engine/Content/EngineMaterials/DefaultWhiteGrid.ubulk" 298
"../../../Engine/Content/EngineMaterials/DefaultWhiteGrid_Low.uasset" 299
"../../../Engine/Content/EngineMaterials/DefaultWhiteGrid_Low.uexp" 300
"../../../Engine/Content/EngineMaterials/EmissiveMeshMaterial.uasset" 301
"../../../Engine/Content/EngineMaterials/EmissiveMeshMaterial.uexp" 302
"../../../Engine/Content/EngineMaterials/GizmoMaterial.uasset" 303
"../../../Engine/Content/EngineMaterials/GizmoMaterial.uexp" 304
"../../../Engine/Content/EngineMaterials/Good64x64TilingNoiseHighFreq.uasset" 305
"../../../Engine/Content/EngineMaterials/Good64x64TilingNoiseHighFreq.uexp" 306
"../../../Engine/Content/EngineMaterials/MiniFont.uasset" 307
"../../../Engine/Content/EngineMaterials/MiniFont.uexp" 308
"../../../Engine/Content/EngineMaterials/InvalidLightmapSettings.uasset" 309
"../../../Engine/Content/EngineMaterials/InvalidLightmapSettings.uexp" 310
"../../../Engine/Content/EngineMaterials/InvalidLightmapSettings.ubulk" 311
"../../../Engine/Content/EngineMaterials/M_InvalidLightmapSettings.uasset" 312
"../../../Engine/Content/EngineMaterials/M_InvalidLightmapSettings.uexp" 313
"../../../Engine/Content/Functions/Engine_MaterialFunctions02/WorldPositionOffset/CameraOffset.uasset" 314
"../../../Engine/Content/Functions/Engine_MaterialFunctions02/WorldPositionOffset/CameraOffset.uexp" 315
"../../../Engine/Content/EngineMaterials/PhAT_JointLimitMaterial.uasset" 316
"../../../Engine/Content/EngineMaterials/PhAT_JointLimitMaterial.uexp" 317
"../../../Engine/Content/EngineMaterials/DefaultCalibrationColor.uasset" 318
"../../../Engine/Content/EngineMaterials/DefaultCalibrationColor.uexp" 319
"../../../Engine/Content/EngineMaterials/PPM_DefaultCalibrationColor.uasset" 320
"../../../Engine/Content/EngineMaterials/PPM_DefaultCalibrationColor.uexp" 321
"../../../Engine/Content/EngineMaterials/DefaultCalibrationGrayscale.uasset" 322
"../../../Engine/Content/EngineMaterials/DefaultCalibrationGrayscale.uexp" 323
"../../../Engine/Content/EngineMaterials/PPM_DefaultCalibrationGrayscale.uasset" 324
"../../../Engine/Content/EngineMaterials/PPM_DefaultCalibrationGrayscale.uexp" 325
"../../../Engine/Content/EngineMaterials/PreintegratedSkinBRDF.uasset" 326
"../../../Engine/Content/EngineMaterials/PreintegratedSkinBRDF.uexp" 327
"../../../Engine/Content/EngineMaterials/RemoveSurfaceMaterial.uasset" 328
"../../../Engine/Content/EngineMaterials/RemoveSurfaceMaterial.uexp" 329
"../../../Engine/Content/EngineMaterials/WeightMapPlaceholderTexture.uasset" 330
"../../../Engine/Content/EngineMaterials/WeightMapPlaceholderTexture.uexp" 331
"../../../Engine/Content/EngineResources/WhiteSquareTexture.uasset" 332
"../../../Engine/Content/EngineResources/WhiteSquareTexture.uexp" 333
"../../../Engine/Content/EngineMaterials/Widget3DPassThrough.uasset" 334
"../../../Engine/Content/EngineMaterials/Widget3DPassThrough.uexp" 335
"../../../Engine/Content/EngineMaterials/Widget3DPassThrough_Masked.uasset" 336
"../../../Engine/Content/EngineMaterials/Widget3DPassThrough_Masked.uexp" 337
"../../../Engine/Content/EngineMaterials/Widget3DPassThrough_Opaque.uasset" 338
"../../../Engine/Content/EngineMaterials/Widget3DPassThrough_Opaque.uexp" 339
"../../../Engine/Content/EngineMaterials/Widget3DPassThrough_Masked_OneSided.uasset" 340
"../../../Engine/Content/EngineMaterials/Widget3DPassThrough_Masked_OneSided.uexp" 341
"../../../Engine/Content/EngineMaterials/Widget3DPassThrough_Opaque_OneSided.uasset" 342
"../../../Engine/Content/EngineMaterials/Widget3DPassThrough_Opaque_OneSided.uexp" 343
"../../../Engine/Content/EngineMaterials/Widget3DPassThrough_Translucent.uasset" 344
"../../../Engine/Content/EngineMaterials/Widget3DPassThrough_Translucent.uexp" 345
"../../../Engine/Content/EngineMaterials/Widget3DPassThrough_Translucent_OneSided.uasset" 346
"../../../Engine/Content/EngineMaterials/Widget3DPassThrough_Translucent_OneSided.uexp" 347
"../../../Engine/Content/EngineMeshes/Cylinder.uasset" 348
"../../../Engine/Content/EngineMeshes/Cylinder.uexp" 349
"../../../Engine/Content/EngineMeshes/Sphere.uasset" 350
"../../../Engine/Content/EngineMeshes/Sphere.uexp" 351
"../../../Engine/Content/EngineResources/DefaultTexture.uasset" 352
"../../../Engine/Content/EngineResources/DefaultTexture.uexp" 353
"../../../Engine/Content/EngineResources/DefaultTexture.ubulk" 354
"../../../Engine/Content/EngineResources/DefaultTextureCube.uasset" 355
"../../../Engine/Content/EngineResources/DefaultTextureCube.uexp" 356
"../../../Engine/Content/EngineResources/DefaultVolumeTexture2D.uasset" 357
"../../../Engine/Content/EngineResources/DefaultVolumeTexture2D.uexp" 358
"../../../Engine/Content/EngineResources/DefaultVolumeTexture.uasset" 359
"../../../Engine/Content/EngineResources/DefaultVolumeTexture.uexp" 360
"../../../Engine/Content/EngineResources/GradientTexture0.uasset" 361
"../../../Engine/Content/EngineResources/GradientTexture0.uexp" 362
"../../../Engine/Content/EngineSky/VolumetricClouds/T_NoiseShape64.uasset" 363
"../../../Engine/Content/EngineSky/VolumetricClouds/T_NoiseShape64.uexp" 364
"../../../Engine/Content/EngineSky/VolumetricClouds/T_NoiseShape64.ubulk" 365
"../../../Engine/Content/EngineSky/VolumetricClouds/T_VolumeNoiseShape64.uasset" 366
"../../../Engine/Content/EngineSky/VolumetricClouds/T_VolumeNoiseShape64.uexp" 367
"../../../Engine/Content/EngineSky/VolumetricClouds/T_NoiseErosion.uasset" 368
"../../../Engine/Content/EngineSky/VolumetricClouds/T_NoiseErosion.uexp" 369
"../../../Engine/Content/EngineSky/VolumetricClouds/T_NoiseErosion.ubulk" 370
"../../../Engine/Content/EngineSky/VolumetricClouds/T_VolumeNoiseErosion32.uasset" 371
"../../../Engine/Content/EngineSky/VolumetricClouds/T_VolumeNoiseErosion32.uexp" 372
"../../../Engine/Content/EngineSky/VolumetricClouds/CloudWeatherTexture.uasset" 373
"../../../Engine/Content/EngineSky/VolumetricClouds/CloudWeatherTexture.uexp" 374
"../../../Engine/Content/EngineSky/VolumetricClouds/CloudGradientTexture.uasset" 375
"../../../Engine/Content/EngineSky/VolumetricClouds/CloudGradientTexture.uexp" 376
"../../../Engine/Content/Functions/Engine_MaterialFunctions02/Utility/MakeFloat2.uasset" 377
"../../../Engine/Content/Functions/Engine_MaterialFunctions02/Utility/MakeFloat2.uexp" 378
"../../../Engine/Content/EngineSky/VolumetricClouds/m_SimpleVolumetricCloud.uasset" 379
"../../../Engine/Content/EngineSky/VolumetricClouds/m_SimpleVolumetricCloud.uexp" 380
"../../../Engine/Content/EngineSky/VolumetricClouds/m_SimpleVolumetricCloud_Inst.uasset" 381
"../../../Engine/Content/EngineSky/VolumetricClouds/m_SimpleVolumetricCloud_Inst.uexp" 382
"../../../Engine/Content/EngineSounds/Master.uasset" 383
"../../../Engine/Content/EngineSounds/Master.uexp" 384
"../../../Engine/Content/Functions/Engine_MaterialFunctions01/Shading/PowerToRoughness.uasset" 385
"../../../Engine/Content/Functions/Engine_MaterialFunctions01/Shading/PowerToRoughness.uexp" 386
"../../../Engine/Content/Maps/Templates/Thumbnails/Default.uasset" 387
"../../../Engine/Content/Maps/Templates/Thumbnails/Default.uexp" 388
"../../../Engine/Content/Maps/Templates/Thumbnails/TimeOfDay.uasset" 389
"../../../Engine/Content/Maps/Templates/Thumbnails/TimeOfDay.uexp" 390
"../../../Engine/Content/Maps/Templates/Thumbnails/VR-Basic.uasset" 391
"../../../Engine/Content/Maps/Templates/Thumbnails/VR-Basic.uexp" 392
"../../../Engine/Content/MobileResources/T_MobileControls_texture.uasset" 393
"../../../Engine/Content/MobileResources/T_MobileControls_texture.uexp" 394
"../../../Engine/Content/MobileResources/T_MobileMenu2.uasset" 395
"../../../Engine/Content/MobileResources/T_MobileMenu2.uexp" 396
"../../../Engine/Content/MobileResources/HUD/AnalogHat.uasset" 397
"../../../Engine/Content/MobileResources/HUD/AnalogHat.uexp" 398
"../../../Engine/Content/MobileResources/HUD/VirtualJoystick_Thumb.uasset" 399
"../../../Engine/Content/MobileResources/HUD/VirtualJoystick_Thumb.uexp" 400
"../../../Engine/Content/MobileResources/HUD/VirtualJoystick_Background.uasset" 401
"../../../Engine/Content/MobileResources/HUD/VirtualJoystick_Background.uexp" 402
"../../../Engine/Content/MobileResources/HUD/DefaultVirtualJoysticks.uasset" 403
"../../../Engine/Content/MobileResources/HUD/DefaultVirtualJoysticks.uexp" 404
"../../../Engine/Content/MobileResources/HUD/LeftVirtualJoystickOnly.uasset" 405
"../../../Engine/Content/MobileResources/HUD/LeftVirtualJoystickOnly.uexp" 406
"../../../Engine/Content/MobileResources/HUD/MobileHUDButton1_off.uasset" 407
"../../../Engine/Content/MobileResources/HUD/MobileHUDButton1_off.uexp" 408
"../../../Engine/Content/MobileResources/HUD/MobileHUDButton1_on.uasset" 409
"../../../Engine/Content/MobileResources/HUD/MobileHUDButton1_on.uexp" 410
"../../../Engine/Content/MobileResources/HUD/MobileHUDButton2_off.uasset" 411
"../../../Engine/Content/MobileResources/HUD/MobileHUDButton2_off.uexp" 412
"../../../Engine/Content/MobileResources/HUD/MobileHUDButton2_on.uasset" 413
"../../../Engine/Content/MobileResources/HUD/MobileHUDButton2_on.uexp" 414
"../../../Engine/Content/MobileResources/HUD/MobileHUDButton3.uasset" 415
"../../../Engine/Content/MobileResources/HUD/MobileHUDButton3.uexp" 416
"../../../Engine/Content/MobileResources/HUD/MobileHUDButtonFire.uasset" 417
"../../../Engine/Content/MobileResources/HUD/MobileHUDButtonFire.uexp" 418
"../../../Engine/Content/MobileResources/HUD/MobileHUDDirectionPad.uasset" 419
"../../../Engine/Content/MobileResources/HUD/MobileHUDDirectionPad.uexp" 420
"../../../Engine/Content/MobileResources/HUD/MobileHUDDirectionPad2.uasset" 421
"../../../Engine/Content/MobileResources/HUD/MobileHUDDirectionPad2.uexp" 422
"../../../Engine/Content/MobileResources/HUD/MobileHUDDirectionPad3.uasset" 423
"../../../Engine/Content/MobileResources/HUD/MobileHUDDirectionPad3.uexp" 424
"../../../Engine/Content/MobileResources/HUD/MobileHUDDirectionStick.uasset" 425
"../../../Engine/Content/MobileResources/HUD/MobileHUDDirectionStick.uexp" 426
"../../../Engine/Content/MobileResources/HUD/T_Castle_ThumbstickInner.uasset" 427
"../../../Engine/Content/MobileResources/HUD/T_Castle_ThumbstickInner.uexp" 428
"../../../Engine/Content/MobileResources/HUD/T_Castle_ThumbstickOutter.uasset" 429
"../../../Engine/Content/MobileResources/HUD/T_Castle_ThumbstickOutter.uexp" 430
"../../../Engine/Content/Tutorial/ContentIntroCurve.uasset" 431
"../../../Engine/Content/Tutorial/ContentIntroCurve.uexp" 432
"../../../Engine/Content/VREditor/TransformGizmo/TranslucentTransformGizmoMaterial.uasset" 433
"../../../Engine/Content/VREditor/TransformGizmo/TranslucentTransformGizmoMaterial.uexp" 434
"../../../Engine/Content/VREditor/LaserPointer/VR_LaserPower_01.uasset" 435
"../../../Engine/Content/VREditor/LaserPointer/VR_LaserPower_01.uexp" 436
"../../../Engine/Content/VREditor/LaserPointer/VR_LaserPower_01.ubulk" 437
"../../../Engine/Content/VREditor/TransformGizmo/TransformGizmoMaterial.uasset" 438
"../../../Engine/Content/VREditor/TransformGizmo/TransformGizmoMaterial.uexp" 439
"../../../Engine/Content/VREditor/TransformGizmo/BoundingBoxCorner.uasset" 440
"../../../Engine/Content/VREditor/TransformGizmo/BoundingBoxCorner.uexp" 441
"../../../Engine/Content/VREditor/TransformGizmo/BoundingBoxEdge.uasset" 442
"../../../Engine/Content/VREditor/TransformGizmo/BoundingBoxEdge.uexp" 443
"../../../Engine/Content/VREditor/TransformGizmo/PlaneTranslationHandle.uasset" 444
"../../../Engine/Content/VREditor/TransformGizmo/PlaneTranslationHandle.uexp" 445
"../../../Engine/Content/VREditor/TransformGizmo/Xray.uasset" 446
"../../../Engine/Content/VREditor/TransformGizmo/Xray.uexp" 447
"../../../Engine/Content/VREditor/TransformGizmo/Main.uasset" 448
"../../../Engine/Content/VREditor/TransformGizmo/Main.uexp" 449
"../../../Engine/Content/VREditor/TransformGizmo/SM_Sequencer_Key.uasset" 450
"../../../Engine/Content/VREditor/TransformGizmo/SM_Sequencer_Key.uexp" 451
"../../../Engine/Content/VREditor/TransformGizmo/SM_Sequencer_Node.uasset" 452
"../../../Engine/Content/VREditor/TransformGizmo/SM_Sequencer_Node.uexp" 453
"../../../Engine/Plugins/2D/Paper2D/Content/PlaceholderTextures/DummySpriteTexture.uasset" 454
"../../../Engine/Plugins/2D/Paper2D/Content/PlaceholderTextures/DummySpriteTexture.uexp" 455
"../../../Engine/Plugins/2D/Paper2D/Content/PlaceholderTextures/DummySpriteTexture.ubulk" 456
"../../../Engine/Plugins/2D/Paper2D/Content/DummySprite.uasset" 457
"../../../Engine/Plugins/2D/Paper2D/Content/DummySprite.uexp" 458
"../../../Engine/Plugins/2D/Paper2D/Content/DefaultPaperTerrainMaterial.uasset" 459
"../../../Engine/Plugins/2D/Paper2D/Content/DefaultPaperTerrainMaterial.uexp" 460
"../../../Engine/Plugins/2D/Paper2D/Content/DefaultSpriteMaterial.uasset" 461
"../../../Engine/Plugins/2D/Paper2D/Content/DefaultSpriteMaterial.uexp" 462
"../../../Engine/Plugins/2D/Paper2D/Content/MaskedUnlitSpriteMaterial.uasset" 463
"../../../Engine/Plugins/2D/Paper2D/Content/MaskedUnlitSpriteMaterial.uexp" 464
"../../../Engine/Plugins/2D/Paper2D/Content/OpaqueUnlitSpriteMaterial.uasset" 465
"../../../Engine/Plugins/2D/Paper2D/Content/OpaqueUnlitSpriteMaterial.uexp" 466
"../../../Engine/Content/Functions/Engine_MaterialFunctions02/Utility/VectorLength.uasset" 467
"../../../Engine/Content/Functions/Engine_MaterialFunctions02/Utility/VectorLength.uexp" 468
"../../../Engine/Content/Functions/Engine_MaterialFunctions02/ObjectLocalBounds.uasset" 469
"../../../Engine/Content/Functions/Engine_MaterialFunctions02/ObjectLocalBounds.uexp" 470
"../../../Engine/Content/Functions/Engine_MaterialFunctions02/WorldPositionOffset/ObjectScale.uasset" 471
"../../../Engine/Content/Functions/Engine_MaterialFunctions02/WorldPositionOffset/ObjectScale.uexp" 472
"../../../Engine/Content/Functions/Engine_MaterialFunctions02/Utility/BreakOutFloat3Components.uasset" 473
"../../../Engine/Content/Functions/Engine_MaterialFunctions02/Utility/BreakOutFloat3Components.uexp" 474
"../../../Engine/Plugins/Editor/SpeedTreeImporter/Content/SpeedTree9/UnpackInteger3.uasset" 475
"../../../Engine/Plugins/Editor/SpeedTreeImporter/Content/SpeedTree9/UnpackInteger3.uexp" 476
"../../../Engine/Plugins/Editor/SpeedTreeImporter/Content/SpeedTree9/UnpackDirection.uasset" 477
"../../../Engine/Plugins/Editor/SpeedTreeImporter/Content/SpeedTree9/UnpackDirection.uexp" 478
"../../../Engine/Plugins/Editor/SpeedTreeImporter/Content/SpeedTree9/game_wind_noise.uasset" 479
"../../../Engine/Plugins/Editor/SpeedTreeImporter/Content/SpeedTree9/game_wind_noise.uexp" 480
"../../../Engine/Plugins/Editor/SpeedTreeImporter/Content/SpeedTree9/game_wind_noise.ubulk" 481
"../../../Engine/Content/Functions/Engine_MaterialFunctions02/SafeNormalize.uasset" 482
"../../../Engine/Content/Functions/Engine_MaterialFunctions02/SafeNormalize.uexp" 483
"../../../Engine/Plugins/Editor/SpeedTreeImporter/Content/SpeedTree9/SpeedTreeWindMotion.uasset" 484
"../../../Engine/Plugins/Editor/SpeedTreeImporter/Content/SpeedTree9/SpeedTreeWindMotion.uexp" 485
"../../../Engine/Plugins/Editor/SpeedTreeImporter/Content/SpeedTree9/SpeedTreeBranchMotion.uasset" 486
"../../../Engine/Plugins/Editor/SpeedTreeImporter/Content/SpeedTree9/SpeedTreeBranchMotion.uexp" 487
"../../../Engine/Content/Functions/Engine_MaterialFunctions02/UVs/BoundingBoxBased_0-1_UVW.uasset" 488
"../../../Engine/Content/Functions/Engine_MaterialFunctions02/UVs/BoundingBoxBased_0-1_UVW.uexp" 489
"../../../Engine/Plugins/Editor/SpeedTreeImporter/Content/SpeedTree9/SpeedTreeWind.uasset" 490
"../../../Engine/Plugins/Editor/SpeedTreeImporter/Content/SpeedTree9/SpeedTreeWind.uexp" 491
"../../../Engine/Plugins/Editor/SpeedTreeImporter/Content/SpeedTree9/SpeedTreeBillboard.uasset" 492
"../../../Engine/Plugins/Editor/SpeedTreeImporter/Content/SpeedTree9/SpeedTreeBillboard.uexp" 493
"../../../Engine/Plugins/Editor/SpeedTreeImporter/Content/SpeedTree9/EmptyNormal.uasset" 494
"../../../Engine/Plugins/Editor/SpeedTreeImporter/Content/SpeedTree9/EmptyNormal.uexp" 495
"../../../Engine/Plugins/Editor/SpeedTreeImporter/Content/SpeedTree9/Empty.uasset" 496
"../../../Engine/Plugins/Editor/SpeedTreeImporter/Content/SpeedTree9/Empty.uexp" 497
"../../../Engine/Plugins/Editor/SpeedTreeImporter/Content/SpeedTree9/SpeedTreeBillboardMaster.uasset" 498
"../../../Engine/Plugins/Editor/SpeedTreeImporter/Content/SpeedTree9/SpeedTreeBillboardMaster.uexp" 499
"../../../Engine/Plugins/Editor/SpeedTreeImporter/Content/SpeedTree9/SpeedTreeCameraFacing.uasset" 500
"../../../Engine/Plugins/Editor/SpeedTreeImporter/Content/SpeedTree9/SpeedTreeCameraFacing.uexp" 501
"../../../Engine/Plugins/Editor/SpeedTreeImporter/Content/SpeedTree9/SpeedTreeMaster.uasset" 502
"../../../Engine/Plugins/Editor/SpeedTreeImporter/Content/SpeedTree9/SpeedTreeMaster.uexp" 503
"../../../Engine/Content/BasicShapes/Cylinder.uasset" 504
"../../../Engine/Content/BasicShapes/Cylinder.uexp" 505
"../../../Engine/Content/ArtTools/RenderToTexture/Materials/Debug/M_Emissive_Color.uasset" 506
"../../../Engine/Content/ArtTools/RenderToTexture/Materials/Debug/M_Emissive_Color.uexp" 507
"../../../Engine/Plugins/Lumin/MagicLeapPassableWorld/Content/MagicLeapARPinInfoActor.uasset" 508
"../../../Engine/Plugins/Lumin/MagicLeapPassableWorld/Content/MagicLeapARPinInfoActor.uexp" 509
"../../../Engine/Plugins/Runtime/OpenXR/Content/Devices/GoogleDaydream/MRTexture.uasset" 510
"../../../Engine/Plugins/Runtime/OpenXR/Content/Devices/GoogleDaydream/MRTexture.uexp" 511
"../../../Engine/Plugins/Runtime/OpenXR/Content/Devices/GoogleDaydream/MRTexture.ubulk" 512
"../../../Engine/Plugins/Runtime/OpenXR/Content/Devices/GoogleDaydream/BaseTexture.uasset" 513
"../../../Engine/Plugins/Runtime/OpenXR/Content/Devices/GoogleDaydream/BaseTexture.uexp" 514
"../../../Engine/Plugins/Runtime/OpenXR/Content/Devices/GoogleDaydream/BaseTexture.ubulk" 515
"../../../Engine/Content/EngineResources/Black.uasset" 516
"../../../Engine/Content/EngineResources/Black.uexp" 517
"../../../Engine/Plugins/Runtime/OpenXR/Content/Devices/M_XRController.uasset" 518
"../../../Engine/Plugins/Runtime/OpenXR/Content/Devices/M_XRController.uexp" 519
"../../../Engine/Plugins/Runtime/OpenXR/Content/Devices/GoogleDaydream/MI_GoogleDaydream.uasset" 520
"../../../Engine/Plugins/Runtime/OpenXR/Content/Devices/GoogleDaydream/MI_GoogleDaydream.uexp" 521
"../../../Engine/Plugins/Runtime/OpenXR/Content/Devices/GoogleDaydream/GoogleDaydreamController.uasset" 522
"../../../Engine/Plugins/Runtime/OpenXR/Content/Devices/GoogleDaydream/GoogleDaydreamController.uexp" 523
"../../../Engine/Plugins/Runtime/OpenXR/Content/Devices/HTCVive/BaseTexture.uasset" 524
"../../../Engine/Plugins/Runtime/OpenXR/Content/Devices/HTCVive/BaseTexture.uexp" 525
"../../../Engine/Plugins/Runtime/OpenXR/Content/Devices/HTCVive/BaseTexture.ubulk" 526
"../../../Engine/Plugins/Runtime/OpenXR/Content/Devices/HTCVive/MI_HTCVive.uasset" 527
"../../../Engine/Plugins/Runtime/OpenXR/Content/Devices/HTCVive/MI_HTCVive.uexp" 528
"../../../Engine/Plugins/Runtime/OpenXR/Content/Devices/HTCVive/HTCViveController.uasset" 529
"../../../Engine/Plugins/Runtime/OpenXR/Content/Devices/HTCVive/HTCViveController.uexp" 530
"../../../Engine/Plugins/Runtime/OpenXR/Content/Devices/MicrosoftMixedReality/EmissiveTexture.uasset" 531
"../../../Engine/Plugins/Runtime/OpenXR/Content/Devices/MicrosoftMixedReality/EmissiveTexture.uexp" 532
"../../../Engine/Plugins/Runtime/OpenXR/Content/Devices/MicrosoftMixedReality/EmissiveTexture.ubulk" 533
"../../../Engine/Plugins/Runtime/OpenXR/Content/Devices/MicrosoftMixedReality/BaseTexture.uasset" 534
"../../../Engine/Plugins/Runtime/OpenXR/Content/Devices/MicrosoftMixedReality/BaseTexture.uexp" 535
"../../../Engine/Plugins/Runtime/OpenXR/Content/Devices/MicrosoftMixedReality/BaseTexture.ubulk" 536
"../../../Engine/Plugins/Runtime/OpenXR/Content/Devices/MicrosoftMixedReality/NormalTexture.uasset" 537
"../../../Engine/Plugins/Runtime/OpenXR/Content/Devices/MicrosoftMixedReality/NormalTexture.uexp" 538
"../../../Engine/Plugins/Runtime/OpenXR/Content/Devices/MicrosoftMixedReality/NormalTexture.ubulk" 539
"../../../Engine/Plugins/Runtime/OpenXR/Content/Devices/MicrosoftMixedReality/MRTexture.uasset" 540
"../../../Engine/Plugins/Runtime/OpenXR/Content/Devices/MicrosoftMixedReality/MRTexture.uexp" 541
"../../../Engine/Plugins/Runtime/OpenXR/Content/Devices/MicrosoftMixedReality/MRTexture.ubulk" 542
"../../../Engine/Plugins/Runtime/OpenXR/Content/Devices/MicrosoftMixedReality/MI_MicrosoftMixedReality.uasset" 543
"../../../Engine/Plugins/Runtime/OpenXR/Content/Devices/MicrosoftMixedReality/MI_MicrosoftMixedReality.uexp" 544
"../../../Engine/Plugins/Runtime/OpenXR/Content/Devices/MicrosoftMixedReality/Left/left_MicrosoftMixedRealityController.uasset" 545
"../../../Engine/Plugins/Runtime/OpenXR/Content/Devices/MicrosoftMixedReality/Left/left_MicrosoftMixedRealityController.uexp" 546
"../../../Engine/Plugins/Runtime/OpenXR/Content/Devices/OculusGo/BaseTexture.uasset" 547
"../../../Engine/Plugins/Runtime/OpenXR/Content/Devices/OculusGo/BaseTexture.uexp" 548
"../../../Engine/Plugins/Runtime/OpenXR/Content/Devices/OculusGo/BaseTexture.ubulk" 549
"../../../Engine/Plugins/Runtime/OpenXR/Content/Devices/OculusGo/MI_OculusGo.uasset" 550
"../../../Engine/Plugins/Runtime/OpenXR/Content/Devices/OculusGo/MI_OculusGo.uexp" 551
"../../../Engine/Plugins/Runtime/OpenXR/Content/Devices/OculusGo/OculusGoController.uasset" 552
"../../../Engine/Plugins/Runtime/OpenXR/Content/Devices/OculusGo/OculusGoController.uexp" 553
"../../../Engine/Plugins/Runtime/OpenXR/Content/Devices/OculusTouch/MRTexture.uasset" 554
"../../../Engine/Plugins/Runtime/OpenXR/Content/Devices/OculusTouch/MRTexture.uexp" 555
"../../../Engine/Plugins/Runtime/OpenXR/Content/Devices/OculusTouch/MRTexture.ubulk" 556
"../../../Engine/Plugins/Runtime/OpenXR/Content/Devices/OculusTouch/BaseTexture.uasset" 557
"../../../Engine/Plugins/Runtime/OpenXR/Content/Devices/OculusTouch/BaseTexture.uexp" 558
"../../../Engine/Plugins/Runtime/OpenXR/Content/Devices/OculusTouch/BaseTexture.ubulk" 559
"../../../Engine/Plugins/Runtime/OpenXR/Content/Devices/OculusTouch/MI_OculusTouch.uasset" 560
"../../../Engine/Plugins/Runtime/OpenXR/Content/Devices/OculusTouch/MI_OculusTouch.uexp" 561
"../../../Engine/Plugins/Runtime/OpenXR/Content/Devices/OculusTouch/Left/left_OculusTouchController.uasset" 562
"../../../Engine/Plugins/Runtime/OpenXR/Content/Devices/OculusTouch/Left/left_OculusTouchController.uexp" 563
"../../../Engine/Plugins/Runtime/OpenXR/Content/Devices/OculusTouch/Right/right_OculusTouchController.uasset" 564
"../../../Engine/Plugins/Runtime/OpenXR/Content/Devices/OculusTouch/Right/right_OculusTouchController.uexp" 565
"../../../Engine/Plugins/Runtime/OpenXR/Content/Devices/OculusTouch_v2/MRTexture.uasset" 566
"../../../Engine/Plugins/Runtime/OpenXR/Content/Devices/OculusTouch_v2/MRTexture.uexp" 567
"../../../Engine/Plugins/Runtime/OpenXR/Content/Devices/OculusTouch_v2/MRTexture.ubulk" 568
"../../../Engine/Plugins/Runtime/OpenXR/Content/Devices/OculusTouch_v2/BaseTexture.uasset" 569
"../../../Engine/Plugins/Runtime/OpenXR/Content/Devices/OculusTouch_v2/BaseTexture.uexp" 570
"../../../Engine/Plugins/Runtime/OpenXR/Content/Devices/OculusTouch_v2/BaseTexture.ubulk" 571
"../../../Engine/Plugins/Runtime/OpenXR/Content/Devices/OculusTouch_v2/MI_OculusTouch_v2.uasset" 572
"../../../Engine/Plugins/Runtime/OpenXR/Content/Devices/OculusTouch_v2/MI_OculusTouch_v2.uexp" 573
"../../../Engine/Plugins/Runtime/OpenXR/Content/Devices/OculusTouch_v2/Left/left_OculusTouch_v2Controller.uasset" 574
"../../../Engine/Plugins/Runtime/OpenXR/Content/Devices/OculusTouch_v2/Left/left_OculusTouch_v2Controller.uexp" 575
"../../../Engine/Plugins/Runtime/OpenXR/Content/Devices/OculusTouch_v2/Right/right_OculusTouch_v2Controller.uasset" 576
"../../../Engine/Plugins/Runtime/OpenXR/Content/Devices/OculusTouch_v2/Right/right_OculusTouch_v2Controller.uexp" 577
"../../../Engine/Plugins/Runtime/OpenXR/Content/Devices/OculusTouch_v3/MRTexture.uasset" 578
"../../../Engine/Plugins/Runtime/OpenXR/Content/Devices/OculusTouch_v3/MRTexture.uexp" 579
"../../../Engine/Plugins/Runtime/OpenXR/Content/Devices/OculusTouch_v3/MRTexture.ubulk" 580
"../../../Engine/Plugins/Runtime/OpenXR/Content/Devices/OculusTouch_v3/BaseTexture.uasset" 581
"../../../Engine/Plugins/Runtime/OpenXR/Content/Devices/OculusTouch_v3/BaseTexture.uexp" 582
"../../../Engine/Plugins/Runtime/OpenXR/Content/Devices/OculusTouch_v3/BaseTexture.ubulk" 583
"../../../Engine/Plugins/Runtime/OpenXR/Content/Devices/OculusTouch_v3/MI_OculusTouch_v3.uasset" 584
"../../../Engine/Plugins/Runtime/OpenXR/Content/Devices/OculusTouch_v3/MI_OculusTouch_v3.uexp" 585
"../../../Engine/Plugins/Runtime/OpenXR/Content/Devices/OculusTouch_v3/Left/left_OculusTouch_v3Controller.uasset" 586
"../../../Engine/Plugins/Runtime/OpenXR/Content/Devices/OculusTouch_v3/Left/left_OculusTouch_v3Controller.uexp" 587
"../../../Engine/Plugins/Runtime/OpenXR/Content/Devices/OculusTouch_v3/Right/right_OculusTouch_v3Controller.uasset" 588
"../../../Engine/Plugins/Runtime/OpenXR/Content/Devices/OculusTouch_v3/Right/right_OculusTouch_v3Controller.uexp" 589
"../../../Engine/Plugins/Runtime/OpenXR/Content/Devices/ValveIndex/MRTexture.uasset" 590
"../../../Engine/Plugins/Runtime/OpenXR/Content/Devices/ValveIndex/MRTexture.uexp" 591
"../../../Engine/Plugins/Runtime/OpenXR/Content/Devices/ValveIndex/MRTexture.ubulk" 592
"../../../Engine/Plugins/Runtime/OpenXR/Content/Devices/ValveIndex/BaseTexture.uasset" 593
"../../../Engine/Plugins/Runtime/OpenXR/Content/Devices/ValveIndex/BaseTexture.uexp" 594
"../../../Engine/Plugins/Runtime/OpenXR/Content/Devices/ValveIndex/BaseTexture.ubulk" 595
"../../../Engine/Plugins/Runtime/OpenXR/Content/Devices/ValveIndex/Left/MI_left_ValveIndex.uasset" 596
"../../../Engine/Plugins/Runtime/OpenXR/Content/Devices/ValveIndex/Left/MI_left_ValveIndex.uexp" 597
"../../../Engine/Plugins/Runtime/OpenXR/Content/Devices/ValveIndex/Left/left_ValveIndexController.uasset" 598
"../../../Engine/Plugins/Runtime/OpenXR/Content/Devices/ValveIndex/Left/left_ValveIndexController.uexp" 599
"../../../Engine/Plugins/Runtime/OpenXR/Content/Devices/ValveIndex/Right/MI_right_ValveIndex.uasset" 600
"../../../Engine/Plugins/Runtime/OpenXR/Content/Devices/ValveIndex/Right/MI_right_ValveIndex.uexp" 601
"../../../Engine/Plugins/Runtime/OpenXR/Content/Devices/ValveIndex/Right/right_ValveIndexController.uasset" 602
"../../../Engine/Plugins/Runtime/OpenXR/Content/Devices/ValveIndex/Right/right_ValveIndexController.uexp" 603
"../../../Engine/Content/Functions/Engine_MaterialFunctions02/Utility/BreakOutFloat4Components.uasset" 604
"../../../Engine/Content/Functions/Engine_MaterialFunctions02/Utility/BreakOutFloat4Components.uexp" 605
"../../../Engine/Content/Functions/Engine_MaterialFunctions02/Utility/MakeFloat3.uasset" 606
"../../../Engine/Content/Functions/Engine_MaterialFunctions02/Utility/MakeFloat3.uexp" 607
"../../../Engine/Plugins/Runtime/Oculus/OculusVR/Content/Materials/OculusMR_ChromaKey.uasset" 608
"../../../Engine/Plugins/Runtime/Oculus/OculusVR/Content/Materials/OculusMR_ChromaKey.uexp" 609
"../../../Engine/Plugins/Runtime/Oculus/OculusVR/Content/Materials/OculusMR_OpaqueColoredMaterial.uasset" 610
"../../../Engine/Plugins/Runtime/Oculus/OculusVR/Content/Materials/OculusMR_OpaqueColoredMaterial.uexp" 611
"../../../Engine/Plugins/Runtime/Oculus/OculusVR/Content/Materials/PokeAHoleMaterial.uasset" 612
"../../../Engine/Plugins/Runtime/Oculus/OculusVR/Content/Materials/PokeAHoleMaterial.uexp" 613
"../../../Engine/Plugins/Runtime/Oculus/OculusVR/Content/Textures/touchController_controlmap.uasset" 614
"../../../Engine/Plugins/Runtime/Oculus/OculusVR/Content/Textures/touchController_controlmap.uexp" 615
"../../../Engine/Plugins/Runtime/Oculus/OculusVR/Content/Textures/touchController_controlmap.ubulk" 616
"../../../Engine/Plugins/Runtime/Oculus/OculusVR/Content/Textures/touchController_albedo.uasset" 617
"../../../Engine/Plugins/Runtime/Oculus/OculusVR/Content/Textures/touchController_albedo.uexp" 618
"../../../Engine/Plugins/Runtime/Oculus/OculusVR/Content/Textures/touchController_albedo.ubulk" 619
"../../../Engine/Plugins/Runtime/Oculus/OculusVR/Content/Materials/touchController_mat.uasset" 620
"../../../Engine/Plugins/Runtime/Oculus/OculusVR/Content/Materials/touchController_mat.uexp" 621
"../../../Engine/Plugins/Runtime/Oculus/OculusVR/Content/Meshes/LeftTouchController.uasset" 622
"../../../Engine/Plugins/Runtime/Oculus/OculusVR/Content/Meshes/LeftTouchController.uexp" 623
"../../../Engine/Plugins/Runtime/Oculus/OculusVR/Content/Textures/TouchForQuestRiftSController_albedo.uasset" 624
"../../../Engine/Plugins/Runtime/Oculus/OculusVR/Content/Textures/TouchForQuestRiftSController_albedo.uexp" 625
"../../../Engine/Plugins/Runtime/Oculus/OculusVR/Content/Textures/TouchForQuestRiftSController_albedo.ubulk" 626
"../../../Engine/Plugins/Runtime/Oculus/OculusVR/Content/Materials/TouchForQuestRiftSControllerMaterial.uasset" 627
"../../../Engine/Plugins/Runtime/Oculus/OculusVR/Content/Materials/TouchForQuestRiftSControllerMaterial.uexp" 628
"../../../Engine/Plugins/Runtime/Oculus/OculusVR/Content/Meshes/LeftTouchForQuestRiftSController.uasset" 629
"../../../Engine/Plugins/Runtime/Oculus/OculusVR/Content/Meshes/LeftTouchForQuestRiftSController.uexp" 630
"../../../Engine/Plugins/Runtime/Oculus/OculusVR/Content/Meshes/RiftHMD.uasset" 631
"../../../Engine/Plugins/Runtime/Oculus/OculusVR/Content/Meshes/RiftHMD.uexp" 632
"../../../Engine/Plugins/Runtime/Oculus/OculusVR/Content/Meshes/RightTouchController.uasset" 633
"../../../Engine/Plugins/Runtime/Oculus/OculusVR/Content/Meshes/RightTouchController.uexp" 634
"../../../Engine/Plugins/Runtime/Oculus/OculusVR/Content/Meshes/RightTouchForQuestRiftSController.uasset" 635
"../../../Engine/Plugins/Runtime/Oculus/OculusVR/Content/Meshes/RightTouchForQuestRiftSController.uexp" 636
"C:/Users/andre/Documents/University Stuff/Future Games/LD-EA Course/LD-EA Game/LD-EA-Assigmment/LD_EA_Assignment/Content/ArchPass_Assets/SM_Pass1_wall_outercorner_plain.uasset" 637
"C:/Users/andre/Documents/University Stuff/Future Games/LD-EA Course/LD-EA Game/LD-EA-Assigmment/LD_EA_Assignment/Content/ArchPass_Assets/SM_Pass1_wall_outercorner_plain.uexp" 638
"C:/Users/andre/Documents/University Stuff/Future Games/LD-EA Course/LD-EA Game/LD-EA-Assigmment/LD_EA_Assignment/Content/ArchPass_Assets/SM_Pass1_wall_outercorner.uasset" 639
"C:/Users/andre/Documents/University Stuff/Future Games/LD-EA Course/LD-EA Game/LD-EA-Assigmment/LD_EA_Assignment/Content/ArchPass_Assets/SM_Pass1_wall_outercorner.uexp" 640
"C:/Users/andre/Documents/University Stuff/Future Games/LD-EA Course/LD-EA Game/LD-EA-Assigmment/LD_EA_Assignment/Content/ArchPass_Assets/SM_Pass1_wall_innercorner_plain.uasset" 641
"C:/Users/andre/Documents/University Stuff/Future Games/LD-EA Course/LD-EA Game/LD-EA-Assigmment/LD_EA_Assignment/Content/ArchPass_Assets/SM_Pass1_wall_innercorner_plain.uexp" 642
"C:/Users/andre/Documents/University Stuff/Future Games/LD-EA Course/LD-EA Game/LD-EA-Assigmment/LD_EA_Assignment/Content/ArchPass_Assets/SM_Pass1_wall_innercorner.uasset" 643
"C:/Users/andre/Documents/University Stuff/Future Games/LD-EA Course/LD-EA Game/LD-EA-Assigmment/LD_EA_Assignment/Content/ArchPass_Assets/SM_Pass1_wall_innercorner.uexp" 644
"C:/Users/andre/Documents/University Stuff/Future Games/LD-EA Course/LD-EA Game/LD-EA-Assigmment/LD_EA_Assignment/Content/ArchPass_Assets/SM_Pass1_wall_door_bottom_large.uasset" 645
"C:/Users/andre/Documents/University Stuff/Future Games/LD-EA Course/LD-EA Game/LD-EA-Assigmment/LD_EA_Assignment/Content/ArchPass_Assets/SM_Pass1_wall_door_bottom_large.uexp" 646
"C:/Users/andre/Documents/University Stuff/Future Games/LD-EA Course/LD-EA Game/LD-EA-Assigmment/LD_EA_Assignment/Content/ArchPass_Assets/SM_Pass1_wall_2way_window.uasset" 647
"C:/Users/andre/Documents/University Stuff/Future Games/LD-EA Course/LD-EA Game/LD-EA-Assigmment/LD_EA_Assignment/Content/ArchPass_Assets/SM_Pass1_wall_2way_window.uexp" 648
"C:/Users/andre/Documents/University Stuff/Future Games/LD-EA Course/LD-EA Game/LD-EA-Assigmment/LD_EA_Assignment/Content/ArchPass_Assets/SM_Pass1_wall_2way_plain.uasset" 649
"C:/Users/andre/Documents/University Stuff/Future Games/LD-EA Course/LD-EA Game/LD-EA-Assigmment/LD_EA_Assignment/Content/ArchPass_Assets/SM_Pass1_wall_2way_plain.uexp" 650
"C:/Users/andre/Documents/University Stuff/Future Games/LD-EA Course/LD-EA Game/LD-EA-Assigmment/LD_EA_Assignment/Content/ArchPass_Assets/SM_Pass1_wall_2way_bottom.uasset" 651
"C:/Users/andre/Documents/University Stuff/Future Games/LD-EA Course/LD-EA Game/LD-EA-Assigmment/LD_EA_Assignment/Content/ArchPass_Assets/SM_Pass1_wall_2way_bottom.uexp" 652
"C:/Users/andre/Documents/University Stuff/Future Games/LD-EA Course/LD-EA Game/LD-EA-Assigmment/LD_EA_Assignment/Content/ArchPass_Assets/SM_Pass1_wall_1way_plain.uasset" 653
"C:/Users/andre/Documents/University Stuff/Future Games/LD-EA Course/LD-EA Game/LD-EA-Assigmment/LD_EA_Assignment/Content/ArchPass_Assets/SM_Pass1_wall_1way_plain.uexp" 654
"C:/Users/andre/Documents/University Stuff/Future Games/LD-EA Course/LD-EA Game/LD-EA-Assigmment/LD_EA_Assignment/Content/ArchPass_Assets/SM_Pass1_stairs_2by2.uasset" 655
"C:/Users/andre/Documents/University Stuff/Future Games/LD-EA Course/LD-EA Game/LD-EA-Assigmment/LD_EA_Assignment/Content/ArchPass_Assets/SM_Pass1_stairs_2by2.uexp" 656
"C:/Users/andre/Documents/University Stuff/Future Games/LD-EA Course/LD-EA Game/LD-EA-Assigmment/LD_EA_Assignment/Content/ArchPass_Assets/SM_Pass1_roof_corner.uasset" 657
"C:/Users/andre/Documents/University Stuff/Future Games/LD-EA Course/LD-EA Game/LD-EA-Assigmment/LD_EA_Assignment/Content/ArchPass_Assets/SM_Pass1_roof_corner.uexp" 658
"C:/Users/andre/Documents/University Stuff/Future Games/LD-EA Course/LD-EA Game/LD-EA-Assigmment/LD_EA_Assignment/Content/ArchPass_Assets/SM_Pass1_roof_beam.uasset" 659
"C:/Users/andre/Documents/University Stuff/Future Games/LD-EA Course/LD-EA Game/LD-EA-Assigmment/LD_EA_Assignment/Content/ArchPass_Assets/SM_Pass1_roof_beam.uexp" 660
"C:/Users/andre/Documents/University Stuff/Future Games/LD-EA Course/LD-EA Game/LD-EA-Assigmment/LD_EA_Assignment/Content/ArchPass_Assets/SM_Pass1_railing_outercorner.uasset" 661
"C:/Users/andre/Documents/University Stuff/Future Games/LD-EA Course/LD-EA Game/LD-EA-Assigmment/LD_EA_Assignment/Content/ArchPass_Assets/SM_Pass1_railing_outercorner.uexp" 662
"C:/Users/andre/Documents/University Stuff/Future Games/LD-EA Course/LD-EA Game/LD-EA-Assigmment/LD_EA_Assignment/Content/ArchPass_Assets/SM_Pass1_railing_innercorner.uasset" 663
"C:/Users/andre/Documents/University Stuff/Future Games/LD-EA Course/LD-EA Game/LD-EA-Assigmment/LD_EA_Assignment/Content/ArchPass_Assets/SM_Pass1_railing_innercorner.uexp" 664
"C:/Users/andre/Documents/University Stuff/Future Games/LD-EA Course/LD-EA Game/LD-EA-Assigmment/LD_EA_Assignment/Content/ArchPass_Assets/SM_Pass1_railing.uasset" 665
"C:/Users/andre/Documents/University Stuff/Future Games/LD-EA Course/LD-EA Game/LD-EA-Assigmment/LD_EA_Assignment/Content/ArchPass_Assets/SM_Pass1_railing.uexp" 666
"C:/Users/andre/Documents/University Stuff/Future Games/LD-EA Course/LD-EA Game/LD-EA-Assigmment/LD_EA_Assignment/Content/ArchPass_Assets/SM_Pass1_pillar.uasset" 667
"C:/Users/andre/Documents/University Stuff/Future Games/LD-EA Course/LD-EA Game/LD-EA-Assigmment/LD_EA_Assignment/Content/ArchPass_Assets/SM_Pass1_pillar.uexp" 668
"C:/Users/andre/Documents/University Stuff/Future Games/LD-EA Course/LD-EA Game/LD-EA-Assigmment/LD_EA_Assignment/Content/ArchPass_Assets/SM_Pass1_floor_4x4.uasset" 669
"C:/Users/andre/Documents/University Stuff/Future Games/LD-EA Course/LD-EA Game/LD-EA-Assigmment/LD_EA_Assignment/Content/ArchPass_Assets/SM_Pass1_floor_4x4.uexp" 670
"C:/Users/andre/Documents/University Stuff/Future Games/LD-EA Course/LD-EA Game/LD-EA-Assigmment/LD_EA_Assignment/Content/ArchPass_Assets/pasted__lambert4.uasset" 671
"C:/Users/andre/Documents/University Stuff/Future Games/LD-EA Course/LD-EA Game/LD-EA-Assigmment/LD_EA_Assignment/Content/ArchPass_Assets/pasted__lambert4.uexp" 672
"C:/Users/andre/Documents/University Stuff/Future Games/LD-EA Course/LD-EA Game/LD-EA-Assigmment/LD_EA_Assignment/Content/ArchPass_Assets/SM_Pass1_floor_2x4.uasset" 673
"C:/Users/andre/Documents/University Stuff/Future Games/LD-EA Course/LD-EA Game/LD-EA-Assigmment/LD_EA_Assignment/Content/ArchPass_Assets/SM_Pass1_floor_2x4.uexp" 674
"C:/Users/andre/Documents/University Stuff/Future Games/LD-EA Course/LD-EA Game/LD-EA-Assigmment/LD_EA_Assignment/Content/ArchPass_Assets/pasted__pasted__lambert3.uasset" 675
"C:/Users/andre/Documents/University Stuff/Future Games/LD-EA Course/LD-EA Game/LD-EA-Assigmment/LD_EA_Assignment/Content/ArchPass_Assets/pasted__pasted__lambert3.uexp" 676
"C:/Users/andre/Documents/University Stuff/Future Games/LD-EA Course/LD-EA Game/LD-EA-Assigmment/LD_EA_Assignment/Content/ArchPass_Assets/SM_Pass1_floor_2x2.uasset" 677
"C:/Users/andre/Documents/University Stuff/Future Games/LD-EA Course/LD-EA Game/LD-EA-Assigmment/LD_EA_Assignment/Content/ArchPass_Assets/SM_Pass1_floor_2x2.uexp" 678
"C:/Users/andre/Documents/University Stuff/Future Games/LD-EA Course/LD-EA Game/LD-EA-Assigmment/LD_EA_Assignment/Content/ArchPass_Assets/pasted__pasted__lambert4.uasset" 679
"C:/Users/andre/Documents/University Stuff/Future Games/LD-EA Course/LD-EA Game/LD-EA-Assigmment/LD_EA_Assignment/Content/ArchPass_Assets/pasted__pasted__lambert4.uexp" 680
"C:/Users/andre/Documents/University Stuff/Future Games/LD-EA Course/LD-EA Game/LD-EA-Assigmment/LD_EA_Assignment/Content/ArchPass_Assets/SM_Pass1_floor_1x3.uasset" 681
"C:/Users/andre/Documents/University Stuff/Future Games/LD-EA Course/LD-EA Game/LD-EA-Assigmment/LD_EA_Assignment/Content/ArchPass_Assets/SM_Pass1_floor_1x3.uexp" 682
"C:/Users/andre/Documents/University Stuff/Future Games/LD-EA Course/LD-EA Game/LD-EA-Assigmment/LD_EA_Assignment/Content/ArchPass_Assets/SM_Pass1_floor_1x2.uasset" 683
"C:/Users/andre/Documents/University Stuff/Future Games/LD-EA Course/LD-EA Game/LD-EA-Assigmment/LD_EA_Assignment/Content/ArchPass_Assets/SM_Pass1_floor_1x2.uexp" 684
"C:/Users/andre/Documents/University Stuff/Future Games/LD-EA Course/LD-EA Game/LD-EA-Assigmment/LD_EA_Assignment/Content/ArchPass_Assets/SM_Pass1_desk.uasset" 685
"C:/Users/andre/Documents/University Stuff/Future Games/LD-EA Course/LD-EA Game/LD-EA-Assigmment/LD_EA_Assignment/Content/ArchPass_Assets/SM_Pass1_desk.uexp" 686
"C:/Users/andre/Documents/University Stuff/Future Games/LD-EA Course/LD-EA Game/LD-EA-Assigmment/LD_EA_Assignment/Content/ArchPass_Assets/SM_Pass1_bookshelf.uasset" 687
"C:/Users/andre/Documents/University Stuff/Future Games/LD-EA Course/LD-EA Game/LD-EA-Assigmment/LD_EA_Assignment/Content/ArchPass_Assets/SM_Pass1_bookshelf.uexp" 688
"../../../Engine/Content/EngineSky/T_Sky_Stars.uasset" 689
"../../../Engine/Content/EngineSky/T_Sky_Stars.uexp" 690
"../../../Engine/Content/EngineSky/T_Sky_Stars.ubulk" 691
"../../../Engine/Content/EngineSky/T_Sky_Clouds_M.uasset" 692
"../../../Engine/Content/EngineSky/T_Sky_Clouds_M.uexp" 693
"../../../Engine/Content/EngineSky/T_Sky_Clouds_M.ubulk" 694
"../../../Engine/Content/EngineSky/T_Sky_Blue.uasset" 695
"../../../Engine/Content/EngineSky/T_Sky_Blue.uexp" 696
"../../../Engine/Content/EngineSky/T_Sky_Blue.ubulk" 697
"../../../Engine/Content/EngineSky/M_Sky_Panning_Clouds2.uasset" 698
"../../../Engine/Content/EngineSky/M_Sky_Panning_Clouds2.uexp" 699
"C:/Users/andre/Documents/University Stuff/Future Games/LD-EA Course/LD-EA Game/LD-EA-Assigmment/LD_EA_Assignment/Content/ArchPass_Assets/SM_Pass1_wall_1way_bottom.uasset" 700
"C:/Users/andre/Documents/University Stuff/Future Games/LD-EA Course/LD-EA Game/LD-EA-Assigmment/LD_EA_Assignment/Content/ArchPass_Assets/SM_Pass1_wall_1way_bottom.uexp" 701
"C:/Users/andre/Documents/University Stuff/Future Games/LD-EA Course/LD-EA Game/LD-EA-Assigmment/LD_EA_Assignment/Content/TheKeepLevel_BuiltData.uasset" 702
"C:/Users/andre/Documents/University Stuff/Future Games/LD-EA Course/LD-EA Game/LD-EA-Assigmment/LD_EA_Assignment/Content/TheKeepLevel_BuiltData.uexp" 703
"../../../Engine/Content/EngineSky/SM_SkySphere.uasset" 704
"../../../Engine/Content/EngineSky/SM_SkySphere.uexp" 705
"../../../Engine/Content/EngineSky/C_Sky_Zenith_Color.uasset" 706
"../../../Engine/Content/EngineSky/C_Sky_Zenith_Color.uexp" 707
"../../../Engine/Content/EngineSky/C_Sky_Horizon_Color.uasset" 708
"../../../Engine/Content/EngineSky/C_Sky_Horizon_Color.uexp" 709
"../../../Engine/Content/EngineSky/C_Sky_Cloud_Color.uasset" 710
"../../../Engine/Content/EngineSky/C_Sky_Cloud_Color.uexp" 711
"../../../Engine/Content/EngineSky/BP_Sky_Sphere.uasset" 712
"../../../Engine/Content/EngineSky/BP_Sky_Sphere.uexp" 713
"C:/Users/andre/Documents/University Stuff/Future Games/LD-EA Course/LD-EA Game/LD-EA-Assigmment/LD_EA_Assignment/Content/TheKeepLevel.uexp" 714
"C:/Users/andre/Documents/University Stuff/Future Games/LD-EA Course/LD-EA Game/LD-EA-Assigmment/LD_EA_Assignment/Content/TheKeepLevel.umap" 715
"C:/Users/andre/Documents/University Stuff/Future Games/LD-EA Course/LD-EA Game/LD-EA-Assigmment/LD_EA_Assignment/Content/LDK_Assets/SM_LDK2_wall_outercorner.uasset" 716
"C:/Users/andre/Documents/University Stuff/Future Games/LD-EA Course/LD-EA Game/LD-EA-Assigmment/LD_EA_Assignment/Content/LDK_Assets/SM_LDK2_wall_outercorner.uexp" 717
"C:/Users/andre/Documents/University Stuff/Future Games/LD-EA Course/LD-EA Game/LD-EA-Assigmment/LD_EA_Assignment/Content/LDK_Assets/SM_LDK2_wall_innercorner.uasset" 718
"C:/Users/andre/Documents/University Stuff/Future Games/LD-EA Course/LD-EA Game/LD-EA-Assigmment/LD_EA_Assignment/Content/LDK_Assets/SM_LDK2_wall_innercorner.uexp" 719
"C:/Users/andre/Documents/University Stuff/Future Games/LD-EA Course/LD-EA Game/LD-EA-Assigmment/LD_EA_Assignment/Content/LDK_Assets/SM_LDK2_wall_4by4.uasset" 720
"C:/Users/andre/Documents/University Stuff/Future Games/LD-EA Course/LD-EA Game/LD-EA-Assigmment/LD_EA_Assignment/Content/LDK_Assets/SM_LDK2_wall_4by4.uexp" 721
"C:/Users/andre/Documents/University Stuff/Future Games/LD-EA Course/LD-EA Game/LD-EA-Assigmment/LD_EA_Assignment/Content/LDK_Assets/SM_LDK2_wall_400.uasset" 722
"C:/Users/andre/Documents/University Stuff/Future Games/LD-EA Course/LD-EA Game/LD-EA-Assigmment/LD_EA_Assignment/Content/LDK_Assets/SM_LDK2_wall_400.uexp" 723
"C:/Users/andre/Documents/University Stuff/Future Games/LD-EA Course/LD-EA Game/LD-EA-Assigmment/LD_EA_Assignment/Content/LDK_Assets/SM_LDK2_wall_100.uasset" 724
"C:/Users/andre/Documents/University Stuff/Future Games/LD-EA Course/LD-EA Game/LD-EA-Assigmment/LD_EA_Assignment/Content/LDK_Assets/SM_LDK2_wall_100.uexp" 725
"C:/Users/andre/Documents/University Stuff/Future Games/LD-EA Course/LD-EA Game/LD-EA-Assigmment/LD_EA_Assignment/Content/LDK_Assets/SM_LDK2_stairs_2.uasset" 726
"C:/Users/andre/Documents/University Stuff/Future Games/LD-EA Course/LD-EA Game/LD-EA-Assigmment/LD_EA_Assignment/Content/LDK_Assets/SM_LDK2_stairs_2.uexp" 727
"C:/Users/andre/Documents/University Stuff/Future Games/LD-EA Course/LD-EA Game/LD-EA-Assigmment/LD_EA_Assignment/Content/LDK_Assets/SM_LDK2_stairs_1.uasset" 728
"C:/Users/andre/Documents/University Stuff/Future Games/LD-EA Course/LD-EA Game/LD-EA-Assigmment/LD_EA_Assignment/Content/LDK_Assets/SM_LDK2_stairs_1.uexp" 729
"C:/Users/andre/Documents/University Stuff/Future Games/LD-EA Course/LD-EA Game/LD-EA-Assigmment/LD_EA_Assignment/Content/LDK_Assets/SM_LDK2_floor_4x4.uasset" 730
"C:/Users/andre/Documents/University Stuff/Future Games/LD-EA Course/LD-EA Game/LD-EA-Assigmment/LD_EA_Assignment/Content/LDK_Assets/SM_LDK2_floor_4x4.uexp" 731
"C:/Users/andre/Documents/University Stuff/Future Games/LD-EA Course/LD-EA Game/LD-EA-Assigmment/LD_EA_Assignment/Content/LDK_Assets/SM_LDK2_floor_2x4.uasset" 732
"C:/Users/andre/Documents/University Stuff/Future Games/LD-EA Course/LD-EA Game/LD-EA-Assigmment/LD_EA_Assignment/Content/LDK_Assets/SM_LDK2_floor_2x4.uexp" 733
"C:/Users/andre/Documents/University Stuff/Future Games/LD-EA Course/LD-EA Game/LD-EA-Assigmment/LD_EA_Assignment/Content/LDK_Assets/SM_LDK2_floor_2x2.uasset" 734
"C:/Users/andre/Documents/University Stuff/Future Games/LD-EA Course/LD-EA Game/LD-EA-Assigmment/LD_EA_Assignment/Content/LDK_Assets/SM_LDK2_floor_2x2.uexp" 735
"C:/Users/andre/Documents/University Stuff/Future Games/LD-EA Course/LD-EA Game/LD-EA-Assigmment/LD_EA_Assignment/Content/LDK_Assets/SM_LDK2_floor_1x2.uasset" 736
"C:/Users/andre/Documents/University Stuff/Future Games/LD-EA Course/LD-EA Game/LD-EA-Assigmment/LD_EA_Assignment/Content/LDK_Assets/SM_LDK2_floor_1x2.uexp" 737
"C:/Users/andre/Documents/University Stuff/Future Games/LD-EA Course/LD-EA Game/LD-EA-Assigmment/LD_EA_Assignment/Content/LDK_Assets/SM_LDK2_door_2way_door.uasset" 738
"C:/Users/andre/Documents/University Stuff/Future Games/LD-EA Course/LD-EA Game/LD-EA-Assigmment/LD_EA_Assignment/Content/LDK_Assets/SM_LDK2_door_2way_door.uexp" 739
"C:/Users/andre/Documents/University Stuff/Future Games/LD-EA Course/LD-EA Game/LD-EA-Assigmment/LD_EA_Assignment/Content/LDK_Assets/SM_LDK2_door_2way.uasset" 740
"C:/Users/andre/Documents/University Stuff/Future Games/LD-EA Course/LD-EA Game/LD-EA-Assigmment/LD_EA_Assignment/Content/LDK_Assets/SM_LDK2_door_2way.uexp" 741
"C:/Users/andre/Documents/University Stuff/Future Games/LD-EA Course/LD-EA Game/LD-EA-Assigmment/LD_EA_Assignment/Content/TheLDKBlockout.uexp" 742
"C:/Users/andre/Documents/University Stuff/Future Games/LD-EA Course/LD-EA Game/LD-EA-Assigmment/LD_EA_Assignment/Content/TheLDKBlockout.umap" 743
"C:/Users/andre/Documents/University Stuff/Future Games/LD-EA Course/LD-EA Game/LD-EA-Assigmment/LD_EA_Assignment/Content/ThirdPerson/Meshes/RampMaterial.uasset" 744
"C:/Users/andre/Documents/University Stuff/Future Games/LD-EA Course/LD-EA Game/LD-EA-Assigmment/LD_EA_Assignment/Content/ThirdPerson/Meshes/RampMaterial.uexp" 745
"C:/Users/andre/Documents/University Stuff/Future Games/LD-EA Course/LD-EA Game/LD-EA-Assigmment/LD_EA_Assignment/Content/ThirdPerson/Meshes/RightArm_StaticMesh.uasset" 746
"C:/Users/andre/Documents/University Stuff/Future Games/LD-EA Course/LD-EA Game/LD-EA-Assigmment/LD_EA_Assignment/Content/ThirdPerson/Meshes/RightArm_StaticMesh.uexp" 747
"C:/Users/andre/Documents/University Stuff/Future Games/LD-EA Course/LD-EA Game/LD-EA-Assigmment/LD_EA_Assignment/Content/ThirdPerson/Meshes/Ramp_StaticMesh.uasset" 748
"C:/Users/andre/Documents/University Stuff/Future Games/LD-EA Course/LD-EA Game/LD-EA-Assigmment/LD_EA_Assignment/Content/ThirdPerson/Meshes/Ramp_StaticMesh.uexp" 749
"C:/Users/andre/Documents/University Stuff/Future Games/LD-EA Course/LD-EA Game/LD-EA-Assigmment/LD_EA_Assignment/Content/ThirdPerson/Meshes/Linear_Stair_StaticMesh.uasset" 750
"C:/Users/andre/Documents/University Stuff/Future Games/LD-EA Course/LD-EA Game/LD-EA-Assigmment/LD_EA_Assignment/Content/ThirdPerson/Meshes/Linear_Stair_StaticMesh.uexp" 751
"C:/Users/andre/Documents/University Stuff/Future Games/LD-EA Course/LD-EA Game/LD-EA-Assigmment/LD_EA_Assignment/Content/ThirdPerson/Meshes/LeftArm_StaticMesh.uasset" 752
"C:/Users/andre/Documents/University Stuff/Future Games/LD-EA Course/LD-EA Game/LD-EA-Assigmment/LD_EA_Assignment/Content/ThirdPerson/Meshes/LeftArm_StaticMesh.uexp" 753
"C:/Users/andre/Documents/University Stuff/Future Games/LD-EA Course/LD-EA Game/LD-EA-Assigmment/LD_EA_Assignment/Content/ThirdPerson/Meshes/Bump_StaticMesh.uasset" 754
"C:/Users/andre/Documents/University Stuff/Future Games/LD-EA Course/LD-EA Game/LD-EA-Assigmment/LD_EA_Assignment/Content/ThirdPerson/Meshes/Bump_StaticMesh.uexp" 755
"C:/Users/andre/Documents/University Stuff/Future Games/LD-EA Course/LD-EA Game/LD-EA-Assigmment/LD_EA_Assignment/Content/Geometry/Meshes/CubeMaterial.uasset" 756
"C:/Users/andre/Documents/University Stuff/Future Games/LD-EA Course/LD-EA Game/LD-EA-Assigmment/LD_EA_Assignment/Content/Geometry/Meshes/CubeMaterial.uexp" 757
"C:/Users/andre/Documents/University Stuff/Future Games/LD-EA Course/LD-EA Game/LD-EA-Assigmment/LD_EA_Assignment/Content/Geometry/Meshes/TemplateFloor.uasset" 758
"C:/Users/andre/Documents/University Stuff/Future Games/LD-EA Course/LD-EA Game/LD-EA-Assigmment/LD_EA_Assignment/Content/Geometry/Meshes/TemplateFloor.uexp" 759
"C:/Users/andre/Documents/University Stuff/Future Games/LD-EA Course/LD-EA Game/LD-EA-Assigmment/LD_EA_Assignment/Content/Geometry/Meshes/1M_Cube_Chamfer.uasset" 760
"C:/Users/andre/Documents/University Stuff/Future Games/LD-EA Course/LD-EA Game/LD-EA-Assigmment/LD_EA_Assignment/Content/Geometry/Meshes/1M_Cube_Chamfer.uexp" 761
"C:/Users/andre/Documents/University Stuff/Future Games/LD-EA Course/LD-EA Game/LD-EA-Assigmment/LD_EA_Assignment/Content/Geometry/Meshes/1M_Cube.uasset" 762
"C:/Users/andre/Documents/University Stuff/Future Games/LD-EA Course/LD-EA Game/LD-EA-Assigmment/LD_EA_Assignment/Content/Geometry/Meshes/1M_Cube.uexp" 763
"C:/Users/andre/Documents/University Stuff/Future Games/LD-EA Course/LD-EA Game/LD-EA-Assigmment/LD_EA_Assignment/Content/ThirdPersonBP/Maps/ThirdPersonExampleMap.uexp" 764
"C:/Users/andre/Documents/University Stuff/Future Games/LD-EA Course/LD-EA Game/LD-EA-Assigmment/LD_EA_Assignment/Content/ThirdPersonBP/Maps/ThirdPersonExampleMap.umap" 765
"../../../Engine/Content/Maps/Entry_BuiltData.uasset" 766
"../../../Engine/Content/Maps/Entry_BuiltData.uexp" 767
"../../../Engine/Content/Maps/Entry.uexp" 768
"../../../Engine/Content/Maps/Entry.umap" 769
